2026-03-11 16:46:03,791 [INFO] Activator:176 - 


2026-03-11 16:46:04,035 [INFO] Activator:177 - !SESSION log4j initialized
2026-03-11 16:46:13,026 [INFO] LogOutputStream:77 - [STDOUT_REDIRECT] 
2026-03-11 16:46:22,945 [INFO] ApplicationProperties:184 - Using Application install path: C:\STM\STM32CubeIDE_1.19.0\STM32CubeIDE\plugins\com.st.stm32cube.common.mx_6.15.0.202507011659
2026-03-11 16:46:22,979 [INFO] DbMcusXml:78 - Set database path to: C:\STM\STM32CubeIDE_1.19.0\STM32CubeIDE\plugins\com.st.stm32cube.common.mx_6.15.0.202507011659\\db\/mcu/
2026-03-11 16:46:22,979 [INFO] ApiDb:274 - Set plugin database path to: C:\STM\STM32CubeIDE_1.19.0\STM32CubeIDE\plugins\com.st.stm32cube.common.mx_6.15.0.202507011659\\db\/plugins/boardmanager/
2026-03-11 16:46:22,998 [WARN] ApiDb:259 - Overriding images path with different value:  => C:\STM\STM32CubeIDE_1.19.0\STM32CubeIDE\plugins\com.st.stm32cube.common.mx_6.15.0.202507011659\\db\/plugins/mcufinder/images/
2026-03-11 16:46:23,007 [INFO] ApiDb:250 - Set database path to: C:\Users\Atreya\.stmcufinder\plugins\mcufinder//mcu/
2026-03-11 16:46:23,011 [INFO] DbMcusAds:125 - Set database path to: C:\Users\Atreya\.stmcufinder\plugins\mcufinder//mcu/
2026-03-11 16:46:23,015 [INFO] CrossReferenceDbSqlite:203 - Set database path to: C:\Users\Atreya\.stmcufinder\plugins\mcufinder//mcu/cs/
2026-03-11 16:46:23,180 [INFO] RulesReader:64 - Compatibility file has been processed (317 Rules)
2026-03-11 16:46:23,292 [INFO] DbMcusXml:78 - Set database path to: C:\STM\STM32CubeIDE_1.19.0\STM32CubeIDE\plugins\com.st.stm32cube.common.mx_6.15.0.202507011659\\db\/mcu/
2026-03-11 16:46:23,292 [INFO] ApiDb:274 - Set plugin database path to: C:\STM\STM32CubeIDE_1.19.0\STM32CubeIDE\plugins\com.st.stm32cube.common.mx_6.15.0.202507011659\\db\/plugins/boardmanager/
2026-03-11 16:46:23,292 [INFO] ApiDb:261 - Set plugin images path to: C:\STM\STM32CubeIDE_1.19.0\STM32CubeIDE\plugins\com.st.stm32cube.common.mx_6.15.0.202507011659\\db\/plugins/mcufinder/images/
2026-03-11 16:46:23,292 [WARN] DbFile:41 - Overriding database path with different value: C:\Users\Atreya\.stmcufinder\plugins\mcufinder/ => C:\Users\Atreya\.stmcufinder\plugins\mcufinder
2026-03-11 16:46:23,292 [INFO] ApiDb:250 - Set database path to: C:\Users\Atreya\.stmcufinder\plugins\mcufinder//mcu/
2026-03-11 16:46:23,293 [WARN] DbFile:41 - Overriding database path with different value: C:\Users\Atreya\.stmcufinder\plugins\mcufinder/ => C:\Users\Atreya\.stmcufinder\plugins\mcufinder
2026-03-11 16:46:23,293 [INFO] DbMcusAds:125 - Set database path to: C:\Users\Atreya\.stmcufinder\plugins\mcufinder//mcu/
2026-03-11 16:46:23,293 [WARN] DbFile:41 - Overriding database path with different value: C:\Users\Atreya\.stmcufinder\plugins\mcufinder/ => C:\Users\Atreya\.stmcufinder\plugins\mcufinder
2026-03-11 16:46:23,293 [WARN] DbFile:41 - Overriding database path with different value: C:\Users\Atreya\.stmcufinder\plugins\mcufinder/ => C:\Users\Atreya\.stmcufinder\plugins\mcufinder
2026-03-11 16:46:23,293 [INFO] CrossReferenceDbSqlite:203 - Set database path to: C:\Users\Atreya\.stmcufinder\plugins\mcufinder//mcu/cs/
2026-03-11 16:46:23,408 [INFO] MainPanel:274 - HeapMemory: 268435456
2026-03-11 16:46:23,589 [INFO] DbMcusXml:78 - Set database path to: C:\STM\STM32CubeIDE_1.19.0\STM32CubeIDE\plugins\com.st.stm32cube.common.mx_6.15.0.202507011659\\db\/mcu/
2026-03-11 16:46:23,589 [INFO] ApiDb:274 - Set plugin database path to: C:\STM\STM32CubeIDE_1.19.0\STM32CubeIDE\plugins\com.st.stm32cube.common.mx_6.15.0.202507011659\\db\/plugins/boardmanager/
2026-03-11 16:46:23,590 [INFO] ApiDb:261 - Set plugin images path to: C:\STM\STM32CubeIDE_1.19.0\STM32CubeIDE\plugins\com.st.stm32cube.common.mx_6.15.0.202507011659\\db\/plugins/mcufinder/images/
2026-03-11 16:46:23,590 [WARN] DbFile:41 - Overriding database path with different value: C:\Users\Atreya\.stmcufinder\plugins\mcufinder/ => C:\Users\Atreya\.stmcufinder\plugins\mcufinder
2026-03-11 16:46:23,590 [INFO] ApiDb:250 - Set database path to: C:\Users\Atreya\.stmcufinder\plugins\mcufinder//mcu/
2026-03-11 16:46:23,609 [WARN] DbFile:41 - Overriding database path with different value: C:\Users\Atreya\.stmcufinder\plugins\mcufinder/ => C:\Users\Atreya\.stmcufinder\plugins\mcufinder
2026-03-11 16:46:23,609 [INFO] DbMcusAds:125 - Set database path to: C:\Users\Atreya\.stmcufinder\plugins\mcufinder//mcu/
2026-03-11 16:46:23,610 [WARN] DbFile:41 - Overriding database path with different value: C:\Users\Atreya\.stmcufinder\plugins\mcufinder/ => C:\Users\Atreya\.stmcufinder\plugins\mcufinder
2026-03-11 16:46:23,610 [WARN] DbFile:41 - Overriding database path with different value: C:\Users\Atreya\.stmcufinder\plugins\mcufinder/ => C:\Users\Atreya\.stmcufinder\plugins\mcufinder
2026-03-11 16:46:23,610 [INFO] CrossReferenceDbSqlite:203 - Set database path to: C:\Users\Atreya\.stmcufinder\plugins\mcufinder//mcu/cs/
2026-03-11 16:46:23,652 [INFO] ApplicationProperties:184 - Using Application install path: C:\STM\STM32CubeIDE_1.19.0\STM32CubeIDE\plugins\com.st.stm32cube.common.mx_6.15.0.202507011659
2026-03-11 16:46:23,653 [INFO] PluginManage:196 - Search for loadable plugins [exclusion list=, ]
2026-03-11 16:46:23,657 [INFO] PluginManage:310 - Check plugin analytics
2026-03-11 16:46:28,887 [INFO] AnalyticsPlugin:253 - Accepted Software Licenses: 
2026-03-11 16:46:28,887 [INFO] AnalyticsPlugin:255 - Accepted CMSIS Pack Licenses: 
2026-03-11 16:46:28,887 [INFO] AnalyticsPlugin:257 - Accepted Firmware Licenses: FW.F4.1.28.0
2026-03-11 16:46:28,890 [INFO] PluginManage:359 - Loaded plugin analytics (category:tool,tabindex:-1)
2026-03-11 16:46:28,890 [INFO] PluginManage:310 - Check plugin cadmodel
2026-03-11 16:46:28,900 [INFO] CADModel:105 - Init CAD model plugin
2026-03-11 16:46:28,900 [INFO] PluginManage:359 - Loaded plugin cadmodel (category:power,tabindex:5)
2026-03-11 16:46:28,900 [INFO] PluginManage:310 - Check plugin clock
2026-03-11 16:46:28,910 [INFO] PluginManage:359 - Loaded plugin clock (category:base,tabindex:2)
2026-03-11 16:46:28,910 [INFO] PluginManage:310 - Check plugin ddr
2026-03-11 16:46:28,910 [INFO] PluginManage:359 - Loaded plugin ddr (category:tool,tabindex:6)
2026-03-11 16:46:28,916 [INFO] PluginManage:310 - Check plugin filemanager
2026-03-11 16:46:29,266 [INFO] PluginManage:359 - Loaded plugin filemanager (category:base,tabindex:10)
2026-03-11 16:46:29,267 [INFO] PluginManage:310 - Check plugin ipmanager
2026-03-11 16:46:29,278 [INFO] PluginManage:359 - Loaded plugin ipmanager (category:base,tabindex:5)
2026-03-11 16:46:29,278 [INFO] PluginManage:310 - Check plugin lpbam
2026-03-11 16:46:29,291 [INFO] PluginManage:359 - Loaded plugin lpbam (category:base,tabindex:0)
2026-03-11 16:46:29,291 [INFO] PluginManage:310 - Check plugin memorymap
2026-03-11 16:46:29,316 [INFO] PluginManage:359 - Loaded plugin memorymap (category:base,tabindex:4)
2026-03-11 16:46:29,317 [INFO] PluginManage:310 - Check plugin pinoutandconfiguration
2026-03-11 16:46:29,333 [INFO] PluginManage:359 - Loaded plugin pinoutandconfiguration (category:base,tabindex:1)
2026-03-11 16:46:29,333 [INFO] PluginManage:310 - Check plugin pinoutconfig
2026-03-11 16:46:29,483 [WARN] SupportedApi:132 - Cannot load RTOS API schema: s4s-elt-must-match.1: The content of 'definitions' must match (annotation?, (simpleType | complexType)?, (unique | key | keyref)*)). A problem was found starting at: attribute.
2026-03-11 16:46:29,691 [INFO] PluginManage:359 - Loaded plugin pinoutconfig (category:base,tabindex:0)
2026-03-11 16:46:29,691 [INFO] PluginManage:310 - Check plugin power
2026-03-11 16:46:29,710 [INFO] PluginManage:359 - Loaded plugin power (category:power,tabindex:4)
2026-03-11 16:46:29,711 [INFO] PluginManage:310 - Check plugin projectmanager
2026-03-11 16:46:29,738 [INFO] PluginManage:359 - Loaded plugin projectmanager (category:projectmanager,tabindex:4)
2026-03-11 16:46:29,738 [INFO] PluginManage:310 - Check plugin rif
2026-03-11 16:46:29,752 [INFO] PluginManage:359 - Loaded plugin rif (category:base,tabindex:3)
2026-03-11 16:46:29,752 [INFO] PluginManage:310 - Check plugin thirdparty
2026-03-11 16:46:29,994 [INFO] PluginManage:359 - Loaded plugin thirdparty (category:base,tabindex:-1)
2026-03-11 16:46:29,996 [INFO] PluginManage:310 - Check plugin tools
2026-03-11 16:46:29,994 [WARN] IntegrityCheckThread:84 - waiting for thirdparty lock release [integrity check]
2026-03-11 16:46:29,996 [INFO] IntegrityCheckThread:86 - entering critical section [integrity check]
2026-03-11 16:46:29,998 [INFO] ThirdPartyUpdaterWithRetryManager:70 - Updater plugin not ready yet. [1/15]
2026-03-11 16:46:29,999 [INFO] PluginManage:359 - Loaded plugin tools (category:base,tabindex:7)
2026-03-11 16:46:29,999 [INFO] PluginManage:310 - Check plugin tutovideos
2026-03-11 16:46:30,296 [INFO] PluginManage:359 - Loaded plugin tutovideos (category:base,tabindex:-1)
2026-03-11 16:46:30,296 [INFO] PluginManage:310 - Check plugin updater
2026-03-11 16:46:30,328 [INFO] PluginManage:359 - Loaded plugin updater (category:base,tabindex:12)
2026-03-11 16:46:30,328 [INFO] PluginManage:310 - Check plugin userauth
2026-03-11 16:46:30,331 [INFO] UserAuth:118 - Init User Auth plugin
2026-03-11 16:46:30,337 [INFO] PluginManage:359 - Loaded plugin userauth (category:base,tabindex:14)
2026-03-11 16:46:30,337 [INFO] PluginManage:283 - PluginManage : Loaded plugins [18]
2026-03-11 16:46:30,620 [INFO] PinOutPanel:1589 - setPackage(No Configuration,No Configuration)
2026-03-11 16:46:30,765 [INFO] CADModel:165 - CPN selected for project level
2026-03-11 16:46:30,765 [INFO] CADModel:114 - Register for checkConnection events
2026-03-11 16:46:30,800 [INFO] IPUIPlugin:80 - create IPUIPlugin
2026-03-11 16:46:30,801 [INFO] PluginManager:220 - loadIPPluginJar : add adc
2026-03-11 16:46:30,808 [INFO] IPUIPlugin:80 - create IPUIPlugin
2026-03-11 16:46:30,808 [INFO] PluginManager:220 - loadIPPluginJar : add aes
2026-03-11 16:46:30,812 [INFO] IPUIPlugin:80 - create IPUIPlugin
2026-03-11 16:46:30,813 [INFO] PluginManager:220 - loadIPPluginJar : add can
2026-03-11 16:46:30,816 [INFO] IPUIPlugin:80 - create IPUIPlugin
2026-03-11 16:46:30,816 [INFO] PluginManager:220 - loadIPPluginJar : add comp
2026-03-11 16:46:30,821 [INFO] IPUIPlugin:80 - create IPUIPlugin
2026-03-11 16:46:30,821 [INFO] PluginManager:220 - loadIPPluginJar : add cryp
2026-03-11 16:46:30,827 [INFO] IPUIPlugin:80 - create IPUIPlugin
2026-03-11 16:46:30,827 [INFO] PluginManager:220 - loadIPPluginJar : add ddr_ctrl_phy
2026-03-11 16:46:30,833 [INFO] IPUIPlugin:80 - create IPUIPlugin
2026-03-11 16:46:30,833 [INFO] PluginManager:220 - loadIPPluginJar : add dfsdm
2026-03-11 16:46:30,843 [INFO] IPUIPlugin:80 - create IPUIPlugin
2026-03-11 16:46:30,844 [INFO] PluginManager:220 - loadIPPluginJar : add dma
2026-03-11 16:46:30,850 [INFO] IPUIPlugin:80 - create IPUIPlugin
2026-03-11 16:46:30,850 [INFO] PluginManager:220 - loadIPPluginJar : add dma3
2026-03-11 16:46:30,856 [INFO] IPUIPlugin:80 - create IPUIPlugin
2026-03-11 16:46:30,856 [INFO] PluginManager:220 - loadIPPluginJar : add extmemmanager
2026-03-11 16:46:30,859 [INFO] IPUIPlugin:80 - create IPUIPlugin
2026-03-11 16:46:30,859 [INFO] PluginManager:220 - loadIPPluginJar : add fatfs
2026-03-11 16:46:30,866 [INFO] IPUIPlugin:80 - create IPUIPlugin
2026-03-11 16:46:30,866 [INFO] PluginManager:220 - loadIPPluginJar : add fmc
2026-03-11 16:46:30,876 [INFO] IPUIPlugin:80 - create IPUIPlugin
2026-03-11 16:46:30,878 [INFO] PluginManager:220 - loadIPPluginJar : add freertos
2026-03-11 16:46:30,880 [INFO] IPUIPlugin:80 - create IPUIPlugin
2026-03-11 16:46:30,881 [INFO] PluginManager:220 - loadIPPluginJar : add genericplugin
2026-03-11 16:46:30,885 [INFO] IPUIPlugin:80 - create IPUIPlugin
2026-03-11 16:46:30,885 [INFO] PluginManager:220 - loadIPPluginJar : add gfxmmu
2026-03-11 16:46:30,897 [INFO] IPUIPlugin:80 - create IPUIPlugin
2026-03-11 16:46:30,897 [INFO] PluginManager:220 - loadIPPluginJar : add gic
2026-03-11 16:46:30,906 [INFO] IPUIPlugin:80 - create IPUIPlugin
2026-03-11 16:46:30,906 [INFO] PluginManager:220 - loadIPPluginJar : add gpio
2026-03-11 16:46:30,912 [INFO] IPUIPlugin:80 - create IPUIPlugin
2026-03-11 16:46:30,912 [INFO] PluginManager:220 - loadIPPluginJar : add gtzc
2026-03-11 16:46:30,918 [INFO] IPUIPlugin:80 - create IPUIPlugin
2026-03-11 16:46:30,918 [INFO] PluginManager:220 - loadIPPluginJar : add hash
2026-03-11 16:46:30,924 [INFO] IPUIPlugin:80 - create IPUIPlugin
2026-03-11 16:46:30,924 [INFO] PluginManager:220 - loadIPPluginJar : add i2c
2026-03-11 16:46:30,928 [INFO] IPUIPlugin:80 - create IPUIPlugin
2026-03-11 16:46:30,928 [INFO] PluginManager:220 - loadIPPluginJar : add i2s
2026-03-11 16:46:30,933 [INFO] IPUIPlugin:80 - create IPUIPlugin
2026-03-11 16:46:30,933 [INFO] PluginManager:220 - loadIPPluginJar : add i3c
2026-03-11 16:46:30,943 [INFO] IPUIPlugin:80 - create IPUIPlugin
2026-03-11 16:46:30,943 [INFO] PluginManager:220 - loadIPPluginJar : add ipddr
2026-03-11 16:46:30,955 [INFO] IPUIPlugin:80 - create IPUIPlugin
2026-03-11 16:46:30,957 [INFO] PluginManager:220 - loadIPPluginJar : add linkedlist
2026-03-11 16:46:30,962 [INFO] IPUIPlugin:80 - create IPUIPlugin
2026-03-11 16:46:30,963 [INFO] PluginManager:220 - loadIPPluginJar : add lorawan
2026-03-11 16:46:30,965 [INFO] IPUIPlugin:80 - create IPUIPlugin
2026-03-11 16:46:30,965 [INFO] PluginManager:220 - loadIPPluginJar : add ltdc
2026-03-11 16:46:30,976 [INFO] IPUIPlugin:80 - create IPUIPlugin
2026-03-11 16:46:30,976 [INFO] PluginManager:220 - loadIPPluginJar : add mdma
2026-03-11 16:46:30,982 [INFO] IPUIPlugin:80 - create IPUIPlugin
2026-03-11 16:46:30,982 [INFO] PluginManager:220 - loadIPPluginJar : add nvic
2026-03-11 16:46:30,988 [INFO] IPUIPlugin:80 - create IPUIPlugin
2026-03-11 16:46:30,988 [INFO] PluginManager:220 - loadIPPluginJar : add opamp
2026-03-11 16:46:30,996 [INFO] IPUIPlugin:80 - create IPUIPlugin
2026-03-11 16:46:30,996 [INFO] PluginManager:220 - loadIPPluginJar : add openamp
2026-03-11 16:46:31,004 [INFO] IPUIPlugin:80 - create IPUIPlugin
2026-03-11 16:46:31,004 [INFO] PluginManager:220 - loadIPPluginJar : add pdm2pcm
2026-03-11 16:46:31,015 [INFO] IPUIPlugin:80 - create IPUIPlugin
2026-03-11 16:46:31,021 [INFO] PluginManager:220 - loadIPPluginJar : add plateformsettings
2026-03-11 16:46:31,025 [INFO] IPUIPlugin:80 - create IPUIPlugin
2026-03-11 16:46:31,026 [INFO] PluginManager:220 - loadIPPluginJar : add quadspi
2026-03-11 16:46:31,029 [INFO] IPUIPlugin:80 - create IPUIPlugin
2026-03-11 16:46:31,031 [INFO] PluginManager:220 - loadIPPluginJar : add radio
2026-03-11 16:46:31,036 [INFO] IPUIPlugin:80 - create IPUIPlugin
2026-03-11 16:46:31,036 [INFO] PluginManager:220 - loadIPPluginJar : add resmgrutility
2026-03-11 16:46:31,042 [INFO] IPUIPlugin:80 - create IPUIPlugin
2026-03-11 16:46:31,042 [INFO] PluginManager:220 - loadIPPluginJar : add sai
2026-03-11 16:46:31,047 [INFO] IPUIPlugin:80 - create IPUIPlugin
2026-03-11 16:46:31,048 [INFO] PluginManager:220 - loadIPPluginJar : add spi
2026-03-11 16:46:31,056 [INFO] IPUIPlugin:80 - create IPUIPlugin
2026-03-11 16:46:31,056 [INFO] PluginManager:220 - loadIPPluginJar : add stm32_wpan
2026-03-11 16:46:31,060 [INFO] IPUIPlugin:80 - create IPUIPlugin
2026-03-11 16:46:31,060 [INFO] PluginManager:220 - loadIPPluginJar : add tim
2026-03-11 16:46:31,065 [INFO] IPUIPlugin:80 - create IPUIPlugin
2026-03-11 16:46:31,065 [INFO] PluginManager:220 - loadIPPluginJar : add touchsensing
2026-03-11 16:46:31,069 [INFO] IPUIPlugin:80 - create IPUIPlugin
2026-03-11 16:46:31,070 [INFO] PluginManager:220 - loadIPPluginJar : add tracer_emb
2026-03-11 16:46:31,077 [INFO] IPUIPlugin:80 - create IPUIPlugin
2026-03-11 16:46:31,079 [INFO] PluginManager:220 - loadIPPluginJar : add ts
2026-03-11 16:46:31,081 [INFO] IPUIPlugin:80 - create IPUIPlugin
2026-03-11 16:46:31,082 [INFO] PluginManager:220 - loadIPPluginJar : add tsc
2026-03-11 16:46:31,085 [INFO] IPUIPlugin:80 - create IPUIPlugin
2026-03-11 16:46:31,085 [INFO] PluginManager:220 - loadIPPluginJar : add ucpd
2026-03-11 16:46:31,092 [INFO] IPUIPlugin:80 - create IPUIPlugin
2026-03-11 16:46:31,092 [INFO] PluginManager:220 - loadIPPluginJar : add usart
2026-03-11 16:46:31,099 [INFO] IPUIPlugin:80 - create IPUIPlugin
2026-03-11 16:46:31,100 [INFO] PluginManager:220 - loadIPPluginJar : add usbx
2026-03-11 16:46:31,255 [FATAL] Updater:351 - Updater called before beeing initialized
2026-03-11 16:46:31,297 [INFO] RulesReader:64 - Compatibility file has been processed (317 Rules)
2026-03-11 16:46:31,314 [INFO] RulesReader:64 - Compatibility file has been processed (317 Rules)
2026-03-11 16:46:31,328 [INFO] CADModel:165 - CPN selected for project level
2026-03-11 16:46:31,328 [INFO] CADModel:114 - Register for checkConnection events
2026-03-11 16:46:31,328 [FATAL] Updater:351 - Updater called before beeing initialized
2026-03-11 16:46:31,328 [ERROR] CADModel:125 - Updater not yet initialized, retry later 
2026-03-11 16:46:31,555 [FATAL] Updater:351 - Updater called before beeing initialized
2026-03-11 16:46:31,560 [INFO] CADModel:165 - CPN selected for project level
2026-03-11 16:46:31,560 [INFO] CADModel:114 - Register for checkConnection events
2026-03-11 16:46:31,560 [FATAL] Updater:351 - Updater called before beeing initialized
2026-03-11 16:46:31,560 [ERROR] CADModel:125 - Updater not yet initialized, retry later 
2026-03-11 16:46:31,567 [FATAL] Updater:351 - Updater called before beeing initialized
2026-03-11 16:46:31,759 [FATAL] Updater:351 - Updater called before beeing initialized
2026-03-11 16:46:31,765 [INFO] DbMcusAds:53 - JSON generation date=Thu Mar 05 20:02:52 IST 2026 (1772721172610)
2026-03-11 16:46:31,765 [FATAL] Updater:351 - Updater called before beeing initialized
2026-03-11 16:46:31,826 [WARN] DetailPanel:346 - Failed to get advertising image, set to default
2026-03-11 16:46:31,974 [FATAL] Updater:351 - Updater called before beeing initialized
2026-03-11 16:46:31,978 [FATAL] Updater:351 - Updater called before beeing initialized
2026-03-11 16:46:31,979 [FATAL] Updater:351 - Updater called before beeing initialized
2026-03-11 16:46:31,979 [WARN] DetailPanel:346 - Failed to get advertising image, set to default
2026-03-11 16:46:31,982 [FATAL] Updater:351 - Updater called before beeing initialized
2026-03-11 16:46:32,109 [ERROR] Updater:1198 - MainUpdater not yet initialized. External WinMGr cannot be set.
2026-03-11 16:46:32,112 [INFO] Updater:1134 - Updater Version found : 6.15.0
2026-03-11 16:46:32,140 [INFO] ApplicationProperties:184 - Using Application install path: C:\STM\STM32CubeIDE_1.19.0\STM32CubeIDE\plugins\com.st.stm32cube.common.mx_6.15.0.202507011659
2026-03-11 16:46:33,002 [INFO] ThirdPartyUpdaterWithRetryManager:70 - Updater plugin not ready yet. [2/15]
2026-03-11 16:46:33,758 [ERROR] LogOutputStream:75 - [STDERR_REDIRECT] Mar 11, 2026 4:46:33 PM java.util.prefs.WindowsPreferences <init>
2026-03-11 16:46:33,761 [ERROR] LogOutputStream:75 - [STDERR_REDIRECT] WARNING: Could not open/create prefs root node Software\JavaSoft\Prefs at root 0xffffffff80000002. Windows RegCreateKeyEx(...) returned error code 5.
2026-03-11 16:46:33,761 [ERROR] LogOutputStream:75 - [STDERR_REDIRECT] 
2026-03-11 16:46:34,345 [INFO] MainUpdater:2872 - connection check result : 10
2026-03-11 16:46:34,346 [INFO] MainUpdater:289 - Updater Check For Update Now.
2026-03-11 16:46:34,346 [INFO] MicroXplorer:498 - Change Database Version : DB.6.0.150
2026-03-11 16:46:34,356 [INFO] McuFinderGlobals:63 - Set McuFinder mode to 2 (CubeIDE integrated)
2026-03-11 16:46:34,359 [INFO] UserAuth:487 - Internet connection configuration mode: 1
2026-03-11 16:46:34,424 [INFO] JxBrowserEngine:152 - Initiate JxBrowser Engine with user profile folder
2026-03-11 16:46:34,642 [INFO] CheckServerUpdateThread:120 - End of CheckServer Thread
2026-03-11 16:46:36,520 [WARN] PackLoader:240 - Cannot read IP mode file for STMicroelectronics.X-CUBE-AZRTOS-H7.3.5.0
2026-03-11 16:46:36,539 [WARN] PackLoader:240 - Cannot read IP mode file for STMicroelectronics.FP-SNS-MOTENVWB1.1.4.0
2026-03-11 16:46:36,548 [WARN] PackLoader:240 - Cannot read IP mode file for STMicroelectronics.FP-ATR-ASTRA1.2.0.2
2026-03-11 16:46:36,560 [WARN] PackLoader:240 - Cannot read IP mode file for STMicroelectronics.X-CUBE-SMBUS.2.1.0
2026-03-11 16:46:36,569 [WARN] PackLoader:240 - Cannot read IP mode file for STMicroelectronics.X-CUBE-ST60.1.0.0
2026-03-11 16:46:36,616 [WARN] PackLoader:240 - Cannot read IP mode file for STMicroelectronics.X-CUBE-AZRTOS-F7.1.1.0
2026-03-11 16:46:36,639 [WARN] PackLoader:240 - Cannot read IP mode file for Cesanta.I-CUBE-Mongoose.7.19.0
2026-03-11 16:46:36,646 [WARN] PackLoader:240 - Cannot read IP mode file for STMicroelectronics.FP-SNS-MOTENV1.5.1.0
2026-03-11 16:46:36,678 [WARN] PackLoader:240 - Cannot read IP mode file for WES.I-CUBE-Cesium.1.4.0
2026-03-11 16:46:36,712 [WARN] PackLoader:240 - Cannot read IP mode file for Infineon.AIROC-Wi-Fi-Bluetooth-STM32.1.7.1
2026-03-11 16:46:36,770 [WARN] PackLoader:240 - Cannot read IP mode file for STMicroelectronics.X-CUBE-AZRTOS-H7.3.4.0
2026-03-11 16:46:36,833 [WARN] PackLoader:240 - Cannot read IP mode file for STMicroelectronics.X-CUBE-DISPLAY.3.0.0
2026-03-11 16:46:36,858 [WARN] PackLoader:240 - Cannot read IP mode file for STMicroelectronics.FP-SNS-MOTENVWB1.1.5.0
2026-03-11 16:46:36,884 [WARN] PackLoader:240 - Cannot read IP mode file for STMicroelectronics.X-CUBE-NFC10.1.0.0
2026-03-11 16:46:36,946 [WARN] PackLoader:240 - Cannot read IP mode file for STMicroelectronics.X-CUBE-ST60.1.1.0
2026-03-11 16:46:36,970 [WARN] PackLoader:240 - Cannot read IP mode file for emotas.I-CUBE-CANOPEN.1.3.0
2026-03-11 16:46:37,035 [WARN] PackLoader:240 - Cannot read IP mode file for STMicroelectronics.X-CUBE-GNSS1.7.1.0
2026-03-11 16:46:37,097 [WARN] PackLoader:240 - Cannot read IP mode file for STMicroelectronics.FP-SNS-STBOX1.2.1.0
2026-03-11 16:46:37,104 [WARN] PackLoader:240 - Cannot read IP mode file for STMicroelectronics.FP-SNS-SMARTAG2.1.2.0
2026-03-11 16:46:37,112 [WARN] PackLoader:240 - Cannot read IP mode file for STMicroelectronics.FP-SNS-FLIGHT1.5.1.0
2026-03-11 16:46:37,121 [INFO] LogOutputStream:77 - [STDOUT_REDIRECT] 1 : Invalid condition id : UX_CORESTACK_Condition cause : null
2026-03-11 16:46:37,123 [INFO] LogOutputStream:77 - [STDOUT_REDIRECT] 1 : Invalid condition id : UX_CORESTACK_Condition cause : null
2026-03-11 16:46:37,124 [INFO] LogOutputStream:77 - [STDOUT_REDIRECT] 1 : Invalid condition id : UX_CORESTACK_Condition cause : null
2026-03-11 16:46:37,126 [INFO] LogOutputStream:77 - [STDOUT_REDIRECT] 1 : Invalid condition id : UX_CORESTACK_Condition cause : null
2026-03-11 16:46:37,127 [INFO] LogOutputStream:77 - [STDOUT_REDIRECT] 1 : Invalid condition id : UX_CORESTACK_Condition cause : null
2026-03-11 16:46:37,131 [WARN] PackLoader:240 - Cannot read IP mode file for STMicroelectronics.X-CUBE-AZRTOS-WL.2.0.0
2026-03-11 16:46:37,140 [WARN] PackLoader:240 - Cannot read IP mode file for STMicroelectronics.FP-SNS-MOTENV1.5.0.0
2026-03-11 16:46:37,167 [WARN] PackLoader:240 - Cannot read IP mode file for STMicroelectronics.X-CUBE-AZRTOS-H7RS.1.2.0
2026-03-11 16:46:37,193 [WARN] PackLoader:240 - Cannot read IP mode file for STMicroelectronics.X-CUBE-BLE2.3.3.0
2026-03-11 16:46:37,249 [WARN] PackLoader:240 - Cannot read IP mode file for STMicroelectronics.X-CUBE-NFC9.1.0.0
2026-03-11 16:46:37,258 [WARN] PackLoader:240 - Cannot read IP mode file for wolfSSL.I-CUBE-wolfSSL.5.8.2
2026-03-11 16:46:37,267 [WARN] PackLoader:240 - Cannot read IP mode file for STMicroelectronics.X-CUBE-BLE1.7.1.0
2026-03-11 16:46:37,279 [WARN] PackLoader:240 - Cannot read IP mode file for wolfSSL.I-CUBE-wolfMQTT.1.19.2
2026-03-11 16:46:37,288 [WARN] PackLoader:240 - Cannot read IP mode file for STMicroelectronics.X-CUBE-FREERTOS.1.4.0
2026-03-11 16:46:37,295 [WARN] PackLoader:240 - Cannot read IP mode file for STMicroelectronics.X-CUBE-EEPRMA1.5.2.0
2026-03-11 16:46:37,378 [WARN] PackLoader:240 - Cannot read IP mode file for STMicroelectronics.X-CUBE-ST67W61.1.1.0
2026-03-11 16:46:37,388 [INFO] WebApp:169 - Instantiating new browser for Auth
2026-03-11 16:46:37,426 [WARN] PackLoader:240 - Cannot read IP mode file for STMicroelectronics.X-CUBE-MEMS1.12.0.0
2026-03-11 16:46:37,553 [WARN] PackLoader:240 - Cannot read IP mode file for STMicroelectronics.X-CUBE-AZRTOS-G0.1.1.0
2026-03-11 16:46:37,568 [WARN] PackLoader:240 - Cannot read IP mode file for STMicroelectronics.X-CUBE-SAFEA1.1.2.2
2026-03-11 16:46:37,580 [WARN] PackLoader:240 - Cannot read IP mode file for STMicroelectronics.X-CUBE-NFC4.3.0.0
2026-03-11 16:46:37,602 [WARN] PackLoader:240 - Cannot read IP mode file for EmbeddedOffice.I-CUBE-FS-RTOS.1.0.1
2026-03-11 16:46:37,632 [WARN] PackLoader:240 - Cannot read IP mode file for STMicroelectronics.X-CUBE-WB05N.2.0.0
2026-03-11 16:46:37,642 [WARN] PackLoader:240 - Cannot read IP mode file for wolfSSL.I-CUBE-wolfTPM.3.8.0
2026-03-11 16:46:37,658 [WARN] PackLoader:240 - Cannot read IP mode file for STMicroelectronics.X-CUBE-TCPP.4.2.0
2026-03-11 16:46:37,671 [WARN] PackLoader:240 - Cannot read IP mode file for RealThread.X-CUBE-RT-Thread_Nano.4.1.1
2026-03-11 16:46:37,678 [WARN] PackLoader:240 - Cannot read IP mode file for STMicroelectronics.FP-ATR-SIGFOX1.3.2.0
2026-03-11 16:46:37,688 [WARN] PackLoader:240 - Cannot read IP mode file for STMicroelectronics.X-CUBE-FREERTOS.1.5.0
2026-03-11 16:46:37,699 [WARN] PackLoader:240 - Cannot read IP mode file for ITTIA_DB.I-CUBE-ITTIADB.8.9.0
2026-03-11 16:46:37,708 [WARN] PackLoader:240 - Cannot read IP mode file for STMicroelectronics.X-CUBE-NFC6.3.2.0
2026-03-11 16:46:37,716 [WARN] PackLoader:240 - Cannot read IP mode file for STMicroelectronics.X-CUBE-ST67W61.1.0.0
2026-03-11 16:46:37,722 [WARN] PackLoader:240 - Cannot read IP mode file for STMicroelectronics.X-CUBE-AI.10.2.0
2026-03-11 16:46:37,765 [WARN] PackLoader:240 - Cannot read IP mode file for SEGGER.I-CUBE-embOS.1.3.1
2026-03-11 16:46:37,955 [WARN] PackLoader:240 - Cannot read IP mode file for STMicroelectronics.X-CUBE-ALGOBUILD.1.4.0
2026-03-11 16:46:38,045 [WARN] PackLoader:240 - Cannot read IP mode file for STMicroelectronics.X-CUBE-MEMS1.11.3.0
2026-03-11 16:46:38,320 [WARN] PackLoader:240 - Cannot read IP mode file for STMicroelectronics.X-CUBE-PM33A1.1.0.0
2026-03-11 16:46:38,366 [WARN] PackLoader:240 - Cannot read IP mode file for STMicroelectronics.X-CUBE-AZRTOS-F4.1.1.0
2026-03-11 16:46:38,377 [WARN] PackLoader:240 - Cannot read IP mode file for STMicroelectronics.X-CUBE-ISPU.2.1.0
2026-03-11 16:46:38,398 [WARN] PackLoader:240 - Cannot read IP mode file for STMicroelectronics.X-CUBE-IPS.3.2.0
2026-03-11 16:46:38,411 [WARN] PackLoader:240 - Cannot read IP mode file for STMicroelectronics.X-CUBE-NFC12.1.0.0
2026-03-11 16:46:38,451 [WARN] PackLoader:240 - Cannot read IP mode file for STMicroelectronics.X-CUBE-AZRTOS-L5.2.0.0
2026-03-11 16:46:38,468 [WARN] PackLoader:240 - Cannot read IP mode file for STMicroelectronics.X-CUBE-NFC6.3.1.0
2026-03-11 16:46:38,518 [WARN] PackLoader:240 - Cannot read IP mode file for STMicroelectronics.X-CUBE-FREERTOS.1.3.1
2026-03-11 16:46:38,545 [WARN] PackLoader:240 - Cannot read IP mode file for STMicroelectronics.X-CUBE-TOUCHGFX.4.26.0
2026-03-11 16:46:38,549 [WARN] PackLoader:240 - Cannot read IP mode file for STMicroelectronics.X-CUBE-TOUCHGFX.4.26.1
2026-03-11 16:46:38,564 [WARN] PackLoader:240 - Cannot read IP mode file for STMicroelectronics.FP-SNS-STAIOTCFT.1.0.0
2026-03-11 16:46:38,598 [WARN] PackLoader:240 - Cannot read IP mode file for STMicroelectronics.X-CUBE-DPower.1.3.0
2026-03-11 16:46:38,630 [WARN] ConditionMgr:438 - getConditionDescription Invalid condition id : LAN8742 Phy interface Condition cause : null
2026-03-11 16:46:38,630 [WARN] PackLoader:240 - Cannot read IP mode file for STMicroelectronics.X-CUBE-AZRTOS-L4.2.0.0
2026-03-11 16:46:38,632 [WARN] ConditionMgr:1044 - genDependencies : Invalid condition id : LAN8742 Phy interface Condition cause : null
2026-03-11 16:46:38,632 [WARN] ConditionMgr:1044 - genDependencies : Invalid condition id : LAN8742 Phy interface Condition cause : null
2026-03-11 16:46:38,632 [WARN] ConditionMgr:1044 - genDependencies : Invalid condition id : LAN8742 Phy interface Condition cause : null
2026-03-11 16:46:38,646 [WARN] PackLoader:240 - Cannot read IP mode file for STMicroelectronics.X-CUBE-SFXS2LP1.4.0.0
2026-03-11 16:46:38,658 [WARN] PackLoader:240 - Cannot read IP mode file for STMicroelectronics.X-CUBE-ST67W61.1.2.0
2026-03-11 16:46:38,678 [WARN] PackLoader:240 - Cannot read IP mode file for STMicroelectronics.X-CUBE-BLEMGR.4.1.0
2026-03-11 16:46:38,728 [WARN] ConditionMgr:438 - getConditionDescription Invalid condition id : UX DEVICE CLASS RTOS Condition cause : null
2026-03-11 16:46:38,731 [WARN] ConditionMgr:438 - getConditionDescription Invalid condition id : UX DEVICE CLASS RTOS Condition cause : null
2026-03-11 16:46:38,736 [WARN] PackLoader:240 - Cannot read IP mode file for STMicroelectronics.X-CUBE-AZRTOS-WB.2.0.0
2026-03-11 16:46:38,737 [WARN] ConditionMgr:1044 - genDependencies : Invalid condition id : UX DEVICE CLASS RTOS Condition cause : null
2026-03-11 16:46:38,738 [WARN] ConditionMgr:1044 - genDependencies : Invalid condition id : UX DEVICE CLASS RTOS Condition cause : null
2026-03-11 16:46:38,738 [WARN] ConditionMgr:1044 - genDependencies : Invalid condition id : UX DEVICE CLASS RTOS Condition cause : null
2026-03-11 16:46:38,738 [WARN] ConditionMgr:1044 - genDependencies : Invalid condition id : UX DEVICE CLASS RTOS Condition cause : null
2026-03-11 16:46:38,739 [WARN] ConditionMgr:1044 - genDependencies : Invalid condition id : UX DEVICE CLASS RTOS Condition cause : null
2026-03-11 16:46:38,756 [WARN] PackLoader:240 - Cannot read IP mode file for STMicroelectronics.X-CUBE-GNSS1.7.0.1
2026-03-11 16:46:38,764 [WARN] ConditionMgr:438 - getConditionDescription Invalid condition id : Cortex-A Device cause : null
2026-03-11 16:46:38,788 [WARN] ConditionMgr:1044 - genDependencies : Invalid condition id : Cortex-A Device cause : null
2026-03-11 16:46:38,789 [WARN] ConditionMgr:1044 - genDependencies : Invalid condition id : Cortex-A Device cause : null
2026-03-11 16:46:38,789 [WARN] ConditionMgr:1044 - genDependencies : Invalid condition id : Cortex-A Device cause : null
2026-03-11 16:46:38,799 [WARN] PackLoader:240 - Cannot read IP mode file for STMicroelectronics.X-CUBE-STSE01.2.0.0
2026-03-11 16:46:38,828 [WARN] PackLoader:240 - Cannot read IP mode file for STMicroelectronics.X-CUBE-SUBG2.5.0.0
2026-03-11 16:46:38,861 [WARN] PackLoader:240 - Cannot read IP mode file for STMicroelectronics.X-CUBE-AZRTOS-H7RS.1.1.0
2026-03-11 16:46:38,914 [WARN] PackLoader:240 - Cannot read IP mode file for STMicroelectronics.X-CUBE-AZRTOS-G4.2.0.0
2026-03-11 16:46:38,931 [WARN] PackLoader:240 - Cannot read IP mode file for wolfSSL.I-CUBE-wolfSSH.1.4.20
2026-03-11 16:46:38,939 [WARN] PackLoader:240 - Cannot read IP mode file for STMicroelectronics.X-CUBE-NFC7.2.0.0
2026-03-11 16:46:38,954 [WARN] PackLoader:240 - Cannot read IP mode file for STMicroelectronics.X-CUBE-IPS.3.1.0
2026-03-11 16:46:38,970 [WARN] PackLoader:240 - Cannot read IP mode file for STMicroelectronics.X-CUBE-ALS.1.0.2
2026-03-11 16:46:38,976 [WARN] PackLoader:240 - Cannot read IP mode file for STMicroelectronics.X-CUBE-STSE01.1.0.0
2026-03-11 16:46:39,001 [WARN] PackLoader:240 - Cannot read IP mode file for STMicroelectronics.X-CUBE-TOF1.3.4.3
2026-03-11 16:46:39,017 [INFO] ThirdParty:978 - Integrity check success = true
2026-03-11 16:46:39,017 [INFO] IntegrityCheckThread:100 - exiting critical section [integrity check]
2026-03-11 16:46:39,017 [INFO] IntegrityCheckThread:103 - End integrity checks thread
2026-03-11 16:46:40,085 [INFO] WebApp:463 - Apply proxy settings
2026-03-11 16:46:40,086 [INFO] WebApp:548 - Chromium requires no authentication
2026-03-11 16:46:40,113 [INFO] WebApp:491 - Direct internet connection detected
2026-03-11 16:46:40,183 [INFO] WebApp:900 - Register for checkConnection events
2026-03-11 16:46:40,183 [INFO] WebApp:463 - Apply proxy settings
2026-03-11 16:46:40,183 [INFO] WebApp:548 - Chromium requires no authentication
2026-03-11 16:46:40,184 [INFO] WebApp:491 - Direct internet connection detected
2026-03-11 16:46:40,479 [INFO] WebApp:225 - Starting web application
2026-03-11 16:46:40,479 [INFO] WebApp:593 - Web application path used C:\STM\STM32CubeIDE_1.19.0\STM32CubeIDE\plugins\com.st.stm32cube.common.mx_6.15.0.202507011659\db\plugins\mcufinder\reactClient1\index.html
2026-03-11 16:46:40,761 [INFO] UserAuth:487 - Internet connection configuration mode: 1
2026-03-11 16:46:40,944 [INFO] WebApp:191 - Connection restablished
2026-03-11 16:46:46,334 [ERROR] LogOutputStream:75 - [STDERR_REDIRECT] 
