2026-04-01 00:20:19,935 [INFO] WebApp:194 - Connection lost
2026-04-01 00:20:20,835 [INFO] WebApp:191 - Connection restablished
2026-04-01 00:20:22,729 [INFO] WebApp:194 - Connection lost
2026-04-01 00:20:23,074 [INFO] WebApp:191 - Connection restablished
2026-04-01 00:21:48,119 [INFO] WebApp:194 - Connection lost
2026-04-01 00:21:50,484 [INFO] WebApp:191 - Connection restablished
2026-04-01 00:21:52,700 [INFO] WebApp:194 - Connection lost
2026-04-01 00:21:52,882 [INFO] WebApp:191 - Connection restablished
2026-04-01 00:22:00,347 [INFO] WebApp:194 - Connection lost
2026-04-01 00:22:00,755 [INFO] WebApp:191 - Connection restablished
2026-04-01 00:22:02,711 [INFO] WebApp:194 - Connection lost
2026-04-01 00:22:03,120 [INFO] WebApp:191 - Connection restablished
2026-04-01 00:28:39,622 [INFO] WebApp:194 - Connection lost
2026-04-01 00:30:36,781 [INFO] WebApp:191 - Connection restablished
2026-04-01 00:36:29,720 [INFO] WebApp:194 - Connection lost
2026-04-01 00:36:31,263 [INFO] WebApp:191 - Connection restablished
2026-04-01 00:43:07,717 [WARN] IP:2250 - I2C_Coeff_DF not found: check if there is a RefParameter without a condition.
2026-04-01 00:43:07,742 [WARN] IP:2250 - Analog_Filter not found: check if there is a RefParameter without a condition.
2026-04-01 00:43:07,742 [WARN] IP:2250 - I2C_Coeff_DF not found: check if there is a RefParameter without a condition.
2026-04-01 00:43:07,743 [WARN] IP:2250 - Analog_Filter not found: check if there is a RefParameter without a condition.
2026-04-01 00:43:07,749 [WARN] IP:2250 - I2C_Coeff_DF not found: check if there is a RefParameter without a condition.
2026-04-01 00:43:07,749 [WARN] IP:2250 - Analog_Filter not found: check if there is a RefParameter without a condition.
2026-04-01 00:43:07,749 [WARN] IP:2250 - I2C_Coeff_DF not found: check if there is a RefParameter without a condition.
2026-04-01 00:43:07,749 [WARN] IP:2250 - Analog_Filter not found: check if there is a RefParameter without a condition.
2026-04-01 00:44:26,020 [WARN] IP:2250 - I2C_Coeff_DF not found: check if there is a RefParameter without a condition.
2026-04-01 00:44:26,021 [WARN] IP:2250 - Analog_Filter not found: check if there is a RefParameter without a condition.
2026-04-01 00:44:26,022 [WARN] IP:2250 - I2C_Coeff_DF not found: check if there is a RefParameter without a condition.
2026-04-01 00:44:26,026 [WARN] IP:2250 - Analog_Filter not found: check if there is a RefParameter without a condition.
2026-04-01 00:44:26,042 [WARN] IP:2250 - I2C_Coeff_DF not found: check if there is a RefParameter without a condition.
2026-04-01 00:44:26,043 [WARN] IP:2250 - Analog_Filter not found: check if there is a RefParameter without a condition.
2026-04-01 00:44:26,044 [WARN] IP:2250 - I2C_Coeff_DF not found: check if there is a RefParameter without a condition.
2026-04-01 00:44:26,045 [WARN] IP:2250 - Analog_Filter not found: check if there is a RefParameter without a condition.
2026-04-01 00:44:26,234 [WARN] IP:2250 - I2C_Coeff_DF not found: check if there is a RefParameter without a condition.
2026-04-01 00:44:26,235 [WARN] IP:2250 - Analog_Filter not found: check if there is a RefParameter without a condition.
2026-04-01 00:44:26,240 [WARN] IP:2250 - I2C_Coeff_DF not found: check if there is a RefParameter without a condition.
2026-04-01 00:44:26,241 [WARN] IP:2250 - Analog_Filter not found: check if there is a RefParameter without a condition.
2026-04-01 00:44:26,340 [WARN] IP:2250 - I2C_Coeff_DF not found: check if there is a RefParameter without a condition.
2026-04-01 00:44:26,342 [WARN] IP:2250 - Analog_Filter not found: check if there is a RefParameter without a condition.
2026-04-01 00:44:26,346 [WARN] IP:2250 - I2C_Coeff_DF not found: check if there is a RefParameter without a condition.
2026-04-01 00:44:26,346 [WARN] IP:2250 - Analog_Filter not found: check if there is a RefParameter without a condition.
2026-04-01 00:44:33,414 [WARN] IP:2250 - I2C_Coeff_DF not found: check if there is a RefParameter without a condition.
2026-04-01 00:44:33,414 [WARN] IP:2250 - Analog_Filter not found: check if there is a RefParameter without a condition.
2026-04-01 00:44:33,415 [WARN] IP:2250 - I2C_Coeff_DF not found: check if there is a RefParameter without a condition.
2026-04-01 00:44:33,415 [WARN] IP:2250 - Analog_Filter not found: check if there is a RefParameter without a condition.
2026-04-01 00:44:33,419 [WARN] IP:2250 - I2C_Coeff_DF not found: check if there is a RefParameter without a condition.
2026-04-01 00:44:33,419 [WARN] IP:2250 - Analog_Filter not found: check if there is a RefParameter without a condition.
2026-04-01 00:44:33,419 [WARN] IP:2250 - I2C_Coeff_DF not found: check if there is a RefParameter without a condition.
2026-04-01 00:44:33,419 [WARN] IP:2250 - Analog_Filter not found: check if there is a RefParameter without a condition.
2026-04-01 00:44:33,495 [WARN] IP:2250 - I2C_Coeff_DF not found: check if there is a RefParameter without a condition.
2026-04-01 00:44:33,496 [WARN] IP:2250 - Analog_Filter not found: check if there is a RefParameter without a condition.
2026-04-01 00:44:33,502 [WARN] IP:2250 - I2C_Coeff_DF not found: check if there is a RefParameter without a condition.
2026-04-01 00:44:33,503 [WARN] IP:2250 - Analog_Filter not found: check if there is a RefParameter without a condition.
2026-04-01 00:44:33,578 [WARN] IP:2250 - I2C_Coeff_DF not found: check if there is a RefParameter without a condition.
2026-04-01 00:44:33,578 [WARN] IP:2250 - Analog_Filter not found: check if there is a RefParameter without a condition.
2026-04-01 00:44:33,582 [WARN] IP:2250 - I2C_Coeff_DF not found: check if there is a RefParameter without a condition.
2026-04-01 00:44:33,582 [WARN] IP:2250 - Analog_Filter not found: check if there is a RefParameter without a condition.
2026-04-01 00:45:00,277 [INFO] NvicIntPanel:101 - NVIC parent = com.st.microxplorer.plugins.ip.nvic.MultiNvicIntPanel[,0,0,0x0,invalid,layout=javax.swing.BoxLayout,alignmentX=0.0,alignmentY=0.0,border=,flags=9,maximumSize=,minimumSize=,preferredSize=]
2026-04-01 00:45:02,638 [INFO] NvicIntPanel:101 - NVIC parent = com.st.microxplorer.plugins.ip.nvic.MultiNvicIntPanel[,0,0,0x0,invalid,layout=javax.swing.BoxLayout,alignmentX=0.0,alignmentY=0.0,border=,flags=9,maximumSize=,minimumSize=,preferredSize=]
2026-04-01 00:45:05,224 [INFO] UtilMem:75 - End SaveConfig() Used Memory: 446832680 Bytes (793772032)
2026-04-01 00:45:05,503 [INFO] UtilMem:75 - End SaveConfig() Used Memory: 488249384 Bytes (793772032)
2026-04-01 00:45:08,781 [INFO] UtilMem:75 - End SaveConfig() Used Memory: 617758056 Bytes (793772032)
2026-04-01 00:45:09,767 [INFO] BlockDiagram:2775 - set Specific Code input for plugin: TIM1_8
2026-04-01 00:45:09,767 [INFO] BlockDiagram:2775 - set Specific Code input for plugin: SYS
2026-04-01 00:45:09,767 [INFO] BlockDiagram:2775 - set Specific Code input for plugin: RCC
2026-04-01 00:45:09,767 [INFO] BlockDiagram:2775 - set Specific Code input for plugin: I2C
2026-04-01 00:45:09,767 [INFO] BlockDiagram:2775 - set Specific Code input for plugin: I2C
2026-04-01 00:45:09,767 [INFO] BlockDiagram:2775 - set Specific Code input for plugin: NVIC
2026-04-01 00:45:09,768 [INFO] BlockDiagram:2775 - set Specific Code input for plugin: USART
2026-04-01 00:45:09,768 [INFO] BlockDiagram:2775 - set Specific Code input for plugin: TIM1_8
2026-04-01 00:45:09,768 [INFO] BlockDiagram:2775 - set Specific Code input for plugin: GPIO
2026-04-01 00:45:09,773 [INFO] CodeGenerator:892 - code generatio: config db path: C:\STM\STM32CubeIDE_1.19.0\STM32CubeIDE\plugins\com.st.stm32cube.common.mx_6.15.0.202507011659\\db\
2026-04-01 00:45:09,782 [WARN] IP:2250 - I2C_Coeff_DF not found: check if there is a RefParameter without a condition.
2026-04-01 00:45:09,782 [WARN] IP:2250 - Analog_Filter not found: check if there is a RefParameter without a condition.
2026-04-01 00:45:09,783 [WARN] IP:2250 - I2C_Coeff_DF not found: check if there is a RefParameter without a condition.
2026-04-01 00:45:09,783 [WARN] IP:2250 - Analog_Filter not found: check if there is a RefParameter without a condition.
2026-04-01 00:45:10,089 [INFO] CodeEngine:265 - oldGeneratedFile, G:\WINDOWS\EVERYTHING\COLLEGE\AUTOMATONS\2026\RYUK\3001_MECHANISMS_TEST\MXTmpFiles\license.tmp_save
2026-04-01 00:45:10,794 [INFO] CodeEngine:289 - Generated code: G:\WINDOWS\EVERYTHING\COLLEGE\AUTOMATONS\2026\RYUK\3001_MECHANISMS_TEST\MXTmpFiles\license.tmp
2026-04-01 00:45:10,946 [INFO] CodeEngine:265 - oldGeneratedFile, G:\WINDOWS\EVERYTHING\COLLEGE\AUTOMATONS\2026\RYUK\3001_MECHANISMS_TEST\MXTmpFiles\gpio.tmp_save
2026-04-01 00:45:11,147 [INFO] CodeEngine:289 - Generated code: G:\WINDOWS\EVERYTHING\COLLEGE\AUTOMATONS\2026\RYUK\3001_MECHANISMS_TEST\MXTmpFiles\gpio.tmp
2026-04-01 00:45:11,647 [INFO] CodeEngine:265 - oldGeneratedFile, G:\WINDOWS\EVERYTHING\COLLEGE\AUTOMATONS\2026\RYUK\3001_MECHANISMS_TEST\Core\Src\stm32f4xx_it.c_save
2026-04-01 00:45:11,854 [INFO] CodeEngine:289 - Generated code: G:\WINDOWS\EVERYTHING\COLLEGE\AUTOMATONS\2026\RYUK\3001_MECHANISMS_TEST\Core\Src\stm32f4xx_it.c
2026-04-01 00:45:11,886 [INFO] CodeEngine:265 - oldGeneratedFile, G:\WINDOWS\EVERYTHING\COLLEGE\AUTOMATONS\2026\RYUK\3001_MECHANISMS_TEST\Core\Inc\stm32f4xx_it.h_save
2026-04-01 00:45:12,048 [INFO] CodeEngine:289 - Generated code: G:\WINDOWS\EVERYTHING\COLLEGE\AUTOMATONS\2026\RYUK\3001_MECHANISMS_TEST\Core\Inc\stm32f4xx_it.h
2026-04-01 00:45:12,072 [INFO] CodeEngine:265 - oldGeneratedFile, G:\WINDOWS\EVERYTHING\COLLEGE\AUTOMATONS\2026\RYUK\3001_MECHANISMS_TEST\Core\Src\stm32f4xx_hal_msp.c_save
2026-04-01 00:45:12,352 [INFO] CodeEngine:289 - Generated code: G:\WINDOWS\EVERYTHING\COLLEGE\AUTOMATONS\2026\RYUK\3001_MECHANISMS_TEST\Core\Src\stm32f4xx_hal_msp.c
2026-04-01 00:45:12,365 [INFO] CodeEngine:265 - oldGeneratedFile, G:\WINDOWS\EVERYTHING\COLLEGE\AUTOMATONS\2026\RYUK\3001_MECHANISMS_TEST\MXTmpFiles\system.tmp_save
2026-04-01 00:45:12,457 [INFO] CodeEngine:289 - Generated code: G:\WINDOWS\EVERYTHING\COLLEGE\AUTOMATONS\2026\RYUK\3001_MECHANISMS_TEST\MXTmpFiles\system.tmp
2026-04-01 00:45:12,482 [INFO] CodeEngine:321 - oldGeneratedFile, G:\WINDOWS\EVERYTHING\COLLEGE\AUTOMATONS\2026\RYUK\3001_MECHANISMS_TEST\Core\Inc\stm32f4xx_hal_conf.h_save
2026-04-01 00:45:12,587 [INFO] CodeEngine:345 - Generated code: G:\WINDOWS\EVERYTHING\COLLEGE\AUTOMATONS\2026\RYUK\3001_MECHANISMS_TEST\Core\Inc\stm32f4xx_hal_conf.h
2026-04-01 00:45:12,631 [WARN] IPConfigManager:3238 - Warning: the RefConfig PLL2P_FOR_MCO is not available in your config.xml file
2026-04-01 00:45:12,640 [INFO] ApiDbMcu:532 - Load IP Config File for I2C1
2026-04-01 00:45:12,647 [INFO] ApiDbMcu:532 - Load IP Config File for I2C3
2026-04-01 00:45:12,665 [INFO] ApiDbMcu:532 - Load IP Config File for TIM5
2026-04-01 00:45:12,683 [INFO] ApiDbMcu:532 - Load IP Config File for TIM8
2026-04-01 00:45:12,688 [INFO] ApiDbMcu:532 - Load IP Config File for USART3
2026-04-01 00:45:12,694 [INFO] ApiDbMcu:532 - Load IP Config File for RCC
2026-04-01 00:45:12,701 [WARN] IPConfigManager:3811 - IP not found : TIM
2026-04-01 00:45:12,702 [WARN] CodeGenerator:4259 - IP not found : null
2026-04-01 00:45:12,722 [INFO] CodeEngine:265 - oldGeneratedFile, G:\WINDOWS\EVERYTHING\COLLEGE\AUTOMATONS\2026\RYUK\3001_MECHANISMS_TEST\Core\Inc\main.h_save
2026-04-01 00:45:12,875 [INFO] CodeEngine:289 - Generated code: G:\WINDOWS\EVERYTHING\COLLEGE\AUTOMATONS\2026\RYUK\3001_MECHANISMS_TEST\Core\Inc\main.h
2026-04-01 00:45:12,887 [INFO] CodeEngine:265 - oldGeneratedFile, G:\WINDOWS\EVERYTHING\COLLEGE\AUTOMATONS\2026\RYUK\3001_MECHANISMS_TEST\Core\Src\main.c_save
2026-04-01 00:45:13,150 [INFO] CodeEngine:289 - Generated code: G:\WINDOWS\EVERYTHING\COLLEGE\AUTOMATONS\2026\RYUK\3001_MECHANISMS_TEST\Core\Src\main.c
2026-04-01 00:45:13,622 [INFO] ProjectBuilder:3606 - Time for Copy HAL[1] : 232mS.
2026-04-01 00:45:13,631 [INFO] ProjectBuilder:5216 - Project Generator version: 4.7.0-B52
2026-04-01 00:45:13,757 [INFO] ConfigFileManager:1595 - The Die is : DIE421
2026-04-01 00:45:13,769 [INFO] ApiDbMcu:532 - Load IP Config File for FATFS
2026-04-01 00:45:13,775 [INFO] ApiDbMcu:532 - Load IP Config File for FREERTOS
2026-04-01 00:45:13,780 [INFO] ApiDbMcu:532 - Load IP Config File for LIBJPEG
2026-04-01 00:45:13,898 [INFO] ApiDbMcu:532 - Load IP Config File for MBEDTLS
2026-04-01 00:45:13,907 [INFO] ApiDbMcu:532 - Load IP Config File for USB_DEVICE
2026-04-01 00:45:13,913 [INFO] ApiDbMcu:532 - Load IP Config File for USB_HOST
