2026-03-19 16:54:55,503 [INFO] Activator:176 - 


2026-03-19 16:54:55,521 [INFO] Activator:177 - !SESSION log4j initialized
2026-03-19 16:55:01,655 [INFO] LogOutputStream:77 - [STDOUT_REDIRECT] 
2026-03-19 16:55:03,665 [INFO] ApplicationProperties:184 - Using Application install path: C:\STM\STM32CubeIDE_1.19.0\STM32CubeIDE\plugins\com.st.stm32cube.common.mx_6.15.0.202507011659
2026-03-19 16:55:03,678 [INFO] DbMcusXml:78 - Set database path to: C:\STM\STM32CubeIDE_1.19.0\STM32CubeIDE\plugins\com.st.stm32cube.common.mx_6.15.0.202507011659\\db\/mcu/
2026-03-19 16:55:03,679 [INFO] ApiDb:274 - Set plugin database path to: C:\STM\STM32CubeIDE_1.19.0\STM32CubeIDE\plugins\com.st.stm32cube.common.mx_6.15.0.202507011659\\db\/plugins/boardmanager/
2026-03-19 16:55:03,707 [WARN] ApiDb:259 - Overriding images path with different value:  => C:\STM\STM32CubeIDE_1.19.0\STM32CubeIDE\plugins\com.st.stm32cube.common.mx_6.15.0.202507011659\\db\/plugins/mcufinder/images/
2026-03-19 16:55:03,712 [INFO] ApiDb:250 - Set database path to: C:\Users\Atreya\.stmcufinder\plugins\mcufinder//mcu/
2026-03-19 16:55:03,713 [INFO] DbMcusAds:125 - Set database path to: C:\Users\Atreya\.stmcufinder\plugins\mcufinder//mcu/
2026-03-19 16:55:03,715 [INFO] CrossReferenceDbSqlite:203 - Set database path to: C:\Users\Atreya\.stmcufinder\plugins\mcufinder//mcu/cs/
2026-03-19 16:55:03,823 [INFO] RulesReader:64 - Compatibility file has been processed (317 Rules)
2026-03-19 16:55:03,888 [INFO] DbMcusXml:78 - Set database path to: C:\STM\STM32CubeIDE_1.19.0\STM32CubeIDE\plugins\com.st.stm32cube.common.mx_6.15.0.202507011659\\db\/mcu/
2026-03-19 16:55:03,888 [INFO] ApiDb:274 - Set plugin database path to: C:\STM\STM32CubeIDE_1.19.0\STM32CubeIDE\plugins\com.st.stm32cube.common.mx_6.15.0.202507011659\\db\/plugins/boardmanager/
2026-03-19 16:55:03,889 [INFO] ApiDb:261 - Set plugin images path to: C:\STM\STM32CubeIDE_1.19.0\STM32CubeIDE\plugins\com.st.stm32cube.common.mx_6.15.0.202507011659\\db\/plugins/mcufinder/images/
2026-03-19 16:55:03,889 [WARN] DbFile:41 - Overriding database path with different value: C:\Users\Atreya\.stmcufinder\plugins\mcufinder/ => C:\Users\Atreya\.stmcufinder\plugins\mcufinder
2026-03-19 16:55:03,889 [INFO] ApiDb:250 - Set database path to: C:\Users\Atreya\.stmcufinder\plugins\mcufinder//mcu/
2026-03-19 16:55:03,889 [WARN] DbFile:41 - Overriding database path with different value: C:\Users\Atreya\.stmcufinder\plugins\mcufinder/ => C:\Users\Atreya\.stmcufinder\plugins\mcufinder
2026-03-19 16:55:03,889 [INFO] DbMcusAds:125 - Set database path to: C:\Users\Atreya\.stmcufinder\plugins\mcufinder//mcu/
2026-03-19 16:55:03,889 [WARN] DbFile:41 - Overriding database path with different value: C:\Users\Atreya\.stmcufinder\plugins\mcufinder/ => C:\Users\Atreya\.stmcufinder\plugins\mcufinder
2026-03-19 16:55:03,889 [WARN] DbFile:41 - Overriding database path with different value: C:\Users\Atreya\.stmcufinder\plugins\mcufinder/ => C:\Users\Atreya\.stmcufinder\plugins\mcufinder
2026-03-19 16:55:03,889 [INFO] CrossReferenceDbSqlite:203 - Set database path to: C:\Users\Atreya\.stmcufinder\plugins\mcufinder//mcu/cs/
2026-03-19 16:55:03,951 [INFO] MainPanel:274 - HeapMemory: 268435456
2026-03-19 16:55:04,032 [INFO] DbMcusXml:78 - Set database path to: C:\STM\STM32CubeIDE_1.19.0\STM32CubeIDE\plugins\com.st.stm32cube.common.mx_6.15.0.202507011659\\db\/mcu/
2026-03-19 16:55:04,033 [INFO] ApiDb:274 - Set plugin database path to: C:\STM\STM32CubeIDE_1.19.0\STM32CubeIDE\plugins\com.st.stm32cube.common.mx_6.15.0.202507011659\\db\/plugins/boardmanager/
2026-03-19 16:55:04,033 [INFO] ApiDb:261 - Set plugin images path to: C:\STM\STM32CubeIDE_1.19.0\STM32CubeIDE\plugins\com.st.stm32cube.common.mx_6.15.0.202507011659\\db\/plugins/mcufinder/images/
2026-03-19 16:55:04,033 [WARN] DbFile:41 - Overriding database path with different value: C:\Users\Atreya\.stmcufinder\plugins\mcufinder/ => C:\Users\Atreya\.stmcufinder\plugins\mcufinder
2026-03-19 16:55:04,033 [INFO] ApiDb:250 - Set database path to: C:\Users\Atreya\.stmcufinder\plugins\mcufinder//mcu/
2026-03-19 16:55:04,033 [WARN] DbFile:41 - Overriding database path with different value: C:\Users\Atreya\.stmcufinder\plugins\mcufinder/ => C:\Users\Atreya\.stmcufinder\plugins\mcufinder
2026-03-19 16:55:04,033 [INFO] DbMcusAds:125 - Set database path to: C:\Users\Atreya\.stmcufinder\plugins\mcufinder//mcu/
2026-03-19 16:55:04,033 [WARN] DbFile:41 - Overriding database path with different value: C:\Users\Atreya\.stmcufinder\plugins\mcufinder/ => C:\Users\Atreya\.stmcufinder\plugins\mcufinder
2026-03-19 16:55:04,033 [WARN] DbFile:41 - Overriding database path with different value: C:\Users\Atreya\.stmcufinder\plugins\mcufinder/ => C:\Users\Atreya\.stmcufinder\plugins\mcufinder
2026-03-19 16:55:04,034 [INFO] CrossReferenceDbSqlite:203 - Set database path to: C:\Users\Atreya\.stmcufinder\plugins\mcufinder//mcu/cs/
2026-03-19 16:55:04,053 [INFO] ApplicationProperties:184 - Using Application install path: C:\STM\STM32CubeIDE_1.19.0\STM32CubeIDE\plugins\com.st.stm32cube.common.mx_6.15.0.202507011659
2026-03-19 16:55:04,054 [INFO] PluginManage:196 - Search for loadable plugins [exclusion list=, ]
2026-03-19 16:55:04,056 [INFO] PluginManage:310 - Check plugin analytics
2026-03-19 16:55:04,232 [INFO] AnalyticsPlugin:253 - Accepted Software Licenses: 
2026-03-19 16:55:04,233 [INFO] AnalyticsPlugin:255 - Accepted CMSIS Pack Licenses: 
2026-03-19 16:55:04,233 [INFO] AnalyticsPlugin:257 - Accepted Firmware Licenses: FW.F4.1.28.0
2026-03-19 16:55:04,237 [INFO] PluginManage:359 - Loaded plugin analytics (category:tool,tabindex:-1)
2026-03-19 16:55:04,237 [INFO] PluginManage:310 - Check plugin cadmodel
2026-03-19 16:55:04,243 [INFO] CADModel:105 - Init CAD model plugin
2026-03-19 16:55:04,243 [INFO] PluginManage:359 - Loaded plugin cadmodel (category:power,tabindex:5)
2026-03-19 16:55:04,243 [INFO] PluginManage:310 - Check plugin clock
2026-03-19 16:55:04,253 [INFO] PluginManage:359 - Loaded plugin clock (category:base,tabindex:2)
2026-03-19 16:55:04,254 [INFO] PluginManage:310 - Check plugin ddr
2026-03-19 16:55:04,256 [INFO] PluginManage:359 - Loaded plugin ddr (category:tool,tabindex:6)
2026-03-19 16:55:04,256 [INFO] PluginManage:310 - Check plugin filemanager
2026-03-19 16:55:04,416 [INFO] PluginManage:359 - Loaded plugin filemanager (category:base,tabindex:10)
2026-03-19 16:55:04,416 [INFO] PluginManage:310 - Check plugin ipmanager
2026-03-19 16:55:04,423 [INFO] PluginManage:359 - Loaded plugin ipmanager (category:base,tabindex:5)
2026-03-19 16:55:04,423 [INFO] PluginManage:310 - Check plugin lpbam
2026-03-19 16:55:04,430 [INFO] PluginManage:359 - Loaded plugin lpbam (category:base,tabindex:0)
2026-03-19 16:55:04,430 [INFO] PluginManage:310 - Check plugin memorymap
2026-03-19 16:55:04,442 [INFO] PluginManage:359 - Loaded plugin memorymap (category:base,tabindex:4)
2026-03-19 16:55:04,442 [INFO] PluginManage:310 - Check plugin pinoutandconfiguration
2026-03-19 16:55:04,451 [INFO] PluginManage:359 - Loaded plugin pinoutandconfiguration (category:base,tabindex:1)
2026-03-19 16:55:04,451 [INFO] PluginManage:310 - Check plugin pinoutconfig
2026-03-19 16:55:04,525 [WARN] SupportedApi:132 - Cannot load RTOS API schema: s4s-elt-must-match.1: The content of 'definitions' must match (annotation?, (simpleType | complexType)?, (unique | key | keyref)*)). A problem was found starting at: attribute.
2026-03-19 16:55:04,634 [INFO] PluginManage:359 - Loaded plugin pinoutconfig (category:base,tabindex:0)
2026-03-19 16:55:04,635 [INFO] PluginManage:310 - Check plugin power
2026-03-19 16:55:04,642 [INFO] PluginManage:359 - Loaded plugin power (category:power,tabindex:4)
2026-03-19 16:55:04,642 [INFO] PluginManage:310 - Check plugin projectmanager
2026-03-19 16:55:04,660 [INFO] PluginManage:359 - Loaded plugin projectmanager (category:projectmanager,tabindex:4)
2026-03-19 16:55:04,661 [INFO] PluginManage:310 - Check plugin rif
2026-03-19 16:55:04,669 [INFO] PluginManage:359 - Loaded plugin rif (category:base,tabindex:3)
2026-03-19 16:55:04,670 [INFO] PluginManage:310 - Check plugin thirdparty
2026-03-19 16:55:04,824 [INFO] PluginManage:359 - Loaded plugin thirdparty (category:base,tabindex:-1)
2026-03-19 16:55:04,824 [INFO] PluginManage:310 - Check plugin tools
2026-03-19 16:55:04,824 [WARN] IntegrityCheckThread:84 - waiting for thirdparty lock release [integrity check]
2026-03-19 16:55:04,827 [INFO] IntegrityCheckThread:86 - entering critical section [integrity check]
2026-03-19 16:55:04,827 [INFO] ThirdPartyUpdaterWithRetryManager:70 - Updater plugin not ready yet. [1/15]
2026-03-19 16:55:04,828 [INFO] PluginManage:359 - Loaded plugin tools (category:base,tabindex:7)
2026-03-19 16:55:04,828 [INFO] PluginManage:310 - Check plugin tutovideos
2026-03-19 16:55:04,990 [INFO] PluginManage:359 - Loaded plugin tutovideos (category:base,tabindex:-1)
2026-03-19 16:55:04,990 [INFO] PluginManage:310 - Check plugin updater
2026-03-19 16:55:05,009 [INFO] PluginManage:359 - Loaded plugin updater (category:base,tabindex:12)
2026-03-19 16:55:05,009 [INFO] PluginManage:310 - Check plugin userauth
2026-03-19 16:55:05,013 [INFO] UserAuth:118 - Init User Auth plugin
2026-03-19 16:55:05,015 [INFO] PluginManage:359 - Loaded plugin userauth (category:base,tabindex:14)
2026-03-19 16:55:05,015 [INFO] PluginManage:283 - PluginManage : Loaded plugins [18]
2026-03-19 16:55:05,196 [INFO] PinOutPanel:1589 - setPackage(No Configuration,No Configuration)
2026-03-19 16:55:05,274 [INFO] CADModel:165 - CPN selected for project level
2026-03-19 16:55:05,275 [INFO] CADModel:114 - Register for checkConnection events
2026-03-19 16:55:05,294 [INFO] IPUIPlugin:80 - create IPUIPlugin
2026-03-19 16:55:05,295 [INFO] PluginManager:220 - loadIPPluginJar : add adc
2026-03-19 16:55:05,298 [INFO] IPUIPlugin:80 - create IPUIPlugin
2026-03-19 16:55:05,298 [INFO] PluginManager:220 - loadIPPluginJar : add aes
2026-03-19 16:55:05,301 [INFO] IPUIPlugin:80 - create IPUIPlugin
2026-03-19 16:55:05,301 [INFO] PluginManager:220 - loadIPPluginJar : add can
2026-03-19 16:55:05,303 [INFO] IPUIPlugin:80 - create IPUIPlugin
2026-03-19 16:55:05,303 [INFO] PluginManager:220 - loadIPPluginJar : add comp
2026-03-19 16:55:05,306 [INFO] IPUIPlugin:80 - create IPUIPlugin
2026-03-19 16:55:05,306 [INFO] PluginManager:220 - loadIPPluginJar : add cryp
2026-03-19 16:55:05,309 [INFO] IPUIPlugin:80 - create IPUIPlugin
2026-03-19 16:55:05,309 [INFO] PluginManager:220 - loadIPPluginJar : add ddr_ctrl_phy
2026-03-19 16:55:05,311 [INFO] IPUIPlugin:80 - create IPUIPlugin
2026-03-19 16:55:05,311 [INFO] PluginManager:220 - loadIPPluginJar : add dfsdm
2026-03-19 16:55:05,317 [INFO] IPUIPlugin:80 - create IPUIPlugin
2026-03-19 16:55:05,317 [INFO] PluginManager:220 - loadIPPluginJar : add dma
2026-03-19 16:55:05,319 [INFO] IPUIPlugin:80 - create IPUIPlugin
2026-03-19 16:55:05,320 [INFO] PluginManager:220 - loadIPPluginJar : add dma3
2026-03-19 16:55:05,322 [INFO] IPUIPlugin:80 - create IPUIPlugin
2026-03-19 16:55:05,322 [INFO] PluginManager:220 - loadIPPluginJar : add extmemmanager
2026-03-19 16:55:05,323 [INFO] IPUIPlugin:80 - create IPUIPlugin
2026-03-19 16:55:05,323 [INFO] PluginManager:220 - loadIPPluginJar : add fatfs
2026-03-19 16:55:05,327 [INFO] IPUIPlugin:80 - create IPUIPlugin
2026-03-19 16:55:05,327 [INFO] PluginManager:220 - loadIPPluginJar : add fmc
2026-03-19 16:55:05,332 [INFO] IPUIPlugin:80 - create IPUIPlugin
2026-03-19 16:55:05,332 [INFO] PluginManager:220 - loadIPPluginJar : add freertos
2026-03-19 16:55:05,334 [INFO] IPUIPlugin:80 - create IPUIPlugin
2026-03-19 16:55:05,334 [INFO] PluginManager:220 - loadIPPluginJar : add genericplugin
2026-03-19 16:55:05,337 [INFO] IPUIPlugin:80 - create IPUIPlugin
2026-03-19 16:55:05,337 [INFO] PluginManager:220 - loadIPPluginJar : add gfxmmu
2026-03-19 16:55:05,341 [INFO] IPUIPlugin:80 - create IPUIPlugin
2026-03-19 16:55:05,342 [INFO] PluginManager:220 - loadIPPluginJar : add gic
2026-03-19 16:55:05,345 [INFO] IPUIPlugin:80 - create IPUIPlugin
2026-03-19 16:55:05,346 [INFO] PluginManager:220 - loadIPPluginJar : add gpio
2026-03-19 16:55:05,349 [INFO] IPUIPlugin:80 - create IPUIPlugin
2026-03-19 16:55:05,349 [INFO] PluginManager:220 - loadIPPluginJar : add gtzc
2026-03-19 16:55:05,351 [INFO] IPUIPlugin:80 - create IPUIPlugin
2026-03-19 16:55:05,351 [INFO] PluginManager:220 - loadIPPluginJar : add hash
2026-03-19 16:55:05,353 [INFO] IPUIPlugin:80 - create IPUIPlugin
2026-03-19 16:55:05,354 [INFO] PluginManager:220 - loadIPPluginJar : add i2c
2026-03-19 16:55:05,356 [INFO] IPUIPlugin:80 - create IPUIPlugin
2026-03-19 16:55:05,356 [INFO] PluginManager:220 - loadIPPluginJar : add i2s
2026-03-19 16:55:05,358 [INFO] IPUIPlugin:80 - create IPUIPlugin
2026-03-19 16:55:05,358 [INFO] PluginManager:220 - loadIPPluginJar : add i3c
2026-03-19 16:55:05,363 [INFO] IPUIPlugin:80 - create IPUIPlugin
2026-03-19 16:55:05,363 [INFO] PluginManager:220 - loadIPPluginJar : add ipddr
2026-03-19 16:55:05,371 [INFO] IPUIPlugin:80 - create IPUIPlugin
2026-03-19 16:55:05,371 [INFO] PluginManager:220 - loadIPPluginJar : add linkedlist
2026-03-19 16:55:05,374 [INFO] IPUIPlugin:80 - create IPUIPlugin
2026-03-19 16:55:05,374 [INFO] PluginManager:220 - loadIPPluginJar : add lorawan
2026-03-19 16:55:05,376 [INFO] IPUIPlugin:80 - create IPUIPlugin
2026-03-19 16:55:05,376 [INFO] PluginManager:220 - loadIPPluginJar : add ltdc
2026-03-19 16:55:05,382 [INFO] IPUIPlugin:80 - create IPUIPlugin
2026-03-19 16:55:05,382 [INFO] PluginManager:220 - loadIPPluginJar : add mdma
2026-03-19 16:55:05,385 [INFO] IPUIPlugin:80 - create IPUIPlugin
2026-03-19 16:55:05,385 [INFO] PluginManager:220 - loadIPPluginJar : add nvic
2026-03-19 16:55:05,388 [INFO] IPUIPlugin:80 - create IPUIPlugin
2026-03-19 16:55:05,388 [INFO] PluginManager:220 - loadIPPluginJar : add opamp
2026-03-19 16:55:05,390 [INFO] IPUIPlugin:80 - create IPUIPlugin
2026-03-19 16:55:05,390 [INFO] PluginManager:220 - loadIPPluginJar : add openamp
2026-03-19 16:55:05,394 [INFO] IPUIPlugin:80 - create IPUIPlugin
2026-03-19 16:55:05,394 [INFO] PluginManager:220 - loadIPPluginJar : add pdm2pcm
2026-03-19 16:55:05,399 [INFO] IPUIPlugin:80 - create IPUIPlugin
2026-03-19 16:55:05,403 [INFO] PluginManager:220 - loadIPPluginJar : add plateformsettings
2026-03-19 16:55:05,404 [INFO] IPUIPlugin:80 - create IPUIPlugin
2026-03-19 16:55:05,404 [INFO] PluginManager:220 - loadIPPluginJar : add quadspi
2026-03-19 16:55:05,406 [INFO] IPUIPlugin:80 - create IPUIPlugin
2026-03-19 16:55:05,407 [INFO] PluginManager:220 - loadIPPluginJar : add radio
2026-03-19 16:55:05,410 [INFO] IPUIPlugin:80 - create IPUIPlugin
2026-03-19 16:55:05,410 [INFO] PluginManager:220 - loadIPPluginJar : add resmgrutility
2026-03-19 16:55:05,413 [INFO] IPUIPlugin:80 - create IPUIPlugin
2026-03-19 16:55:05,413 [INFO] PluginManager:220 - loadIPPluginJar : add sai
2026-03-19 16:55:05,416 [INFO] IPUIPlugin:80 - create IPUIPlugin
2026-03-19 16:55:05,416 [INFO] PluginManager:220 - loadIPPluginJar : add spi
2026-03-19 16:55:05,424 [INFO] IPUIPlugin:80 - create IPUIPlugin
2026-03-19 16:55:05,424 [INFO] PluginManager:220 - loadIPPluginJar : add stm32_wpan
2026-03-19 16:55:05,427 [INFO] IPUIPlugin:80 - create IPUIPlugin
2026-03-19 16:55:05,427 [INFO] PluginManager:220 - loadIPPluginJar : add tim
2026-03-19 16:55:05,432 [INFO] IPUIPlugin:80 - create IPUIPlugin
2026-03-19 16:55:05,433 [INFO] PluginManager:220 - loadIPPluginJar : add touchsensing
2026-03-19 16:55:05,435 [INFO] IPUIPlugin:80 - create IPUIPlugin
2026-03-19 16:55:05,435 [INFO] PluginManager:220 - loadIPPluginJar : add tracer_emb
2026-03-19 16:55:05,438 [INFO] IPUIPlugin:80 - create IPUIPlugin
2026-03-19 16:55:05,438 [INFO] PluginManager:220 - loadIPPluginJar : add ts
2026-03-19 16:55:05,439 [INFO] IPUIPlugin:80 - create IPUIPlugin
2026-03-19 16:55:05,439 [INFO] PluginManager:220 - loadIPPluginJar : add tsc
2026-03-19 16:55:05,441 [INFO] IPUIPlugin:80 - create IPUIPlugin
2026-03-19 16:55:05,441 [INFO] PluginManager:220 - loadIPPluginJar : add ucpd
2026-03-19 16:55:05,444 [INFO] IPUIPlugin:80 - create IPUIPlugin
2026-03-19 16:55:05,444 [INFO] PluginManager:220 - loadIPPluginJar : add usart
2026-03-19 16:55:05,447 [INFO] IPUIPlugin:80 - create IPUIPlugin
2026-03-19 16:55:05,448 [INFO] PluginManager:220 - loadIPPluginJar : add usbx
2026-03-19 16:55:05,571 [FATAL] Updater:351 - Updater called before beeing initialized
2026-03-19 16:55:05,623 [INFO] RulesReader:64 - Compatibility file has been processed (317 Rules)
2026-03-19 16:55:05,635 [INFO] RulesReader:64 - Compatibility file has been processed (317 Rules)
2026-03-19 16:55:05,644 [INFO] CADModel:165 - CPN selected for project level
2026-03-19 16:55:05,644 [INFO] CADModel:114 - Register for checkConnection events
2026-03-19 16:55:05,644 [FATAL] Updater:351 - Updater called before beeing initialized
2026-03-19 16:55:05,644 [ERROR] CADModel:125 - Updater not yet initialized, retry later 
2026-03-19 16:55:05,762 [FATAL] Updater:351 - Updater called before beeing initialized
2026-03-19 16:55:05,763 [INFO] CADModel:165 - CPN selected for project level
2026-03-19 16:55:05,763 [INFO] CADModel:114 - Register for checkConnection events
2026-03-19 16:55:05,764 [FATAL] Updater:351 - Updater called before beeing initialized
2026-03-19 16:55:05,764 [ERROR] CADModel:125 - Updater not yet initialized, retry later 
2026-03-19 16:55:05,767 [FATAL] Updater:351 - Updater called before beeing initialized
2026-03-19 16:55:05,870 [FATAL] Updater:351 - Updater called before beeing initialized
2026-03-19 16:55:05,873 [INFO] DbMcusAds:53 - JSON generation date=Thu Mar 05 20:02:52 IST 2026 (1772721172610)
2026-03-19 16:55:05,873 [FATAL] Updater:351 - Updater called before beeing initialized
2026-03-19 16:55:05,901 [WARN] DetailPanel:346 - Failed to get advertising image, set to default
2026-03-19 16:55:05,965 [FATAL] Updater:351 - Updater called before beeing initialized
2026-03-19 16:55:05,967 [FATAL] Updater:351 - Updater called before beeing initialized
2026-03-19 16:55:05,967 [FATAL] Updater:351 - Updater called before beeing initialized
2026-03-19 16:55:05,967 [WARN] DetailPanel:346 - Failed to get advertising image, set to default
2026-03-19 16:55:05,968 [FATAL] Updater:351 - Updater called before beeing initialized
2026-03-19 16:55:06,008 [ERROR] Updater:1198 - MainUpdater not yet initialized. External WinMGr cannot be set.
2026-03-19 16:55:06,009 [INFO] Updater:1134 - Updater Version found : 6.15.0
2026-03-19 16:55:06,026 [INFO] ApplicationProperties:184 - Using Application install path: C:\STM\STM32CubeIDE_1.19.0\STM32CubeIDE\plugins\com.st.stm32cube.common.mx_6.15.0.202507011659
2026-03-19 16:55:07,600 [ERROR] LogOutputStream:75 - [STDERR_REDIRECT] Mar 19, 2026 4:55:07 PM java.util.prefs.WindowsPreferences <init>
2026-03-19 16:55:07,601 [ERROR] LogOutputStream:75 - [STDERR_REDIRECT] WARNING: Could not open/create prefs root node Software\JavaSoft\Prefs at root 0xffffffff80000002. Windows RegCreateKeyEx(...) returned error code 5.
2026-03-19 16:55:07,601 [ERROR] LogOutputStream:75 - [STDERR_REDIRECT] 
2026-03-19 16:55:07,829 [INFO] ThirdPartyUpdaterWithRetryManager:70 - Updater plugin not ready yet. [2/15]
2026-03-19 16:55:08,027 [INFO] MainUpdater:2872 - connection check result : 10
2026-03-19 16:55:08,028 [INFO] MainUpdater:289 - Updater Check For Update Now.
2026-03-19 16:55:08,029 [INFO] MicroXplorer:498 - Change Database Version : DB.6.0.150
2026-03-19 16:55:08,049 [INFO] McuFinderGlobals:63 - Set McuFinder mode to 2 (CubeIDE integrated)
2026-03-19 16:55:08,050 [INFO] UserAuth:487 - Internet connection configuration mode: 1
2026-03-19 16:55:08,127 [INFO] JxBrowserEngine:152 - Initiate JxBrowser Engine with user profile folder
2026-03-19 16:55:08,266 [INFO] CheckServerUpdateThread:120 - End of CheckServer Thread
2026-03-19 16:55:10,595 [INFO] WebApp:169 - Instantiating new browser for Auth
2026-03-19 16:55:11,396 [WARN] PackLoader:240 - Cannot read IP mode file for STMicroelectronics.X-CUBE-AZRTOS-H7.3.5.0
2026-03-19 16:55:11,411 [WARN] PackLoader:240 - Cannot read IP mode file for STMicroelectronics.FP-SNS-MOTENVWB1.1.4.0
2026-03-19 16:55:11,420 [WARN] PackLoader:240 - Cannot read IP mode file for STMicroelectronics.FP-ATR-ASTRA1.2.0.2
2026-03-19 16:55:11,430 [WARN] PackLoader:240 - Cannot read IP mode file for STMicroelectronics.X-CUBE-SMBUS.2.1.0
2026-03-19 16:55:11,438 [WARN] PackLoader:240 - Cannot read IP mode file for STMicroelectronics.X-CUBE-ST60.1.0.0
2026-03-19 16:55:11,465 [WARN] PackLoader:240 - Cannot read IP mode file for STMicroelectronics.X-CUBE-AZRTOS-F7.1.1.0
2026-03-19 16:55:11,484 [WARN] PackLoader:240 - Cannot read IP mode file for Cesanta.I-CUBE-Mongoose.7.19.0
2026-03-19 16:55:11,491 [WARN] PackLoader:240 - Cannot read IP mode file for STMicroelectronics.FP-SNS-MOTENV1.5.1.0
2026-03-19 16:55:11,506 [WARN] PackLoader:240 - Cannot read IP mode file for WES.I-CUBE-Cesium.1.4.0
2026-03-19 16:55:11,605 [WARN] PackLoader:240 - Cannot read IP mode file for Infineon.AIROC-Wi-Fi-Bluetooth-STM32.1.7.1
2026-03-19 16:55:11,873 [WARN] PackLoader:240 - Cannot read IP mode file for STMicroelectronics.X-CUBE-AZRTOS-H7.3.4.0
2026-03-19 16:55:11,889 [WARN] PackLoader:240 - Cannot read IP mode file for STMicroelectronics.X-CUBE-DISPLAY.3.0.0
2026-03-19 16:55:11,900 [WARN] PackLoader:240 - Cannot read IP mode file for STMicroelectronics.FP-SNS-MOTENVWB1.1.5.0
2026-03-19 16:55:11,910 [WARN] PackLoader:240 - Cannot read IP mode file for STMicroelectronics.X-CUBE-NFC10.1.0.0
2026-03-19 16:55:11,918 [WARN] PackLoader:240 - Cannot read IP mode file for STMicroelectronics.X-CUBE-ST60.1.1.0
2026-03-19 16:55:11,925 [WARN] PackLoader:240 - Cannot read IP mode file for emotas.I-CUBE-CANOPEN.1.3.0
2026-03-19 16:55:11,931 [WARN] PackLoader:240 - Cannot read IP mode file for STMicroelectronics.X-CUBE-GNSS1.7.1.0
2026-03-19 16:55:11,940 [WARN] PackLoader:240 - Cannot read IP mode file for STMicroelectronics.FP-SNS-STBOX1.2.1.0
2026-03-19 16:55:11,949 [WARN] PackLoader:240 - Cannot read IP mode file for STMicroelectronics.FP-SNS-SMARTAG2.1.2.0
2026-03-19 16:55:11,954 [WARN] PackLoader:240 - Cannot read IP mode file for STMicroelectronics.FP-SNS-FLIGHT1.5.1.0
2026-03-19 16:55:11,964 [INFO] LogOutputStream:77 - [STDOUT_REDIRECT] 1 : Invalid condition id : UX_CORESTACK_Condition cause : null
2026-03-19 16:55:11,965 [INFO] LogOutputStream:77 - [STDOUT_REDIRECT] 1 : Invalid condition id : UX_CORESTACK_Condition cause : null
2026-03-19 16:55:11,967 [INFO] LogOutputStream:77 - [STDOUT_REDIRECT] 1 : Invalid condition id : UX_CORESTACK_Condition cause : null
2026-03-19 16:55:11,969 [INFO] LogOutputStream:77 - [STDOUT_REDIRECT] 1 : Invalid condition id : UX_CORESTACK_Condition cause : null
2026-03-19 16:55:11,969 [INFO] LogOutputStream:77 - [STDOUT_REDIRECT] 1 : Invalid condition id : UX_CORESTACK_Condition cause : null
2026-03-19 16:55:11,972 [WARN] PackLoader:240 - Cannot read IP mode file for STMicroelectronics.X-CUBE-AZRTOS-WL.2.0.0
2026-03-19 16:55:11,977 [WARN] PackLoader:240 - Cannot read IP mode file for STMicroelectronics.FP-SNS-MOTENV1.5.0.0
2026-03-19 16:55:11,995 [WARN] PackLoader:240 - Cannot read IP mode file for STMicroelectronics.X-CUBE-AZRTOS-H7RS.1.2.0
2026-03-19 16:55:12,007 [WARN] PackLoader:240 - Cannot read IP mode file for STMicroelectronics.X-CUBE-BLE2.3.3.0
2026-03-19 16:55:12,033 [WARN] PackLoader:240 - Cannot read IP mode file for STMicroelectronics.X-CUBE-NFC9.1.0.0
2026-03-19 16:55:12,041 [WARN] PackLoader:240 - Cannot read IP mode file for wolfSSL.I-CUBE-wolfSSL.5.8.2
2026-03-19 16:55:12,046 [WARN] PackLoader:240 - Cannot read IP mode file for STMicroelectronics.X-CUBE-BLE1.7.1.0
2026-03-19 16:55:12,052 [WARN] PackLoader:240 - Cannot read IP mode file for wolfSSL.I-CUBE-wolfMQTT.1.19.2
2026-03-19 16:55:12,058 [WARN] PackLoader:240 - Cannot read IP mode file for STMicroelectronics.X-CUBE-FREERTOS.1.4.0
2026-03-19 16:55:12,065 [WARN] PackLoader:240 - Cannot read IP mode file for STMicroelectronics.X-CUBE-EEPRMA1.5.2.0
2026-03-19 16:55:12,072 [WARN] PackLoader:240 - Cannot read IP mode file for STMicroelectronics.X-CUBE-ST67W61.1.1.0
2026-03-19 16:55:12,124 [WARN] PackLoader:240 - Cannot read IP mode file for STMicroelectronics.X-CUBE-MEMS1.12.0.0
2026-03-19 16:55:12,259 [WARN] PackLoader:240 - Cannot read IP mode file for STMicroelectronics.X-CUBE-AZRTOS-G0.1.1.0
2026-03-19 16:55:12,268 [WARN] PackLoader:240 - Cannot read IP mode file for STMicroelectronics.X-CUBE-SAFEA1.1.2.2
2026-03-19 16:55:12,275 [WARN] PackLoader:240 - Cannot read IP mode file for STMicroelectronics.X-CUBE-NFC4.3.0.0
2026-03-19 16:55:12,284 [WARN] PackLoader:240 - Cannot read IP mode file for EmbeddedOffice.I-CUBE-FS-RTOS.1.0.1
2026-03-19 16:55:12,291 [WARN] PackLoader:240 - Cannot read IP mode file for STMicroelectronics.X-CUBE-WB05N.2.0.0
2026-03-19 16:55:12,326 [WARN] PackLoader:240 - Cannot read IP mode file for wolfSSL.I-CUBE-wolfTPM.3.8.0
2026-03-19 16:55:12,336 [WARN] PackLoader:240 - Cannot read IP mode file for STMicroelectronics.X-CUBE-TCPP.4.2.0
2026-03-19 16:55:12,345 [WARN] PackLoader:240 - Cannot read IP mode file for RealThread.X-CUBE-RT-Thread_Nano.4.1.1
2026-03-19 16:55:12,350 [WARN] PackLoader:240 - Cannot read IP mode file for STMicroelectronics.FP-ATR-SIGFOX1.3.2.0
2026-03-19 16:55:12,356 [WARN] PackLoader:240 - Cannot read IP mode file for STMicroelectronics.X-CUBE-FREERTOS.1.5.0
2026-03-19 16:55:12,371 [WARN] PackLoader:240 - Cannot read IP mode file for ITTIA_DB.I-CUBE-ITTIADB.8.9.0
2026-03-19 16:55:12,391 [WARN] PackLoader:240 - Cannot read IP mode file for STMicroelectronics.X-CUBE-NFC6.3.2.0
2026-03-19 16:55:12,401 [WARN] PackLoader:240 - Cannot read IP mode file for STMicroelectronics.X-CUBE-ST67W61.1.0.0
2026-03-19 16:55:12,410 [WARN] PackLoader:240 - Cannot read IP mode file for STMicroelectronics.X-CUBE-AI.10.2.0
2026-03-19 16:55:12,459 [WARN] PackLoader:240 - Cannot read IP mode file for SEGGER.I-CUBE-embOS.1.3.1
2026-03-19 16:55:12,494 [WARN] PackLoader:240 - Cannot read IP mode file for STMicroelectronics.X-CUBE-ALGOBUILD.1.4.0
2026-03-19 16:55:12,534 [WARN] PackLoader:240 - Cannot read IP mode file for STMicroelectronics.X-CUBE-MEMS1.11.3.0
2026-03-19 16:55:12,669 [WARN] PackLoader:240 - Cannot read IP mode file for STMicroelectronics.X-CUBE-PM33A1.1.0.0
2026-03-19 16:55:12,688 [WARN] PackLoader:240 - Cannot read IP mode file for STMicroelectronics.X-CUBE-AZRTOS-F4.1.1.0
2026-03-19 16:55:12,696 [WARN] PackLoader:240 - Cannot read IP mode file for STMicroelectronics.X-CUBE-ISPU.2.1.0
2026-03-19 16:55:12,710 [WARN] PackLoader:240 - Cannot read IP mode file for STMicroelectronics.X-CUBE-IPS.3.2.0
2026-03-19 16:55:12,723 [WARN] PackLoader:240 - Cannot read IP mode file for STMicroelectronics.X-CUBE-NFC12.1.0.0
2026-03-19 16:55:12,742 [WARN] PackLoader:240 - Cannot read IP mode file for STMicroelectronics.X-CUBE-AZRTOS-L5.2.0.0
2026-03-19 16:55:12,752 [WARN] PackLoader:240 - Cannot read IP mode file for STMicroelectronics.X-CUBE-NFC6.3.1.0
2026-03-19 16:55:12,760 [WARN] PackLoader:240 - Cannot read IP mode file for STMicroelectronics.X-CUBE-FREERTOS.1.3.1
2026-03-19 16:55:12,967 [WARN] PackLoader:240 - Cannot read IP mode file for STMicroelectronics.X-CUBE-TOUCHGFX.4.26.0
2026-03-19 16:55:12,981 [WARN] PackLoader:240 - Cannot read IP mode file for STMicroelectronics.X-CUBE-TOUCHGFX.4.26.1
2026-03-19 16:55:13,003 [WARN] PackLoader:240 - Cannot read IP mode file for STMicroelectronics.FP-SNS-STAIOTCFT.1.0.0
2026-03-19 16:55:13,022 [WARN] PackLoader:240 - Cannot read IP mode file for STMicroelectronics.X-CUBE-DPower.1.3.0
2026-03-19 16:55:13,040 [WARN] ConditionMgr:438 - getConditionDescription Invalid condition id : LAN8742 Phy interface Condition cause : null
2026-03-19 16:55:13,041 [WARN] PackLoader:240 - Cannot read IP mode file for STMicroelectronics.X-CUBE-AZRTOS-L4.2.0.0
2026-03-19 16:55:13,042 [WARN] ConditionMgr:1044 - genDependencies : Invalid condition id : LAN8742 Phy interface Condition cause : null
2026-03-19 16:55:13,043 [WARN] ConditionMgr:1044 - genDependencies : Invalid condition id : LAN8742 Phy interface Condition cause : null
2026-03-19 16:55:13,043 [WARN] ConditionMgr:1044 - genDependencies : Invalid condition id : LAN8742 Phy interface Condition cause : null
2026-03-19 16:55:13,052 [WARN] PackLoader:240 - Cannot read IP mode file for STMicroelectronics.X-CUBE-SFXS2LP1.4.0.0
2026-03-19 16:55:13,059 [WARN] PackLoader:240 - Cannot read IP mode file for STMicroelectronics.X-CUBE-ST67W61.1.2.0
2026-03-19 16:55:13,069 [WARN] PackLoader:240 - Cannot read IP mode file for STMicroelectronics.X-CUBE-BLEMGR.4.1.0
2026-03-19 16:55:13,088 [WARN] ConditionMgr:438 - getConditionDescription Invalid condition id : UX DEVICE CLASS RTOS Condition cause : null
2026-03-19 16:55:13,089 [WARN] ConditionMgr:438 - getConditionDescription Invalid condition id : UX DEVICE CLASS RTOS Condition cause : null
2026-03-19 16:55:13,091 [WARN] PackLoader:240 - Cannot read IP mode file for STMicroelectronics.X-CUBE-AZRTOS-WB.2.0.0
2026-03-19 16:55:13,092 [WARN] ConditionMgr:1044 - genDependencies : Invalid condition id : UX DEVICE CLASS RTOS Condition cause : null
2026-03-19 16:55:13,092 [WARN] ConditionMgr:1044 - genDependencies : Invalid condition id : UX DEVICE CLASS RTOS Condition cause : null
2026-03-19 16:55:13,092 [WARN] ConditionMgr:1044 - genDependencies : Invalid condition id : UX DEVICE CLASS RTOS Condition cause : null
2026-03-19 16:55:13,092 [WARN] ConditionMgr:1044 - genDependencies : Invalid condition id : UX DEVICE CLASS RTOS Condition cause : null
2026-03-19 16:55:13,092 [WARN] ConditionMgr:1044 - genDependencies : Invalid condition id : UX DEVICE CLASS RTOS Condition cause : null
2026-03-19 16:55:13,098 [WARN] PackLoader:240 - Cannot read IP mode file for STMicroelectronics.X-CUBE-GNSS1.7.0.1
2026-03-19 16:55:13,106 [WARN] ConditionMgr:438 - getConditionDescription Invalid condition id : Cortex-A Device cause : null
2026-03-19 16:55:13,120 [WARN] ConditionMgr:1044 - genDependencies : Invalid condition id : Cortex-A Device cause : null
2026-03-19 16:55:13,120 [WARN] ConditionMgr:1044 - genDependencies : Invalid condition id : Cortex-A Device cause : null
2026-03-19 16:55:13,120 [WARN] ConditionMgr:1044 - genDependencies : Invalid condition id : Cortex-A Device cause : null
2026-03-19 16:55:13,127 [WARN] PackLoader:240 - Cannot read IP mode file for STMicroelectronics.X-CUBE-STSE01.2.0.0
2026-03-19 16:55:13,138 [WARN] PackLoader:240 - Cannot read IP mode file for STMicroelectronics.X-CUBE-SUBG2.5.0.0
2026-03-19 16:55:13,165 [WARN] PackLoader:240 - Cannot read IP mode file for STMicroelectronics.X-CUBE-AZRTOS-H7RS.1.1.0
2026-03-19 16:55:13,184 [WARN] PackLoader:240 - Cannot read IP mode file for STMicroelectronics.X-CUBE-AZRTOS-G4.2.0.0
2026-03-19 16:55:13,191 [WARN] PackLoader:240 - Cannot read IP mode file for wolfSSL.I-CUBE-wolfSSH.1.4.20
2026-03-19 16:55:13,198 [WARN] PackLoader:240 - Cannot read IP mode file for STMicroelectronics.X-CUBE-NFC7.2.0.0
2026-03-19 16:55:13,209 [WARN] PackLoader:240 - Cannot read IP mode file for STMicroelectronics.X-CUBE-IPS.3.1.0
2026-03-19 16:55:13,219 [WARN] PackLoader:240 - Cannot read IP mode file for STMicroelectronics.X-CUBE-ALS.1.0.2
2026-03-19 16:55:13,227 [WARN] PackLoader:240 - Cannot read IP mode file for STMicroelectronics.X-CUBE-STSE01.1.0.0
2026-03-19 16:55:13,240 [WARN] PackLoader:240 - Cannot read IP mode file for STMicroelectronics.X-CUBE-TOF1.3.4.3
2026-03-19 16:55:13,250 [INFO] ThirdParty:978 - Integrity check success = true
2026-03-19 16:55:13,250 [INFO] IntegrityCheckThread:100 - exiting critical section [integrity check]
2026-03-19 16:55:13,251 [INFO] IntegrityCheckThread:103 - End integrity checks thread
2026-03-19 16:55:13,755 [INFO] WebApp:463 - Apply proxy settings
2026-03-19 16:55:13,756 [INFO] WebApp:548 - Chromium requires no authentication
2026-03-19 16:55:13,783 [INFO] WebApp:491 - Direct internet connection detected
2026-03-19 16:55:13,863 [INFO] WebApp:900 - Register for checkConnection events
2026-03-19 16:55:13,864 [INFO] WebApp:463 - Apply proxy settings
2026-03-19 16:55:13,864 [INFO] WebApp:548 - Chromium requires no authentication
2026-03-19 16:55:13,864 [INFO] WebApp:491 - Direct internet connection detected
2026-03-19 16:55:14,087 [INFO] WebApp:225 - Starting web application
2026-03-19 16:55:14,088 [INFO] WebApp:593 - Web application path used C:\STM\STM32CubeIDE_1.19.0\STM32CubeIDE\plugins\com.st.stm32cube.common.mx_6.15.0.202507011659\db\plugins\mcufinder\reactClient1\index.html
2026-03-19 16:55:14,532 [INFO] WebApp:191 - Connection restablished
2026-03-19 16:55:14,798 [INFO] UserAuth:487 - Internet connection configuration mode: 1
2026-03-19 17:17:14,224 [INFO] WebApp:194 - Connection lost
2026-03-19 17:26:09,337 [INFO] WebApp:191 - Connection restablished
2026-03-19 17:26:10,894 [INFO] WebApp:194 - Connection lost
2026-03-19 17:26:11,193 [INFO] WebApp:191 - Connection restablished
2026-03-19 17:36:47,313 [INFO] WebApp:194 - Connection lost
2026-03-19 17:36:48,617 [INFO] WebApp:191 - Connection restablished
2026-03-19 17:36:53,315 [INFO] WebApp:194 - Connection lost
2026-03-19 17:36:53,737 [INFO] WebApp:191 - Connection restablished
2026-03-19 18:57:08,700 [INFO] WebApp:194 - Connection lost
2026-03-19 18:59:38,426 [INFO] WebApp:191 - Connection restablished
2026-03-19 18:59:40,446 [INFO] WebApp:194 - Connection lost
2026-03-19 18:59:40,742 [INFO] WebApp:191 - Connection restablished
2026-03-19 19:26:07,213 [ERROR] LogOutputStream:75 - [STDERR_REDIRECT] 
2026-03-19 19:27:54,690 [INFO] Activator:176 - 


2026-03-19 19:27:54,691 [INFO] Activator:177 - !SESSION log4j initialized
2026-03-19 19:28:03,471 [INFO] LogOutputStream:77 - [STDOUT_REDIRECT] 
2026-03-19 19:28:05,394 [INFO] ApplicationProperties:184 - Using Application install path: C:\STM\STM32CubeIDE_1.19.0\STM32CubeIDE\plugins\com.st.stm32cube.common.mx_6.15.0.202507011659
2026-03-19 19:28:05,417 [INFO] DbMcusXml:78 - Set database path to: C:\STM\STM32CubeIDE_1.19.0\STM32CubeIDE\plugins\com.st.stm32cube.common.mx_6.15.0.202507011659\\db\/mcu/
2026-03-19 19:28:05,417 [INFO] ApiDb:274 - Set plugin database path to: C:\STM\STM32CubeIDE_1.19.0\STM32CubeIDE\plugins\com.st.stm32cube.common.mx_6.15.0.202507011659\\db\/plugins/boardmanager/
2026-03-19 19:28:05,417 [WARN] ApiDb:259 - Overriding images path with different value:  => C:\STM\STM32CubeIDE_1.19.0\STM32CubeIDE\plugins\com.st.stm32cube.common.mx_6.15.0.202507011659\\db\/plugins/mcufinder/images/
2026-03-19 19:28:05,424 [INFO] ApiDb:250 - Set database path to: C:\Users\Atreya\.stmcufinder\plugins\mcufinder//mcu/
2026-03-19 19:28:05,426 [INFO] DbMcusAds:125 - Set database path to: C:\Users\Atreya\.stmcufinder\plugins\mcufinder//mcu/
2026-03-19 19:28:05,429 [INFO] CrossReferenceDbSqlite:203 - Set database path to: C:\Users\Atreya\.stmcufinder\plugins\mcufinder//mcu/cs/
2026-03-19 19:28:05,585 [INFO] RulesReader:64 - Compatibility file has been processed (317 Rules)
2026-03-19 19:28:05,674 [INFO] DbMcusXml:78 - Set database path to: C:\STM\STM32CubeIDE_1.19.0\STM32CubeIDE\plugins\com.st.stm32cube.common.mx_6.15.0.202507011659\\db\/mcu/
2026-03-19 19:28:05,676 [INFO] ApiDb:274 - Set plugin database path to: C:\STM\STM32CubeIDE_1.19.0\STM32CubeIDE\plugins\com.st.stm32cube.common.mx_6.15.0.202507011659\\db\/plugins/boardmanager/
2026-03-19 19:28:05,676 [INFO] ApiDb:261 - Set plugin images path to: C:\STM\STM32CubeIDE_1.19.0\STM32CubeIDE\plugins\com.st.stm32cube.common.mx_6.15.0.202507011659\\db\/plugins/mcufinder/images/
2026-03-19 19:28:05,676 [WARN] DbFile:41 - Overriding database path with different value: C:\Users\Atreya\.stmcufinder\plugins\mcufinder/ => C:\Users\Atreya\.stmcufinder\plugins\mcufinder
2026-03-19 19:28:05,676 [INFO] ApiDb:250 - Set database path to: C:\Users\Atreya\.stmcufinder\plugins\mcufinder//mcu/
2026-03-19 19:28:05,676 [WARN] DbFile:41 - Overriding database path with different value: C:\Users\Atreya\.stmcufinder\plugins\mcufinder/ => C:\Users\Atreya\.stmcufinder\plugins\mcufinder
2026-03-19 19:28:05,676 [INFO] DbMcusAds:125 - Set database path to: C:\Users\Atreya\.stmcufinder\plugins\mcufinder//mcu/
2026-03-19 19:28:05,676 [WARN] DbFile:41 - Overriding database path with different value: C:\Users\Atreya\.stmcufinder\plugins\mcufinder/ => C:\Users\Atreya\.stmcufinder\plugins\mcufinder
2026-03-19 19:28:05,677 [WARN] DbFile:41 - Overriding database path with different value: C:\Users\Atreya\.stmcufinder\plugins\mcufinder/ => C:\Users\Atreya\.stmcufinder\plugins\mcufinder
2026-03-19 19:28:05,677 [INFO] CrossReferenceDbSqlite:203 - Set database path to: C:\Users\Atreya\.stmcufinder\plugins\mcufinder//mcu/cs/
2026-03-19 19:28:05,763 [INFO] MainPanel:274 - HeapMemory: 268435456
2026-03-19 19:28:05,898 [INFO] DbMcusXml:78 - Set database path to: C:\STM\STM32CubeIDE_1.19.0\STM32CubeIDE\plugins\com.st.stm32cube.common.mx_6.15.0.202507011659\\db\/mcu/
2026-03-19 19:28:05,898 [INFO] ApiDb:274 - Set plugin database path to: C:\STM\STM32CubeIDE_1.19.0\STM32CubeIDE\plugins\com.st.stm32cube.common.mx_6.15.0.202507011659\\db\/plugins/boardmanager/
2026-03-19 19:28:05,898 [INFO] ApiDb:261 - Set plugin images path to: C:\STM\STM32CubeIDE_1.19.0\STM32CubeIDE\plugins\com.st.stm32cube.common.mx_6.15.0.202507011659\\db\/plugins/mcufinder/images/
2026-03-19 19:28:05,899 [WARN] DbFile:41 - Overriding database path with different value: C:\Users\Atreya\.stmcufinder\plugins\mcufinder/ => C:\Users\Atreya\.stmcufinder\plugins\mcufinder
2026-03-19 19:28:05,899 [INFO] ApiDb:250 - Set database path to: C:\Users\Atreya\.stmcufinder\plugins\mcufinder//mcu/
2026-03-19 19:28:05,899 [WARN] DbFile:41 - Overriding database path with different value: C:\Users\Atreya\.stmcufinder\plugins\mcufinder/ => C:\Users\Atreya\.stmcufinder\plugins\mcufinder
2026-03-19 19:28:05,899 [INFO] DbMcusAds:125 - Set database path to: C:\Users\Atreya\.stmcufinder\plugins\mcufinder//mcu/
2026-03-19 19:28:05,899 [WARN] DbFile:41 - Overriding database path with different value: C:\Users\Atreya\.stmcufinder\plugins\mcufinder/ => C:\Users\Atreya\.stmcufinder\plugins\mcufinder
2026-03-19 19:28:05,899 [WARN] DbFile:41 - Overriding database path with different value: C:\Users\Atreya\.stmcufinder\plugins\mcufinder/ => C:\Users\Atreya\.stmcufinder\plugins\mcufinder
2026-03-19 19:28:05,899 [INFO] CrossReferenceDbSqlite:203 - Set database path to: C:\Users\Atreya\.stmcufinder\plugins\mcufinder//mcu/cs/
2026-03-19 19:28:05,917 [INFO] ApplicationProperties:184 - Using Application install path: C:\STM\STM32CubeIDE_1.19.0\STM32CubeIDE\plugins\com.st.stm32cube.common.mx_6.15.0.202507011659
2026-03-19 19:28:05,919 [INFO] PluginManage:196 - Search for loadable plugins [exclusion list=, ]
2026-03-19 19:28:05,922 [INFO] PluginManage:310 - Check plugin analytics
2026-03-19 19:28:06,173 [INFO] AnalyticsPlugin:253 - Accepted Software Licenses: 
2026-03-19 19:28:06,175 [INFO] AnalyticsPlugin:255 - Accepted CMSIS Pack Licenses: 
2026-03-19 19:28:06,175 [INFO] AnalyticsPlugin:257 - Accepted Firmware Licenses: FW.F4.1.28.0
2026-03-19 19:28:06,177 [INFO] PluginManage:359 - Loaded plugin analytics (category:tool,tabindex:-1)
2026-03-19 19:28:06,178 [INFO] PluginManage:310 - Check plugin cadmodel
2026-03-19 19:28:06,186 [INFO] CADModel:105 - Init CAD model plugin
2026-03-19 19:28:06,187 [INFO] PluginManage:359 - Loaded plugin cadmodel (category:power,tabindex:5)
2026-03-19 19:28:06,187 [INFO] PluginManage:310 - Check plugin clock
2026-03-19 19:28:06,200 [INFO] PluginManage:359 - Loaded plugin clock (category:base,tabindex:2)
2026-03-19 19:28:06,200 [INFO] PluginManage:310 - Check plugin ddr
2026-03-19 19:28:06,203 [INFO] PluginManage:359 - Loaded plugin ddr (category:tool,tabindex:6)
2026-03-19 19:28:06,203 [INFO] PluginManage:310 - Check plugin filemanager
2026-03-19 19:28:06,392 [INFO] PluginManage:359 - Loaded plugin filemanager (category:base,tabindex:10)
2026-03-19 19:28:06,393 [INFO] PluginManage:310 - Check plugin ipmanager
2026-03-19 19:28:06,402 [INFO] PluginManage:359 - Loaded plugin ipmanager (category:base,tabindex:5)
2026-03-19 19:28:06,402 [INFO] PluginManage:310 - Check plugin lpbam
2026-03-19 19:28:06,410 [INFO] PluginManage:359 - Loaded plugin lpbam (category:base,tabindex:0)
2026-03-19 19:28:06,410 [INFO] PluginManage:310 - Check plugin memorymap
2026-03-19 19:28:06,426 [INFO] PluginManage:359 - Loaded plugin memorymap (category:base,tabindex:4)
2026-03-19 19:28:06,426 [INFO] PluginManage:310 - Check plugin pinoutandconfiguration
2026-03-19 19:28:06,438 [INFO] PluginManage:359 - Loaded plugin pinoutandconfiguration (category:base,tabindex:1)
2026-03-19 19:28:06,440 [INFO] PluginManage:310 - Check plugin pinoutconfig
2026-03-19 19:28:06,535 [WARN] SupportedApi:132 - Cannot load RTOS API schema: s4s-elt-must-match.1: The content of 'definitions' must match (annotation?, (simpleType | complexType)?, (unique | key | keyref)*)). A problem was found starting at: attribute.
2026-03-19 19:28:06,679 [INFO] PluginManage:359 - Loaded plugin pinoutconfig (category:base,tabindex:0)
2026-03-19 19:28:06,680 [INFO] PluginManage:310 - Check plugin power
2026-03-19 19:28:06,693 [INFO] PluginManage:359 - Loaded plugin power (category:power,tabindex:4)
2026-03-19 19:28:06,693 [INFO] PluginManage:310 - Check plugin projectmanager
2026-03-19 19:28:06,710 [INFO] PluginManage:359 - Loaded plugin projectmanager (category:projectmanager,tabindex:4)
2026-03-19 19:28:06,710 [INFO] PluginManage:310 - Check plugin rif
2026-03-19 19:28:06,724 [INFO] PluginManage:359 - Loaded plugin rif (category:base,tabindex:3)
2026-03-19 19:28:06,724 [INFO] PluginManage:310 - Check plugin thirdparty
2026-03-19 19:28:06,902 [INFO] PluginManage:359 - Loaded plugin thirdparty (category:base,tabindex:-1)
2026-03-19 19:28:06,904 [INFO] PluginManage:310 - Check plugin tools
2026-03-19 19:28:06,902 [WARN] IntegrityCheckThread:84 - waiting for thirdparty lock release [integrity check]
2026-03-19 19:28:06,906 [INFO] IntegrityCheckThread:86 - entering critical section [integrity check]
2026-03-19 19:28:06,906 [INFO] ThirdPartyUpdaterWithRetryManager:70 - Updater plugin not ready yet. [1/15]
2026-03-19 19:28:06,907 [INFO] PluginManage:359 - Loaded plugin tools (category:base,tabindex:7)
2026-03-19 19:28:06,907 [INFO] PluginManage:310 - Check plugin tutovideos
2026-03-19 19:28:07,134 [INFO] PluginManage:359 - Loaded plugin tutovideos (category:base,tabindex:-1)
2026-03-19 19:28:07,134 [INFO] PluginManage:310 - Check plugin updater
2026-03-19 19:28:07,158 [INFO] PluginManage:359 - Loaded plugin updater (category:base,tabindex:12)
2026-03-19 19:28:07,158 [INFO] PluginManage:310 - Check plugin userauth
2026-03-19 19:28:07,163 [INFO] UserAuth:118 - Init User Auth plugin
2026-03-19 19:28:07,163 [INFO] PluginManage:359 - Loaded plugin userauth (category:base,tabindex:14)
2026-03-19 19:28:07,163 [INFO] PluginManage:283 - PluginManage : Loaded plugins [18]
2026-03-19 19:28:07,395 [INFO] PinOutPanel:1589 - setPackage(No Configuration,No Configuration)
2026-03-19 19:28:07,488 [INFO] CADModel:165 - CPN selected for project level
2026-03-19 19:28:07,488 [INFO] CADModel:114 - Register for checkConnection events
2026-03-19 19:28:07,513 [INFO] IPUIPlugin:80 - create IPUIPlugin
2026-03-19 19:28:07,513 [INFO] PluginManager:220 - loadIPPluginJar : add adc
2026-03-19 19:28:07,518 [INFO] IPUIPlugin:80 - create IPUIPlugin
2026-03-19 19:28:07,519 [INFO] PluginManager:220 - loadIPPluginJar : add aes
2026-03-19 19:28:07,522 [INFO] IPUIPlugin:80 - create IPUIPlugin
2026-03-19 19:28:07,522 [INFO] PluginManager:220 - loadIPPluginJar : add can
2026-03-19 19:28:07,526 [INFO] IPUIPlugin:80 - create IPUIPlugin
2026-03-19 19:28:07,526 [INFO] PluginManager:220 - loadIPPluginJar : add comp
2026-03-19 19:28:07,531 [INFO] IPUIPlugin:80 - create IPUIPlugin
2026-03-19 19:28:07,531 [INFO] PluginManager:220 - loadIPPluginJar : add cryp
2026-03-19 19:28:07,536 [INFO] IPUIPlugin:80 - create IPUIPlugin
2026-03-19 19:28:07,538 [INFO] PluginManager:220 - loadIPPluginJar : add ddr_ctrl_phy
2026-03-19 19:28:07,541 [INFO] IPUIPlugin:80 - create IPUIPlugin
2026-03-19 19:28:07,541 [INFO] PluginManager:220 - loadIPPluginJar : add dfsdm
2026-03-19 19:28:07,551 [INFO] IPUIPlugin:80 - create IPUIPlugin
2026-03-19 19:28:07,552 [INFO] PluginManager:220 - loadIPPluginJar : add dma
2026-03-19 19:28:07,556 [INFO] IPUIPlugin:80 - create IPUIPlugin
2026-03-19 19:28:07,556 [INFO] PluginManager:220 - loadIPPluginJar : add dma3
2026-03-19 19:28:07,560 [INFO] IPUIPlugin:80 - create IPUIPlugin
2026-03-19 19:28:07,561 [INFO] PluginManager:220 - loadIPPluginJar : add extmemmanager
2026-03-19 19:28:07,565 [INFO] IPUIPlugin:80 - create IPUIPlugin
2026-03-19 19:28:07,565 [INFO] PluginManager:220 - loadIPPluginJar : add fatfs
2026-03-19 19:28:07,571 [INFO] IPUIPlugin:80 - create IPUIPlugin
2026-03-19 19:28:07,573 [INFO] PluginManager:220 - loadIPPluginJar : add fmc
2026-03-19 19:28:07,582 [INFO] IPUIPlugin:80 - create IPUIPlugin
2026-03-19 19:28:07,582 [INFO] PluginManager:220 - loadIPPluginJar : add freertos
2026-03-19 19:28:07,587 [INFO] IPUIPlugin:80 - create IPUIPlugin
2026-03-19 19:28:07,587 [INFO] PluginManager:220 - loadIPPluginJar : add genericplugin
2026-03-19 19:28:07,591 [INFO] IPUIPlugin:80 - create IPUIPlugin
2026-03-19 19:28:07,591 [INFO] PluginManager:220 - loadIPPluginJar : add gfxmmu
2026-03-19 19:28:07,598 [INFO] IPUIPlugin:80 - create IPUIPlugin
2026-03-19 19:28:07,599 [INFO] PluginManager:220 - loadIPPluginJar : add gic
2026-03-19 19:28:07,604 [INFO] IPUIPlugin:80 - create IPUIPlugin
2026-03-19 19:28:07,605 [INFO] PluginManager:220 - loadIPPluginJar : add gpio
2026-03-19 19:28:07,610 [INFO] IPUIPlugin:80 - create IPUIPlugin
2026-03-19 19:28:07,610 [INFO] PluginManager:220 - loadIPPluginJar : add gtzc
2026-03-19 19:28:07,613 [INFO] IPUIPlugin:80 - create IPUIPlugin
2026-03-19 19:28:07,613 [INFO] PluginManager:220 - loadIPPluginJar : add hash
2026-03-19 19:28:07,617 [INFO] IPUIPlugin:80 - create IPUIPlugin
2026-03-19 19:28:07,618 [INFO] PluginManager:220 - loadIPPluginJar : add i2c
2026-03-19 19:28:07,621 [INFO] IPUIPlugin:80 - create IPUIPlugin
2026-03-19 19:28:07,621 [INFO] PluginManager:220 - loadIPPluginJar : add i2s
2026-03-19 19:28:07,624 [INFO] IPUIPlugin:80 - create IPUIPlugin
2026-03-19 19:28:07,624 [INFO] PluginManager:220 - loadIPPluginJar : add i3c
2026-03-19 19:28:07,628 [INFO] IPUIPlugin:80 - create IPUIPlugin
2026-03-19 19:28:07,628 [INFO] PluginManager:220 - loadIPPluginJar : add ipddr
2026-03-19 19:28:07,638 [INFO] IPUIPlugin:80 - create IPUIPlugin
2026-03-19 19:28:07,638 [INFO] PluginManager:220 - loadIPPluginJar : add linkedlist
2026-03-19 19:28:07,642 [INFO] IPUIPlugin:80 - create IPUIPlugin
2026-03-19 19:28:07,642 [INFO] PluginManager:220 - loadIPPluginJar : add lorawan
2026-03-19 19:28:07,644 [INFO] IPUIPlugin:80 - create IPUIPlugin
2026-03-19 19:28:07,644 [INFO] PluginManager:220 - loadIPPluginJar : add ltdc
2026-03-19 19:28:07,651 [INFO] IPUIPlugin:80 - create IPUIPlugin
2026-03-19 19:28:07,652 [INFO] PluginManager:220 - loadIPPluginJar : add mdma
2026-03-19 19:28:07,656 [INFO] IPUIPlugin:80 - create IPUIPlugin
2026-03-19 19:28:07,656 [INFO] PluginManager:220 - loadIPPluginJar : add nvic
2026-03-19 19:28:07,659 [INFO] IPUIPlugin:80 - create IPUIPlugin
2026-03-19 19:28:07,659 [INFO] PluginManager:220 - loadIPPluginJar : add opamp
2026-03-19 19:28:07,663 [INFO] IPUIPlugin:80 - create IPUIPlugin
2026-03-19 19:28:07,664 [INFO] PluginManager:220 - loadIPPluginJar : add openamp
2026-03-19 19:28:07,670 [INFO] IPUIPlugin:80 - create IPUIPlugin
2026-03-19 19:28:07,670 [INFO] PluginManager:220 - loadIPPluginJar : add pdm2pcm
2026-03-19 19:28:07,678 [INFO] IPUIPlugin:80 - create IPUIPlugin
2026-03-19 19:28:07,684 [INFO] PluginManager:220 - loadIPPluginJar : add plateformsettings
2026-03-19 19:28:07,687 [INFO] IPUIPlugin:80 - create IPUIPlugin
2026-03-19 19:28:07,688 [INFO] PluginManager:220 - loadIPPluginJar : add quadspi
2026-03-19 19:28:07,691 [INFO] IPUIPlugin:80 - create IPUIPlugin
2026-03-19 19:28:07,691 [INFO] PluginManager:220 - loadIPPluginJar : add radio
2026-03-19 19:28:07,698 [INFO] IPUIPlugin:80 - create IPUIPlugin
2026-03-19 19:28:07,698 [INFO] PluginManager:220 - loadIPPluginJar : add resmgrutility
2026-03-19 19:28:07,704 [INFO] IPUIPlugin:80 - create IPUIPlugin
2026-03-19 19:28:07,705 [INFO] PluginManager:220 - loadIPPluginJar : add sai
2026-03-19 19:28:07,708 [INFO] IPUIPlugin:80 - create IPUIPlugin
2026-03-19 19:28:07,708 [INFO] PluginManager:220 - loadIPPluginJar : add spi
2026-03-19 19:28:07,719 [INFO] IPUIPlugin:80 - create IPUIPlugin
2026-03-19 19:28:07,719 [INFO] PluginManager:220 - loadIPPluginJar : add stm32_wpan
2026-03-19 19:28:07,722 [INFO] IPUIPlugin:80 - create IPUIPlugin
2026-03-19 19:28:07,723 [INFO] PluginManager:220 - loadIPPluginJar : add tim
2026-03-19 19:28:07,729 [INFO] IPUIPlugin:80 - create IPUIPlugin
2026-03-19 19:28:07,729 [INFO] PluginManager:220 - loadIPPluginJar : add touchsensing
2026-03-19 19:28:07,734 [INFO] IPUIPlugin:80 - create IPUIPlugin
2026-03-19 19:28:07,734 [INFO] PluginManager:220 - loadIPPluginJar : add tracer_emb
2026-03-19 19:28:07,737 [INFO] IPUIPlugin:80 - create IPUIPlugin
2026-03-19 19:28:07,737 [INFO] PluginManager:220 - loadIPPluginJar : add ts
2026-03-19 19:28:07,739 [INFO] IPUIPlugin:80 - create IPUIPlugin
2026-03-19 19:28:07,739 [INFO] PluginManager:220 - loadIPPluginJar : add tsc
2026-03-19 19:28:07,743 [INFO] IPUIPlugin:80 - create IPUIPlugin
2026-03-19 19:28:07,743 [INFO] PluginManager:220 - loadIPPluginJar : add ucpd
2026-03-19 19:28:07,748 [INFO] IPUIPlugin:80 - create IPUIPlugin
2026-03-19 19:28:07,748 [INFO] PluginManager:220 - loadIPPluginJar : add usart
2026-03-19 19:28:07,752 [INFO] IPUIPlugin:80 - create IPUIPlugin
2026-03-19 19:28:07,752 [INFO] PluginManager:220 - loadIPPluginJar : add usbx
2026-03-19 19:28:07,883 [FATAL] Updater:351 - Updater called before beeing initialized
2026-03-19 19:28:07,934 [INFO] RulesReader:64 - Compatibility file has been processed (317 Rules)
2026-03-19 19:28:07,945 [INFO] RulesReader:64 - Compatibility file has been processed (317 Rules)
2026-03-19 19:28:07,955 [INFO] CADModel:165 - CPN selected for project level
2026-03-19 19:28:07,955 [INFO] CADModel:114 - Register for checkConnection events
2026-03-19 19:28:07,956 [FATAL] Updater:351 - Updater called before beeing initialized
2026-03-19 19:28:07,957 [ERROR] CADModel:125 - Updater not yet initialized, retry later 
2026-03-19 19:28:08,128 [FATAL] Updater:351 - Updater called before beeing initialized
2026-03-19 19:28:08,131 [INFO] CADModel:165 - CPN selected for project level
2026-03-19 19:28:08,131 [INFO] CADModel:114 - Register for checkConnection events
2026-03-19 19:28:08,131 [FATAL] Updater:351 - Updater called before beeing initialized
2026-03-19 19:28:08,131 [ERROR] CADModel:125 - Updater not yet initialized, retry later 
2026-03-19 19:28:08,136 [FATAL] Updater:351 - Updater called before beeing initialized
2026-03-19 19:28:08,309 [FATAL] Updater:351 - Updater called before beeing initialized
2026-03-19 19:28:08,312 [INFO] DbMcusAds:53 - JSON generation date=Thu Mar 05 20:02:52 IST 2026 (1772721172610)
2026-03-19 19:28:08,313 [FATAL] Updater:351 - Updater called before beeing initialized
2026-03-19 19:28:08,357 [WARN] DetailPanel:346 - Failed to get advertising image, set to default
2026-03-19 19:28:08,438 [FATAL] Updater:351 - Updater called before beeing initialized
2026-03-19 19:28:08,440 [FATAL] Updater:351 - Updater called before beeing initialized
2026-03-19 19:28:08,441 [FATAL] Updater:351 - Updater called before beeing initialized
2026-03-19 19:28:08,441 [WARN] DetailPanel:346 - Failed to get advertising image, set to default
2026-03-19 19:28:08,442 [FATAL] Updater:351 - Updater called before beeing initialized
2026-03-19 19:28:08,499 [ERROR] Updater:1198 - MainUpdater not yet initialized. External WinMGr cannot be set.
2026-03-19 19:28:08,502 [INFO] Updater:1134 - Updater Version found : 6.15.0
2026-03-19 19:28:08,523 [INFO] ApplicationProperties:184 - Using Application install path: C:\STM\STM32CubeIDE_1.19.0\STM32CubeIDE\plugins\com.st.stm32cube.common.mx_6.15.0.202507011659
2026-03-19 19:28:09,908 [INFO] ThirdPartyUpdaterWithRetryManager:70 - Updater plugin not ready yet. [2/15]
2026-03-19 19:28:10,103 [ERROR] LogOutputStream:75 - [STDERR_REDIRECT] Mar 19, 2026 7:28:10 PM java.util.prefs.WindowsPreferences <init>
2026-03-19 19:28:10,105 [ERROR] LogOutputStream:75 - [STDERR_REDIRECT] WARNING: Could not open/create prefs root node Software\JavaSoft\Prefs at root 0xffffffff80000002. Windows RegCreateKeyEx(...) returned error code 5.
2026-03-19 19:28:10,105 [ERROR] LogOutputStream:75 - [STDERR_REDIRECT] 
2026-03-19 19:28:10,589 [INFO] MainUpdater:2872 - connection check result : 10
2026-03-19 19:28:10,590 [INFO] MainUpdater:289 - Updater Check For Update Now.
2026-03-19 19:28:10,590 [INFO] MicroXplorer:498 - Change Database Version : DB.6.0.150
2026-03-19 19:28:10,601 [INFO] McuFinderGlobals:63 - Set McuFinder mode to 2 (CubeIDE integrated)
2026-03-19 19:28:10,602 [INFO] UserAuth:487 - Internet connection configuration mode: 1
2026-03-19 19:28:10,685 [INFO] JxBrowserEngine:152 - Initiate JxBrowser Engine with user profile folder
2026-03-19 19:28:10,875 [INFO] CheckServerUpdateThread:120 - End of CheckServer Thread
2026-03-19 19:28:12,135 [INFO] WebApp:169 - Instantiating new browser for Auth
2026-03-19 19:28:13,397 [WARN] PackLoader:240 - Cannot read IP mode file for STMicroelectronics.X-CUBE-AZRTOS-H7.3.5.0
2026-03-19 19:28:13,426 [WARN] PackLoader:240 - Cannot read IP mode file for STMicroelectronics.FP-SNS-MOTENVWB1.1.4.0
2026-03-19 19:28:13,437 [WARN] PackLoader:240 - Cannot read IP mode file for STMicroelectronics.FP-ATR-ASTRA1.2.0.2
2026-03-19 19:28:13,453 [WARN] PackLoader:240 - Cannot read IP mode file for STMicroelectronics.X-CUBE-SMBUS.2.1.0
2026-03-19 19:28:13,462 [WARN] PackLoader:240 - Cannot read IP mode file for STMicroelectronics.X-CUBE-ST60.1.0.0
2026-03-19 19:28:13,804 [WARN] PackLoader:240 - Cannot read IP mode file for STMicroelectronics.X-CUBE-AZRTOS-F7.1.1.0
2026-03-19 19:28:13,842 [WARN] PackLoader:240 - Cannot read IP mode file for Cesanta.I-CUBE-Mongoose.7.19.0
2026-03-19 19:28:13,849 [WARN] PackLoader:240 - Cannot read IP mode file for STMicroelectronics.FP-SNS-MOTENV1.5.1.0
2026-03-19 19:28:13,866 [WARN] PackLoader:240 - Cannot read IP mode file for WES.I-CUBE-Cesium.1.4.0
2026-03-19 19:28:13,986 [WARN] PackLoader:240 - Cannot read IP mode file for Infineon.AIROC-Wi-Fi-Bluetooth-STM32.1.7.1
2026-03-19 19:28:14,069 [WARN] PackLoader:240 - Cannot read IP mode file for STMicroelectronics.X-CUBE-AZRTOS-H7.3.4.0
2026-03-19 19:28:14,094 [WARN] PackLoader:240 - Cannot read IP mode file for STMicroelectronics.X-CUBE-DISPLAY.3.0.0
2026-03-19 19:28:14,146 [WARN] PackLoader:240 - Cannot read IP mode file for STMicroelectronics.FP-SNS-MOTENVWB1.1.5.0
2026-03-19 19:28:14,170 [WARN] PackLoader:240 - Cannot read IP mode file for STMicroelectronics.X-CUBE-NFC10.1.0.0
2026-03-19 19:28:14,186 [WARN] PackLoader:240 - Cannot read IP mode file for STMicroelectronics.X-CUBE-ST60.1.1.0
2026-03-19 19:28:14,195 [WARN] PackLoader:240 - Cannot read IP mode file for emotas.I-CUBE-CANOPEN.1.3.0
2026-03-19 19:28:14,209 [WARN] PackLoader:240 - Cannot read IP mode file for STMicroelectronics.X-CUBE-GNSS1.7.1.0
2026-03-19 19:28:14,222 [WARN] PackLoader:240 - Cannot read IP mode file for STMicroelectronics.FP-SNS-STBOX1.2.1.0
2026-03-19 19:28:14,233 [WARN] PackLoader:240 - Cannot read IP mode file for STMicroelectronics.FP-SNS-SMARTAG2.1.2.0
2026-03-19 19:28:14,240 [WARN] PackLoader:240 - Cannot read IP mode file for STMicroelectronics.FP-SNS-FLIGHT1.5.1.0
2026-03-19 19:28:14,276 [INFO] LogOutputStream:77 - [STDOUT_REDIRECT] 1 : Invalid condition id : UX_CORESTACK_Condition cause : null
2026-03-19 19:28:14,277 [INFO] LogOutputStream:77 - [STDOUT_REDIRECT] 1 : Invalid condition id : UX_CORESTACK_Condition cause : null
2026-03-19 19:28:14,278 [INFO] LogOutputStream:77 - [STDOUT_REDIRECT] 1 : Invalid condition id : UX_CORESTACK_Condition cause : null
2026-03-19 19:28:14,283 [INFO] LogOutputStream:77 - [STDOUT_REDIRECT] 1 : Invalid condition id : UX_CORESTACK_Condition cause : null
2026-03-19 19:28:14,284 [INFO] LogOutputStream:77 - [STDOUT_REDIRECT] 1 : Invalid condition id : UX_CORESTACK_Condition cause : null
2026-03-19 19:28:14,290 [WARN] PackLoader:240 - Cannot read IP mode file for STMicroelectronics.X-CUBE-AZRTOS-WL.2.0.0
2026-03-19 19:28:14,300 [WARN] PackLoader:240 - Cannot read IP mode file for STMicroelectronics.FP-SNS-MOTENV1.5.0.0
2026-03-19 19:28:14,335 [WARN] PackLoader:240 - Cannot read IP mode file for STMicroelectronics.X-CUBE-AZRTOS-H7RS.1.2.0
2026-03-19 19:28:14,352 [WARN] PackLoader:240 - Cannot read IP mode file for STMicroelectronics.X-CUBE-BLE2.3.3.0
2026-03-19 19:28:14,385 [WARN] PackLoader:240 - Cannot read IP mode file for STMicroelectronics.X-CUBE-NFC9.1.0.0
2026-03-19 19:28:14,395 [WARN] PackLoader:240 - Cannot read IP mode file for wolfSSL.I-CUBE-wolfSSL.5.8.2
2026-03-19 19:28:14,406 [WARN] PackLoader:240 - Cannot read IP mode file for STMicroelectronics.X-CUBE-BLE1.7.1.0
2026-03-19 19:28:14,416 [WARN] PackLoader:240 - Cannot read IP mode file for wolfSSL.I-CUBE-wolfMQTT.1.19.2
2026-03-19 19:28:14,429 [WARN] PackLoader:240 - Cannot read IP mode file for STMicroelectronics.X-CUBE-FREERTOS.1.4.0
2026-03-19 19:28:14,450 [WARN] PackLoader:240 - Cannot read IP mode file for STMicroelectronics.X-CUBE-EEPRMA1.5.2.0
2026-03-19 19:28:14,470 [WARN] PackLoader:240 - Cannot read IP mode file for STMicroelectronics.X-CUBE-ST67W61.1.1.0
2026-03-19 19:28:14,522 [WARN] PackLoader:240 - Cannot read IP mode file for STMicroelectronics.X-CUBE-MEMS1.12.0.0
2026-03-19 19:28:14,770 [WARN] PackLoader:240 - Cannot read IP mode file for STMicroelectronics.X-CUBE-AZRTOS-G0.1.1.0
2026-03-19 19:28:14,796 [WARN] PackLoader:240 - Cannot read IP mode file for STMicroelectronics.X-CUBE-SAFEA1.1.2.2
2026-03-19 19:28:14,805 [WARN] PackLoader:240 - Cannot read IP mode file for STMicroelectronics.X-CUBE-NFC4.3.0.0
2026-03-19 19:28:14,819 [WARN] PackLoader:240 - Cannot read IP mode file for EmbeddedOffice.I-CUBE-FS-RTOS.1.0.1
2026-03-19 19:28:14,828 [WARN] PackLoader:240 - Cannot read IP mode file for STMicroelectronics.X-CUBE-WB05N.2.0.0
2026-03-19 19:28:14,837 [WARN] PackLoader:240 - Cannot read IP mode file for wolfSSL.I-CUBE-wolfTPM.3.8.0
2026-03-19 19:28:14,844 [WARN] PackLoader:240 - Cannot read IP mode file for STMicroelectronics.X-CUBE-TCPP.4.2.0
2026-03-19 19:28:14,856 [WARN] PackLoader:240 - Cannot read IP mode file for RealThread.X-CUBE-RT-Thread_Nano.4.1.1
2026-03-19 19:28:14,862 [WARN] PackLoader:240 - Cannot read IP mode file for STMicroelectronics.FP-ATR-SIGFOX1.3.2.0
2026-03-19 19:28:14,870 [WARN] PackLoader:240 - Cannot read IP mode file for STMicroelectronics.X-CUBE-FREERTOS.1.5.0
2026-03-19 19:28:14,877 [WARN] PackLoader:240 - Cannot read IP mode file for ITTIA_DB.I-CUBE-ITTIADB.8.9.0
2026-03-19 19:28:14,895 [WARN] PackLoader:240 - Cannot read IP mode file for STMicroelectronics.X-CUBE-NFC6.3.2.0
2026-03-19 19:28:14,905 [WARN] PackLoader:240 - Cannot read IP mode file for STMicroelectronics.X-CUBE-ST67W61.1.0.0
2026-03-19 19:28:14,911 [WARN] PackLoader:240 - Cannot read IP mode file for STMicroelectronics.X-CUBE-AI.10.2.0
2026-03-19 19:28:15,075 [WARN] PackLoader:240 - Cannot read IP mode file for SEGGER.I-CUBE-embOS.1.3.1
2026-03-19 19:28:15,328 [WARN] PackLoader:240 - Cannot read IP mode file for STMicroelectronics.X-CUBE-ALGOBUILD.1.4.0
2026-03-19 19:28:15,840 [WARN] PackLoader:240 - Cannot read IP mode file for STMicroelectronics.X-CUBE-MEMS1.11.3.0
2026-03-19 19:28:16,643 [WARN] PackLoader:240 - Cannot read IP mode file for STMicroelectronics.X-CUBE-PM33A1.1.0.0
2026-03-19 19:28:16,729 [WARN] PackLoader:240 - Cannot read IP mode file for STMicroelectronics.X-CUBE-AZRTOS-F4.1.1.0
2026-03-19 19:28:16,785 [WARN] PackLoader:240 - Cannot read IP mode file for STMicroelectronics.X-CUBE-ISPU.2.1.0
2026-03-19 19:28:16,894 [WARN] PackLoader:240 - Cannot read IP mode file for STMicroelectronics.X-CUBE-IPS.3.2.0
2026-03-19 19:28:16,921 [WARN] PackLoader:240 - Cannot read IP mode file for STMicroelectronics.X-CUBE-NFC12.1.0.0
2026-03-19 19:28:17,026 [WARN] PackLoader:240 - Cannot read IP mode file for STMicroelectronics.X-CUBE-AZRTOS-L5.2.0.0
2026-03-19 19:28:17,095 [WARN] PackLoader:240 - Cannot read IP mode file for STMicroelectronics.X-CUBE-NFC6.3.1.0
2026-03-19 19:28:17,111 [INFO] WebApp:463 - Apply proxy settings
2026-03-19 19:28:17,111 [INFO] WebApp:548 - Chromium requires no authentication
2026-03-19 19:28:17,135 [INFO] WebApp:491 - Direct internet connection detected
2026-03-19 19:28:17,190 [WARN] PackLoader:240 - Cannot read IP mode file for STMicroelectronics.X-CUBE-FREERTOS.1.3.1
2026-03-19 19:28:17,207 [WARN] PackLoader:240 - Cannot read IP mode file for STMicroelectronics.X-CUBE-TOUCHGFX.4.26.0
2026-03-19 19:28:17,212 [WARN] PackLoader:240 - Cannot read IP mode file for STMicroelectronics.X-CUBE-TOUCHGFX.4.26.1
2026-03-19 19:28:17,249 [WARN] PackLoader:240 - Cannot read IP mode file for STMicroelectronics.FP-SNS-STAIOTCFT.1.0.0
2026-03-19 19:28:17,264 [WARN] PackLoader:240 - Cannot read IP mode file for STMicroelectronics.X-CUBE-DPower.1.3.0
2026-03-19 19:28:17,287 [INFO] WebApp:900 - Register for checkConnection events
2026-03-19 19:28:17,287 [INFO] WebApp:463 - Apply proxy settings
2026-03-19 19:28:17,287 [INFO] WebApp:548 - Chromium requires no authentication
2026-03-19 19:28:17,288 [INFO] WebApp:491 - Direct internet connection detected
2026-03-19 19:28:17,337 [WARN] ConditionMgr:438 - getConditionDescription Invalid condition id : LAN8742 Phy interface Condition cause : null
2026-03-19 19:28:17,338 [WARN] PackLoader:240 - Cannot read IP mode file for STMicroelectronics.X-CUBE-AZRTOS-L4.2.0.0
2026-03-19 19:28:17,339 [WARN] ConditionMgr:1044 - genDependencies : Invalid condition id : LAN8742 Phy interface Condition cause : null
2026-03-19 19:28:17,339 [WARN] ConditionMgr:1044 - genDependencies : Invalid condition id : LAN8742 Phy interface Condition cause : null
2026-03-19 19:28:17,340 [WARN] ConditionMgr:1044 - genDependencies : Invalid condition id : LAN8742 Phy interface Condition cause : null
2026-03-19 19:28:17,374 [WARN] PackLoader:240 - Cannot read IP mode file for STMicroelectronics.X-CUBE-SFXS2LP1.4.0.0
2026-03-19 19:28:17,386 [WARN] PackLoader:240 - Cannot read IP mode file for STMicroelectronics.X-CUBE-ST67W61.1.2.0
2026-03-19 19:28:17,426 [WARN] PackLoader:240 - Cannot read IP mode file for STMicroelectronics.X-CUBE-BLEMGR.4.1.0
2026-03-19 19:28:17,488 [WARN] ConditionMgr:438 - getConditionDescription Invalid condition id : UX DEVICE CLASS RTOS Condition cause : null
2026-03-19 19:28:17,488 [WARN] ConditionMgr:438 - getConditionDescription Invalid condition id : UX DEVICE CLASS RTOS Condition cause : null
2026-03-19 19:28:17,490 [WARN] PackLoader:240 - Cannot read IP mode file for STMicroelectronics.X-CUBE-AZRTOS-WB.2.0.0
2026-03-19 19:28:17,491 [WARN] ConditionMgr:1044 - genDependencies : Invalid condition id : UX DEVICE CLASS RTOS Condition cause : null
2026-03-19 19:28:17,491 [WARN] ConditionMgr:1044 - genDependencies : Invalid condition id : UX DEVICE CLASS RTOS Condition cause : null
2026-03-19 19:28:17,491 [WARN] ConditionMgr:1044 - genDependencies : Invalid condition id : UX DEVICE CLASS RTOS Condition cause : null
2026-03-19 19:28:17,491 [WARN] ConditionMgr:1044 - genDependencies : Invalid condition id : UX DEVICE CLASS RTOS Condition cause : null
2026-03-19 19:28:17,491 [WARN] ConditionMgr:1044 - genDependencies : Invalid condition id : UX DEVICE CLASS RTOS Condition cause : null
2026-03-19 19:28:17,501 [WARN] PackLoader:240 - Cannot read IP mode file for STMicroelectronics.X-CUBE-GNSS1.7.0.1
2026-03-19 19:28:17,508 [WARN] ConditionMgr:438 - getConditionDescription Invalid condition id : Cortex-A Device cause : null
2026-03-19 19:28:17,637 [WARN] ConditionMgr:1044 - genDependencies : Invalid condition id : Cortex-A Device cause : null
2026-03-19 19:28:17,637 [WARN] ConditionMgr:1044 - genDependencies : Invalid condition id : Cortex-A Device cause : null
2026-03-19 19:28:17,637 [WARN] ConditionMgr:1044 - genDependencies : Invalid condition id : Cortex-A Device cause : null
2026-03-19 19:28:17,795 [WARN] PackLoader:240 - Cannot read IP mode file for STMicroelectronics.X-CUBE-STSE01.2.0.0
2026-03-19 19:28:17,854 [WARN] PackLoader:240 - Cannot read IP mode file for STMicroelectronics.X-CUBE-SUBG2.5.0.0
2026-03-19 19:28:17,960 [WARN] PackLoader:240 - Cannot read IP mode file for STMicroelectronics.X-CUBE-AZRTOS-H7RS.1.1.0
2026-03-19 19:28:17,979 [WARN] PackLoader:240 - Cannot read IP mode file for STMicroelectronics.X-CUBE-AZRTOS-G4.2.0.0
2026-03-19 19:28:18,030 [INFO] WebApp:191 - Connection restablished
2026-03-19 19:28:18,038 [WARN] PackLoader:240 - Cannot read IP mode file for wolfSSL.I-CUBE-wolfSSH.1.4.20
2026-03-19 19:28:18,049 [WARN] PackLoader:240 - Cannot read IP mode file for STMicroelectronics.X-CUBE-NFC7.2.0.0
2026-03-19 19:28:18,169 [WARN] PackLoader:240 - Cannot read IP mode file for STMicroelectronics.X-CUBE-IPS.3.1.0
2026-03-19 19:28:18,185 [WARN] PackLoader:240 - Cannot read IP mode file for STMicroelectronics.X-CUBE-ALS.1.0.2
2026-03-19 19:28:18,292 [WARN] PackLoader:240 - Cannot read IP mode file for STMicroelectronics.X-CUBE-STSE01.1.0.0
2026-03-19 19:28:18,327 [WARN] PackLoader:240 - Cannot read IP mode file for STMicroelectronics.X-CUBE-TOF1.3.4.3
2026-03-19 19:28:18,478 [INFO] ThirdParty:978 - Integrity check success = true
2026-03-19 19:28:18,478 [INFO] IntegrityCheckThread:100 - exiting critical section [integrity check]
2026-03-19 19:28:18,478 [INFO] IntegrityCheckThread:103 - End integrity checks thread
2026-03-19 19:28:18,962 [INFO] WebApp:225 - Starting web application
2026-03-19 19:28:18,963 [INFO] WebApp:593 - Web application path used C:\STM\STM32CubeIDE_1.19.0\STM32CubeIDE\plugins\com.st.stm32cube.common.mx_6.15.0.202507011659\db\plugins\mcufinder\reactClient1\index.html
2026-03-19 19:28:19,474 [ERROR] LogOutputStream:75 - [STDERR_REDIRECT] 
