2026-04-01 00:45:14,738 [INFO] LogOutputStream:77 - [STDOUT_REDIRECT] 
2026-04-01 00:45:17,333 [INFO] ProjectBuilder:5496 - Time for Generating toolchain IDE Files: 3702mS.
2026-04-01 00:45:17,334 [INFO] ProjectBuilder:3463 - Time for Copy CMSIS : 0mS.
2026-04-01 00:45:17,336 [INFO] ProjectBuilder:3463 - Time for Copy CMSIS : 0mS.
2026-04-01 03:36:33,835 [INFO] WebApp:194 - Connection lost
2026-04-01 03:36:34,894 [INFO] WebApp:191 - Connection restablished
2026-04-01 06:11:20,876 [INFO] WebApp:194 - Connection lost
2026-04-01 06:11:21,685 [INFO] WebApp:191 - Connection restablished
2026-04-01 08:37:34,945 [INFO] WebApp:194 - Connection lost
2026-04-01 08:43:06,736 [INFO] WebApp:191 - Connection restablished
2026-04-01 09:22:37,226 [INFO] WebApp:194 - Connection lost
2026-04-01 09:22:38,232 [INFO] WebApp:191 - Connection restablished
2026-04-01 09:42:58,182 [WARN] IP:2250 - I2C_Coeff_DF not found: check if there is a RefParameter without a condition.
2026-04-01 09:42:58,326 [WARN] IP:2250 - Analog_Filter not found: check if there is a RefParameter without a condition.
2026-04-01 09:42:58,327 [WARN] IP:2250 - I2C_Coeff_DF not found: check if there is a RefParameter without a condition.
2026-04-01 09:42:58,327 [WARN] IP:2250 - Analog_Filter not found: check if there is a RefParameter without a condition.
2026-04-01 09:42:58,332 [WARN] IP:2250 - I2C_Coeff_DF not found: check if there is a RefParameter without a condition.
2026-04-01 09:42:58,332 [WARN] IP:2250 - Analog_Filter not found: check if there is a RefParameter without a condition.
2026-04-01 09:42:58,333 [WARN] IP:2250 - I2C_Coeff_DF not found: check if there is a RefParameter without a condition.
2026-04-01 09:42:58,333 [WARN] IP:2250 - Analog_Filter not found: check if there is a RefParameter without a condition.
2026-04-01 09:42:58,421 [WARN] IP:2250 - I2C_Coeff_DF not found: check if there is a RefParameter without a condition.
2026-04-01 09:42:58,421 [WARN] IP:2250 - Analog_Filter not found: check if there is a RefParameter without a condition.
2026-04-01 09:42:58,425 [WARN] IP:2250 - I2C_Coeff_DF not found: check if there is a RefParameter without a condition.
2026-04-01 09:42:58,425 [WARN] IP:2250 - Analog_Filter not found: check if there is a RefParameter without a condition.
2026-04-01 09:42:58,518 [WARN] IP:2250 - I2C_Coeff_DF not found: check if there is a RefParameter without a condition.
2026-04-01 09:42:58,518 [WARN] IP:2250 - Analog_Filter not found: check if there is a RefParameter without a condition.
2026-04-01 09:42:58,524 [WARN] IP:2250 - I2C_Coeff_DF not found: check if there is a RefParameter without a condition.
2026-04-01 09:42:58,525 [WARN] IP:2250 - Analog_Filter not found: check if there is a RefParameter without a condition.
2026-04-01 09:45:18,132 [INFO] UtilMem:75 - End SaveConfig() Used Memory: 891963592 Bytes (1073741824)
2026-04-01 09:45:18,465 [INFO] UtilMem:75 - End SaveConfig() Used Memory: 315511680 Bytes (1073741824)
2026-04-01 09:45:21,644 [INFO] UtilMem:75 - End SaveConfig() Used Memory: 377897256 Bytes (1073741824)
2026-04-01 09:45:22,465 [INFO] BlockDiagram:2775 - set Specific Code input for plugin: TIM1_8
2026-04-01 09:45:22,466 [INFO] BlockDiagram:2775 - set Specific Code input for plugin: SYS
2026-04-01 09:45:22,466 [INFO] BlockDiagram:2775 - set Specific Code input for plugin: RCC
2026-04-01 09:45:22,466 [INFO] BlockDiagram:2775 - set Specific Code input for plugin: I2C
2026-04-01 09:45:22,466 [INFO] BlockDiagram:2775 - set Specific Code input for plugin: I2C
2026-04-01 09:45:22,466 [INFO] BlockDiagram:2775 - set Specific Code input for plugin: NVIC
2026-04-01 09:45:22,466 [INFO] BlockDiagram:2775 - set Specific Code input for plugin: USART
2026-04-01 09:45:22,467 [INFO] BlockDiagram:2775 - set Specific Code input for plugin: TIM1_8
2026-04-01 09:45:22,469 [INFO] BlockDiagram:2775 - set Specific Code input for plugin: GPIO
2026-04-01 09:45:22,474 [INFO] CodeGenerator:892 - code generatio: config db path: C:\STM\STM32CubeIDE_1.19.0\STM32CubeIDE\plugins\com.st.stm32cube.common.mx_6.15.0.202507011659\\db\
2026-04-01 09:45:22,509 [WARN] IP:2250 - I2C_Coeff_DF not found: check if there is a RefParameter without a condition.
2026-04-01 09:45:22,512 [WARN] IP:2250 - Analog_Filter not found: check if there is a RefParameter without a condition.
2026-04-01 09:45:22,514 [WARN] IP:2250 - I2C_Coeff_DF not found: check if there is a RefParameter without a condition.
2026-04-01 09:45:22,515 [WARN] IP:2250 - Analog_Filter not found: check if there is a RefParameter without a condition.
2026-04-01 09:45:22,728 [INFO] CodeEngine:265 - oldGeneratedFile, G:\WINDOWS\EVERYTHING\COLLEGE\AUTOMATONS\2026\RYUK\3001_MECHANISMS_TEST\MXTmpFiles\license.tmp_save
2026-04-01 09:45:23,303 [INFO] CodeEngine:289 - Generated code: G:\WINDOWS\EVERYTHING\COLLEGE\AUTOMATONS\2026\RYUK\3001_MECHANISMS_TEST\MXTmpFiles\license.tmp
2026-04-01 09:45:23,465 [INFO] CodeEngine:265 - oldGeneratedFile, G:\WINDOWS\EVERYTHING\COLLEGE\AUTOMATONS\2026\RYUK\3001_MECHANISMS_TEST\MXTmpFiles\gpio.tmp_save
2026-04-01 09:45:23,661 [INFO] CodeEngine:289 - Generated code: G:\WINDOWS\EVERYTHING\COLLEGE\AUTOMATONS\2026\RYUK\3001_MECHANISMS_TEST\MXTmpFiles\gpio.tmp
2026-04-01 09:45:24,262 [INFO] CodeEngine:265 - oldGeneratedFile, G:\WINDOWS\EVERYTHING\COLLEGE\AUTOMATONS\2026\RYUK\3001_MECHANISMS_TEST\Core\Src\stm32f4xx_it.c_save
2026-04-01 09:45:24,585 [INFO] CodeEngine:289 - Generated code: G:\WINDOWS\EVERYTHING\COLLEGE\AUTOMATONS\2026\RYUK\3001_MECHANISMS_TEST\Core\Src\stm32f4xx_it.c
2026-04-01 09:45:24,658 [INFO] CodeEngine:265 - oldGeneratedFile, G:\WINDOWS\EVERYTHING\COLLEGE\AUTOMATONS\2026\RYUK\3001_MECHANISMS_TEST\Core\Inc\stm32f4xx_it.h_save
2026-04-01 09:45:24,814 [INFO] CodeEngine:289 - Generated code: G:\WINDOWS\EVERYTHING\COLLEGE\AUTOMATONS\2026\RYUK\3001_MECHANISMS_TEST\Core\Inc\stm32f4xx_it.h
2026-04-01 09:45:25,085 [INFO] CodeEngine:265 - oldGeneratedFile, G:\WINDOWS\EVERYTHING\COLLEGE\AUTOMATONS\2026\RYUK\3001_MECHANISMS_TEST\Core\Src\stm32f4xx_hal_msp.c_save
2026-04-01 09:45:25,344 [INFO] CodeEngine:289 - Generated code: G:\WINDOWS\EVERYTHING\COLLEGE\AUTOMATONS\2026\RYUK\3001_MECHANISMS_TEST\Core\Src\stm32f4xx_hal_msp.c
2026-04-01 09:45:25,355 [INFO] CodeEngine:265 - oldGeneratedFile, G:\WINDOWS\EVERYTHING\COLLEGE\AUTOMATONS\2026\RYUK\3001_MECHANISMS_TEST\MXTmpFiles\system.tmp_save
2026-04-01 09:45:25,434 [INFO] CodeEngine:289 - Generated code: G:\WINDOWS\EVERYTHING\COLLEGE\AUTOMATONS\2026\RYUK\3001_MECHANISMS_TEST\MXTmpFiles\system.tmp
2026-04-01 09:45:25,533 [INFO] CodeEngine:321 - oldGeneratedFile, G:\WINDOWS\EVERYTHING\COLLEGE\AUTOMATONS\2026\RYUK\3001_MECHANISMS_TEST\Core\Inc\stm32f4xx_hal_conf.h_save
2026-04-01 09:45:25,652 [INFO] CodeEngine:345 - Generated code: G:\WINDOWS\EVERYTHING\COLLEGE\AUTOMATONS\2026\RYUK\3001_MECHANISMS_TEST\Core\Inc\stm32f4xx_hal_conf.h
2026-04-01 09:45:25,686 [WARN] IPConfigManager:3238 - Warning: the RefConfig PLL2P_FOR_MCO is not available in your config.xml file
2026-04-01 09:45:25,693 [WARN] IPConfigManager:3811 - IP not found : TIM
2026-04-01 09:45:25,695 [WARN] CodeGenerator:4259 - IP not found : null
2026-04-01 09:45:25,712 [INFO] CodeEngine:265 - oldGeneratedFile, G:\WINDOWS\EVERYTHING\COLLEGE\AUTOMATONS\2026\RYUK\3001_MECHANISMS_TEST\Core\Inc\main.h_save
2026-04-01 09:45:25,868 [INFO] CodeEngine:289 - Generated code: G:\WINDOWS\EVERYTHING\COLLEGE\AUTOMATONS\2026\RYUK\3001_MECHANISMS_TEST\Core\Inc\main.h
2026-04-01 09:45:25,876 [INFO] CodeEngine:265 - oldGeneratedFile, G:\WINDOWS\EVERYTHING\COLLEGE\AUTOMATONS\2026\RYUK\3001_MECHANISMS_TEST\Core\Src\main.c_save
2026-04-01 09:45:26,162 [INFO] CodeEngine:289 - Generated code: G:\WINDOWS\EVERYTHING\COLLEGE\AUTOMATONS\2026\RYUK\3001_MECHANISMS_TEST\Core\Src\main.c
2026-04-01 09:45:26,717 [INFO] ProjectBuilder:3606 - Time for Copy HAL[1] : 245mS.
2026-04-01 09:45:26,722 [INFO] ProjectBuilder:5216 - Project Generator version: 4.7.0-B52
2026-04-01 09:45:26,812 [INFO] ConfigFileManager:1595 - The Die is : DIE421
2026-04-01 09:45:29,835 [INFO] ProjectBuilder:5496 - Time for Generating toolchain IDE Files: 3111mS.
2026-04-01 09:45:29,836 [INFO] ProjectBuilder:3463 - Time for Copy CMSIS : 1mS.
2026-04-01 09:45:29,838 [INFO] ProjectBuilder:3463 - Time for Copy CMSIS : 0mS.
2026-04-01 09:58:08,972 [INFO] WebApp:194 - Connection lost
2026-04-01 09:59:14,864 [INFO] WebApp:191 - Connection restablished
2026-04-01 10:01:54,358 [INFO] WebApp:194 - Connection lost
2026-04-01 10:03:44,996 [INFO] WebApp:191 - Connection restablished
2026-04-01 10:04:05,042 [INFO] WebApp:194 - Connection lost
2026-04-01 10:04:05,586 [INFO] WebApp:191 - Connection restablished
2026-04-01 10:18:24,469 [ERROR] ConfigurationRetriever:142 - IOException on connection: Read timed out
2026-04-01 10:48:20,003 [INFO] UtilMem:75 - End SaveConfig() Used Memory: 432621216 Bytes (1073741824)
2026-04-01 10:48:20,369 [INFO] UtilMem:75 - End SaveConfig() Used Memory: 475086496 Bytes (1073741824)
2026-04-01 10:48:25,575 [INFO] UtilMem:75 - End SaveConfig() Used Memory: 638142112 Bytes (1073741824)
2026-04-01 10:48:26,297 [INFO] BlockDiagram:2775 - set Specific Code input for plugin: TIM1_8
2026-04-01 10:48:26,298 [INFO] BlockDiagram:2775 - set Specific Code input for plugin: SYS
2026-04-01 10:48:26,298 [INFO] BlockDiagram:2775 - set Specific Code input for plugin: RCC
2026-04-01 10:48:26,298 [INFO] BlockDiagram:2775 - set Specific Code input for plugin: I2C
2026-04-01 10:48:26,298 [INFO] BlockDiagram:2775 - set Specific Code input for plugin: I2C
2026-04-01 10:48:26,298 [INFO] BlockDiagram:2775 - set Specific Code input for plugin: NVIC
2026-04-01 10:48:26,298 [INFO] BlockDiagram:2775 - set Specific Code input for plugin: USART
2026-04-01 10:48:26,298 [INFO] BlockDiagram:2775 - set Specific Code input for plugin: TIM1_8
2026-04-01 10:48:26,299 [INFO] BlockDiagram:2775 - set Specific Code input for plugin: GPIO
2026-04-01 10:48:26,300 [INFO] CodeGenerator:892 - code generatio: config db path: C:\STM\STM32CubeIDE_1.19.0\STM32CubeIDE\plugins\com.st.stm32cube.common.mx_6.15.0.202507011659\\db\
2026-04-01 10:48:26,303 [WARN] IP:2250 - I2C_Coeff_DF not found: check if there is a RefParameter without a condition.
2026-04-01 10:48:26,303 [WARN] IP:2250 - Analog_Filter not found: check if there is a RefParameter without a condition.
2026-04-01 10:48:26,304 [WARN] IP:2250 - I2C_Coeff_DF not found: check if there is a RefParameter without a condition.
2026-04-01 10:48:26,305 [WARN] IP:2250 - Analog_Filter not found: check if there is a RefParameter without a condition.
2026-04-01 10:48:26,746 [INFO] CodeEngine:265 - oldGeneratedFile, G:\WINDOWS\EVERYTHING\COLLEGE\AUTOMATONS\2026\RYUK\3001_MECHANISMS_TEST\MXTmpFiles\license.tmp_save
2026-04-01 10:48:27,172 [INFO] CodeEngine:289 - Generated code: G:\WINDOWS\EVERYTHING\COLLEGE\AUTOMATONS\2026\RYUK\3001_MECHANISMS_TEST\MXTmpFiles\license.tmp
2026-04-01 10:48:27,248 [INFO] CodeEngine:265 - oldGeneratedFile, G:\WINDOWS\EVERYTHING\COLLEGE\AUTOMATONS\2026\RYUK\3001_MECHANISMS_TEST\MXTmpFiles\gpio.tmp_save
2026-04-01 10:48:27,558 [INFO] CodeEngine:289 - Generated code: G:\WINDOWS\EVERYTHING\COLLEGE\AUTOMATONS\2026\RYUK\3001_MECHANISMS_TEST\MXTmpFiles\gpio.tmp
2026-04-01 10:48:28,140 [INFO] CodeEngine:265 - oldGeneratedFile, G:\WINDOWS\EVERYTHING\COLLEGE\AUTOMATONS\2026\RYUK\3001_MECHANISMS_TEST\Core\Src\stm32f4xx_it.c_save
2026-04-01 10:48:28,765 [INFO] CodeEngine:289 - Generated code: G:\WINDOWS\EVERYTHING\COLLEGE\AUTOMATONS\2026\RYUK\3001_MECHANISMS_TEST\Core\Src\stm32f4xx_it.c
2026-04-01 10:48:28,777 [INFO] CodeEngine:265 - oldGeneratedFile, G:\WINDOWS\EVERYTHING\COLLEGE\AUTOMATONS\2026\RYUK\3001_MECHANISMS_TEST\Core\Inc\stm32f4xx_it.h_save
2026-04-01 10:48:28,959 [INFO] CodeEngine:289 - Generated code: G:\WINDOWS\EVERYTHING\COLLEGE\AUTOMATONS\2026\RYUK\3001_MECHANISMS_TEST\Core\Inc\stm32f4xx_it.h
2026-04-01 10:48:29,062 [INFO] CodeEngine:265 - oldGeneratedFile, G:\WINDOWS\EVERYTHING\COLLEGE\AUTOMATONS\2026\RYUK\3001_MECHANISMS_TEST\Core\Src\stm32f4xx_hal_msp.c_save
2026-04-01 10:48:29,378 [INFO] CodeEngine:289 - Generated code: G:\WINDOWS\EVERYTHING\COLLEGE\AUTOMATONS\2026\RYUK\3001_MECHANISMS_TEST\Core\Src\stm32f4xx_hal_msp.c
2026-04-01 10:48:29,385 [INFO] CodeEngine:265 - oldGeneratedFile, G:\WINDOWS\EVERYTHING\COLLEGE\AUTOMATONS\2026\RYUK\3001_MECHANISMS_TEST\MXTmpFiles\system.tmp_save
2026-04-01 10:48:29,562 [INFO] CodeEngine:289 - Generated code: G:\WINDOWS\EVERYTHING\COLLEGE\AUTOMATONS\2026\RYUK\3001_MECHANISMS_TEST\MXTmpFiles\system.tmp
2026-04-01 10:48:29,582 [INFO] CodeEngine:321 - oldGeneratedFile, G:\WINDOWS\EVERYTHING\COLLEGE\AUTOMATONS\2026\RYUK\3001_MECHANISMS_TEST\Core\Inc\stm32f4xx_hal_conf.h_save
2026-04-01 10:48:29,700 [INFO] CodeEngine:345 - Generated code: G:\WINDOWS\EVERYTHING\COLLEGE\AUTOMATONS\2026\RYUK\3001_MECHANISMS_TEST\Core\Inc\stm32f4xx_hal_conf.h
2026-04-01 10:48:29,738 [WARN] IPConfigManager:3238 - Warning: the RefConfig PLL2P_FOR_MCO is not available in your config.xml file
2026-04-01 10:48:29,746 [WARN] IPConfigManager:3811 - IP not found : TIM
2026-04-01 10:48:29,749 [WARN] CodeGenerator:4259 - IP not found : null
2026-04-01 10:48:29,768 [INFO] CodeEngine:265 - oldGeneratedFile, G:\WINDOWS\EVERYTHING\COLLEGE\AUTOMATONS\2026\RYUK\3001_MECHANISMS_TEST\Core\Inc\main.h_save
2026-04-01 10:48:29,993 [INFO] CodeEngine:289 - Generated code: G:\WINDOWS\EVERYTHING\COLLEGE\AUTOMATONS\2026\RYUK\3001_MECHANISMS_TEST\Core\Inc\main.h
2026-04-01 10:48:30,002 [INFO] CodeEngine:265 - oldGeneratedFile, G:\WINDOWS\EVERYTHING\COLLEGE\AUTOMATONS\2026\RYUK\3001_MECHANISMS_TEST\Core\Src\main.c_save
2026-04-01 10:48:30,203 [INFO] CodeEngine:289 - Generated code: G:\WINDOWS\EVERYTHING\COLLEGE\AUTOMATONS\2026\RYUK\3001_MECHANISMS_TEST\Core\Src\main.c
2026-04-01 10:48:30,988 [INFO] ProjectBuilder:3606 - Time for Copy HAL[1] : 431mS.
2026-04-01 10:48:30,995 [INFO] ProjectBuilder:5216 - Project Generator version: 4.7.0-B52
2026-04-01 10:48:31,132 [INFO] ConfigFileManager:1595 - The Die is : DIE421
2026-04-01 10:48:34,224 [INFO] ProjectBuilder:5496 - Time for Generating toolchain IDE Files: 3227mS.
2026-04-01 10:48:34,225 [INFO] ProjectBuilder:3463 - Time for Copy CMSIS : 0mS.
2026-04-01 10:48:34,228 [INFO] ProjectBuilder:3463 - Time for Copy CMSIS : 0mS.
2026-04-01 10:51:55,296 [WARN] IP:2250 - I2C_Coeff_DF not found: check if there is a RefParameter without a condition.
2026-04-01 10:51:55,326 [WARN] IP:2250 - Analog_Filter not found: check if there is a RefParameter without a condition.
2026-04-01 10:51:55,327 [WARN] IP:2250 - I2C_Coeff_DF not found: check if there is a RefParameter without a condition.
2026-04-01 10:51:55,327 [WARN] IP:2250 - Analog_Filter not found: check if there is a RefParameter without a condition.
2026-04-01 10:51:55,342 [WARN] IP:2250 - I2C_Coeff_DF not found: check if there is a RefParameter without a condition.
2026-04-01 10:51:55,343 [WARN] IP:2250 - Analog_Filter not found: check if there is a RefParameter without a condition.
2026-04-01 10:51:55,344 [WARN] IP:2250 - I2C_Coeff_DF not found: check if there is a RefParameter without a condition.
2026-04-01 10:51:55,344 [WARN] IP:2250 - Analog_Filter not found: check if there is a RefParameter without a condition.
2026-04-01 10:51:55,504 [WARN] IP:2250 - I2C_Coeff_DF not found: check if there is a RefParameter without a condition.
2026-04-01 10:51:55,504 [WARN] IP:2250 - Analog_Filter not found: check if there is a RefParameter without a condition.
2026-04-01 10:51:55,508 [WARN] IP:2250 - I2C_Coeff_DF not found: check if there is a RefParameter without a condition.
2026-04-01 10:51:55,509 [WARN] IP:2250 - Analog_Filter not found: check if there is a RefParameter without a condition.
2026-04-01 10:51:55,590 [WARN] IP:2250 - I2C_Coeff_DF not found: check if there is a RefParameter without a condition.
2026-04-01 10:51:55,590 [WARN] IP:2250 - Analog_Filter not found: check if there is a RefParameter without a condition.
2026-04-01 10:51:55,594 [WARN] IP:2250 - I2C_Coeff_DF not found: check if there is a RefParameter without a condition.
2026-04-01 10:51:55,594 [WARN] IP:2250 - Analog_Filter not found: check if there is a RefParameter without a condition.
2026-04-01 10:52:45,977 [INFO] UtilMem:75 - End SaveConfig() Used Memory: 512175336 Bytes (1073741824)
2026-04-01 10:52:46,604 [INFO] UtilMem:75 - End SaveConfig() Used Memory: 572352208 Bytes (1073741824)
2026-04-01 10:52:50,077 [INFO] UtilMem:75 - End SaveConfig() Used Memory: 713940672 Bytes (1073741824)
2026-04-01 10:52:50,940 [INFO] BlockDiagram:2775 - set Specific Code input for plugin: TIM1_8
2026-04-01 10:52:50,941 [INFO] BlockDiagram:2775 - set Specific Code input for plugin: SYS
2026-04-01 10:52:50,941 [INFO] BlockDiagram:2775 - set Specific Code input for plugin: RCC
2026-04-01 10:52:50,941 [INFO] BlockDiagram:2775 - set Specific Code input for plugin: I2C
2026-04-01 10:52:50,941 [INFO] BlockDiagram:2775 - set Specific Code input for plugin: I2C
2026-04-01 10:52:50,942 [INFO] BlockDiagram:2775 - set Specific Code input for plugin: NVIC
2026-04-01 10:52:50,942 [INFO] BlockDiagram:2775 - set Specific Code input for plugin: USART
2026-04-01 10:52:50,942 [INFO] BlockDiagram:2775 - set Specific Code input for plugin: TIM1_8
2026-04-01 10:52:50,943 [INFO] BlockDiagram:2775 - set Specific Code input for plugin: GPIO
2026-04-01 10:52:50,954 [INFO] CodeGenerator:892 - code generatio: config db path: C:\STM\STM32CubeIDE_1.19.0\STM32CubeIDE\plugins\com.st.stm32cube.common.mx_6.15.0.202507011659\\db\
2026-04-01 10:52:50,970 [WARN] IP:2250 - I2C_Coeff_DF not found: check if there is a RefParameter without a condition.
2026-04-01 10:52:50,971 [WARN] IP:2250 - Analog_Filter not found: check if there is a RefParameter without a condition.
2026-04-01 10:52:50,974 [WARN] IP:2250 - I2C_Coeff_DF not found: check if there is a RefParameter without a condition.
2026-04-01 10:52:50,974 [WARN] IP:2250 - Analog_Filter not found: check if there is a RefParameter without a condition.
2026-04-01 10:52:51,415 [INFO] CodeEngine:265 - oldGeneratedFile, G:\WINDOWS\EVERYTHING\COLLEGE\AUTOMATONS\2026\RYUK\3001_MECHANISMS_TEST\MXTmpFiles\license.tmp_save
2026-04-01 10:52:51,996 [INFO] CodeEngine:289 - Generated code: G:\WINDOWS\EVERYTHING\COLLEGE\AUTOMATONS\2026\RYUK\3001_MECHANISMS_TEST\MXTmpFiles\license.tmp
2026-04-01 10:52:52,545 [INFO] CodeEngine:265 - oldGeneratedFile, G:\WINDOWS\EVERYTHING\COLLEGE\AUTOMATONS\2026\RYUK\3001_MECHANISMS_TEST\MXTmpFiles\gpio.tmp_save
2026-04-01 10:52:52,643 [INFO] CodeEngine:289 - Generated code: G:\WINDOWS\EVERYTHING\COLLEGE\AUTOMATONS\2026\RYUK\3001_MECHANISMS_TEST\MXTmpFiles\gpio.tmp
2026-04-01 10:52:53,218 [INFO] CodeEngine:265 - oldGeneratedFile, G:\WINDOWS\EVERYTHING\COLLEGE\AUTOMATONS\2026\RYUK\3001_MECHANISMS_TEST\Core\Src\stm32f4xx_it.c_save
2026-04-01 10:52:53,379 [INFO] CodeEngine:289 - Generated code: G:\WINDOWS\EVERYTHING\COLLEGE\AUTOMATONS\2026\RYUK\3001_MECHANISMS_TEST\Core\Src\stm32f4xx_it.c
2026-04-01 10:52:53,394 [INFO] CodeEngine:265 - oldGeneratedFile, G:\WINDOWS\EVERYTHING\COLLEGE\AUTOMATONS\2026\RYUK\3001_MECHANISMS_TEST\Core\Inc\stm32f4xx_it.h_save
2026-04-01 10:52:53,839 [INFO] CodeEngine:289 - Generated code: G:\WINDOWS\EVERYTHING\COLLEGE\AUTOMATONS\2026\RYUK\3001_MECHANISMS_TEST\Core\Inc\stm32f4xx_it.h
2026-04-01 10:52:53,895 [INFO] CodeEngine:265 - oldGeneratedFile, G:\WINDOWS\EVERYTHING\COLLEGE\AUTOMATONS\2026\RYUK\3001_MECHANISMS_TEST\Core\Src\stm32f4xx_hal_msp.c_save
2026-04-01 10:52:54,235 [INFO] CodeEngine:289 - Generated code: G:\WINDOWS\EVERYTHING\COLLEGE\AUTOMATONS\2026\RYUK\3001_MECHANISMS_TEST\Core\Src\stm32f4xx_hal_msp.c
2026-04-01 10:52:54,293 [INFO] CodeEngine:265 - oldGeneratedFile, G:\WINDOWS\EVERYTHING\COLLEGE\AUTOMATONS\2026\RYUK\3001_MECHANISMS_TEST\MXTmpFiles\system.tmp_save
2026-04-01 10:52:54,435 [INFO] CodeEngine:289 - Generated code: G:\WINDOWS\EVERYTHING\COLLEGE\AUTOMATONS\2026\RYUK\3001_MECHANISMS_TEST\MXTmpFiles\system.tmp
2026-04-01 10:52:54,479 [INFO] CodeEngine:321 - oldGeneratedFile, G:\WINDOWS\EVERYTHING\COLLEGE\AUTOMATONS\2026\RYUK\3001_MECHANISMS_TEST\Core\Inc\stm32f4xx_hal_conf.h_save
2026-04-01 10:52:54,618 [INFO] CodeEngine:345 - Generated code: G:\WINDOWS\EVERYTHING\COLLEGE\AUTOMATONS\2026\RYUK\3001_MECHANISMS_TEST\Core\Inc\stm32f4xx_hal_conf.h
2026-04-01 10:52:54,668 [WARN] IPConfigManager:3238 - Warning: the RefConfig PLL2P_FOR_MCO is not available in your config.xml file
2026-04-01 10:52:54,679 [WARN] IPConfigManager:3811 - IP not found : TIM
2026-04-01 10:52:54,681 [WARN] CodeGenerator:4259 - IP not found : null
2026-04-01 10:52:54,695 [INFO] CodeEngine:265 - oldGeneratedFile, G:\WINDOWS\EVERYTHING\COLLEGE\AUTOMATONS\2026\RYUK\3001_MECHANISMS_TEST\Core\Inc\main.h_save
2026-04-01 10:52:54,828 [INFO] CodeEngine:289 - Generated code: G:\WINDOWS\EVERYTHING\COLLEGE\AUTOMATONS\2026\RYUK\3001_MECHANISMS_TEST\Core\Inc\main.h
2026-04-01 10:52:54,846 [INFO] CodeEngine:265 - oldGeneratedFile, G:\WINDOWS\EVERYTHING\COLLEGE\AUTOMATONS\2026\RYUK\3001_MECHANISMS_TEST\Core\Src\main.c_save
2026-04-01 10:52:55,132 [INFO] CodeEngine:289 - Generated code: G:\WINDOWS\EVERYTHING\COLLEGE\AUTOMATONS\2026\RYUK\3001_MECHANISMS_TEST\Core\Src\main.c
2026-04-01 10:52:55,836 [INFO] ProjectBuilder:3606 - Time for Copy HAL[1] : 338mS.
2026-04-01 10:52:55,846 [INFO] ProjectBuilder:5216 - Project Generator version: 4.7.0-B52
2026-04-01 10:52:56,013 [INFO] ConfigFileManager:1595 - The Die is : DIE421
2026-04-01 10:52:59,036 [INFO] ProjectBuilder:5496 - Time for Generating toolchain IDE Files: 3190mS.
2026-04-01 10:52:59,037 [INFO] ProjectBuilder:3463 - Time for Copy CMSIS : 0mS.
2026-04-01 10:52:59,043 [INFO] ProjectBuilder:3463 - Time for Copy CMSIS : 0mS.
2026-04-01 10:54:10,524 [WARN] IP:2250 - I2C_Coeff_DF not found: check if there is a RefParameter without a condition.
2026-04-01 10:54:10,548 [WARN] IP:2250 - Analog_Filter not found: check if there is a RefParameter without a condition.
2026-04-01 10:54:10,548 [WARN] IP:2250 - I2C_Coeff_DF not found: check if there is a RefParameter without a condition.
2026-04-01 10:54:10,549 [WARN] IP:2250 - Analog_Filter not found: check if there is a RefParameter without a condition.
2026-04-01 10:54:10,553 [WARN] IP:2250 - I2C_Coeff_DF not found: check if there is a RefParameter without a condition.
2026-04-01 10:54:10,553 [WARN] IP:2250 - Analog_Filter not found: check if there is a RefParameter without a condition.
2026-04-01 10:54:10,554 [WARN] IP:2250 - I2C_Coeff_DF not found: check if there is a RefParameter without a condition.
2026-04-01 10:54:10,554 [WARN] IP:2250 - Analog_Filter not found: check if there is a RefParameter without a condition.
2026-04-01 10:54:10,637 [WARN] IP:2250 - I2C_Coeff_DF not found: check if there is a RefParameter without a condition.
2026-04-01 10:54:10,637 [WARN] IP:2250 - Analog_Filter not found: check if there is a RefParameter without a condition.
2026-04-01 10:54:10,642 [WARN] IP:2250 - I2C_Coeff_DF not found: check if there is a RefParameter without a condition.
2026-04-01 10:54:10,642 [WARN] IP:2250 - Analog_Filter not found: check if there is a RefParameter without a condition.
2026-04-01 10:54:10,706 [WARN] IP:2250 - I2C_Coeff_DF not found: check if there is a RefParameter without a condition.
2026-04-01 10:54:10,706 [WARN] IP:2250 - Analog_Filter not found: check if there is a RefParameter without a condition.
2026-04-01 10:54:10,710 [WARN] IP:2250 - I2C_Coeff_DF not found: check if there is a RefParameter without a condition.
2026-04-01 10:54:10,710 [WARN] IP:2250 - Analog_Filter not found: check if there is a RefParameter without a condition.
2026-04-01 10:54:17,637 [INFO] UtilMem:75 - End SaveConfig() Used Memory: 693245416 Bytes (1073741824)
2026-04-01 10:54:17,905 [INFO] UtilMem:75 - End SaveConfig() Used Memory: 719986152 Bytes (1073741824)
2026-04-01 10:54:24,773 [INFO] UtilMem:75 - End SaveConfig() Used Memory: 868934728 Bytes (1073741824)
2026-04-01 10:54:25,570 [INFO] BlockDiagram:2775 - set Specific Code input for plugin: TIM1_8
2026-04-01 10:54:25,571 [INFO] BlockDiagram:2775 - set Specific Code input for plugin: SYS
2026-04-01 10:54:25,571 [INFO] BlockDiagram:2775 - set Specific Code input for plugin: RCC
2026-04-01 10:54:25,571 [INFO] BlockDiagram:2775 - set Specific Code input for plugin: I2C
2026-04-01 10:54:25,571 [INFO] BlockDiagram:2775 - set Specific Code input for plugin: I2C
2026-04-01 10:54:25,571 [INFO] BlockDiagram:2775 - set Specific Code input for plugin: NVIC
2026-04-01 10:54:25,571 [INFO] BlockDiagram:2775 - set Specific Code input for plugin: USART
2026-04-01 10:54:25,571 [INFO] BlockDiagram:2775 - set Specific Code input for plugin: TIM1_8
2026-04-01 10:54:25,571 [INFO] BlockDiagram:2775 - set Specific Code input for plugin: GPIO
2026-04-01 10:54:25,573 [INFO] CodeGenerator:892 - code generatio: config db path: C:\STM\STM32CubeIDE_1.19.0\STM32CubeIDE\plugins\com.st.stm32cube.common.mx_6.15.0.202507011659\\db\
2026-04-01 10:54:25,576 [WARN] IP:2250 - I2C_Coeff_DF not found: check if there is a RefParameter without a condition.
2026-04-01 10:54:25,576 [WARN] IP:2250 - Analog_Filter not found: check if there is a RefParameter without a condition.
2026-04-01 10:54:25,577 [WARN] IP:2250 - I2C_Coeff_DF not found: check if there is a RefParameter without a condition.
2026-04-01 10:54:25,578 [WARN] IP:2250 - Analog_Filter not found: check if there is a RefParameter without a condition.
2026-04-01 10:54:26,042 [INFO] CodeEngine:265 - oldGeneratedFile, G:\WINDOWS\EVERYTHING\COLLEGE\AUTOMATONS\2026\RYUK\3001_MECHANISMS_TEST\MXTmpFiles\license.tmp_save
2026-04-01 10:54:26,316 [INFO] CodeEngine:289 - Generated code: G:\WINDOWS\EVERYTHING\COLLEGE\AUTOMATONS\2026\RYUK\3001_MECHANISMS_TEST\MXTmpFiles\license.tmp
2026-04-01 10:54:26,812 [INFO] CodeEngine:265 - oldGeneratedFile, G:\WINDOWS\EVERYTHING\COLLEGE\AUTOMATONS\2026\RYUK\3001_MECHANISMS_TEST\MXTmpFiles\gpio.tmp_save
2026-04-01 10:54:27,030 [INFO] CodeEngine:289 - Generated code: G:\WINDOWS\EVERYTHING\COLLEGE\AUTOMATONS\2026\RYUK\3001_MECHANISMS_TEST\MXTmpFiles\gpio.tmp
2026-04-01 10:54:27,803 [INFO] CodeEngine:265 - oldGeneratedFile, G:\WINDOWS\EVERYTHING\COLLEGE\AUTOMATONS\2026\RYUK\3001_MECHANISMS_TEST\Core\Src\stm32f4xx_it.c_save
2026-04-01 10:54:28,006 [INFO] CodeEngine:289 - Generated code: G:\WINDOWS\EVERYTHING\COLLEGE\AUTOMATONS\2026\RYUK\3001_MECHANISMS_TEST\Core\Src\stm32f4xx_it.c
2026-04-01 10:54:28,030 [INFO] CodeEngine:265 - oldGeneratedFile, G:\WINDOWS\EVERYTHING\COLLEGE\AUTOMATONS\2026\RYUK\3001_MECHANISMS_TEST\Core\Inc\stm32f4xx_it.h_save
2026-04-01 10:54:28,141 [INFO] CodeEngine:289 - Generated code: G:\WINDOWS\EVERYTHING\COLLEGE\AUTOMATONS\2026\RYUK\3001_MECHANISMS_TEST\Core\Inc\stm32f4xx_it.h
2026-04-01 10:54:28,171 [INFO] CodeEngine:265 - oldGeneratedFile, G:\WINDOWS\EVERYTHING\COLLEGE\AUTOMATONS\2026\RYUK\3001_MECHANISMS_TEST\Core\Src\stm32f4xx_hal_msp.c_save
2026-04-01 10:54:28,362 [INFO] CodeEngine:289 - Generated code: G:\WINDOWS\EVERYTHING\COLLEGE\AUTOMATONS\2026\RYUK\3001_MECHANISMS_TEST\Core\Src\stm32f4xx_hal_msp.c
2026-04-01 10:54:28,852 [INFO] CodeEngine:265 - oldGeneratedFile, G:\WINDOWS\EVERYTHING\COLLEGE\AUTOMATONS\2026\RYUK\3001_MECHANISMS_TEST\MXTmpFiles\system.tmp_save
2026-04-01 10:54:28,927 [INFO] CodeEngine:289 - Generated code: G:\WINDOWS\EVERYTHING\COLLEGE\AUTOMATONS\2026\RYUK\3001_MECHANISMS_TEST\MXTmpFiles\system.tmp
2026-04-01 10:54:28,947 [INFO] CodeEngine:321 - oldGeneratedFile, G:\WINDOWS\EVERYTHING\COLLEGE\AUTOMATONS\2026\RYUK\3001_MECHANISMS_TEST\Core\Inc\stm32f4xx_hal_conf.h_save
2026-04-01 10:54:29,092 [INFO] CodeEngine:345 - Generated code: G:\WINDOWS\EVERYTHING\COLLEGE\AUTOMATONS\2026\RYUK\3001_MECHANISMS_TEST\Core\Inc\stm32f4xx_hal_conf.h
2026-04-01 10:54:29,128 [WARN] IPConfigManager:3238 - Warning: the RefConfig PLL2P_FOR_MCO is not available in your config.xml file
2026-04-01 10:54:29,136 [WARN] IPConfigManager:3811 - IP not found : TIM
2026-04-01 10:54:29,137 [WARN] CodeGenerator:4259 - IP not found : null
2026-04-01 10:54:29,223 [INFO] CodeEngine:265 - oldGeneratedFile, G:\WINDOWS\EVERYTHING\COLLEGE\AUTOMATONS\2026\RYUK\3001_MECHANISMS_TEST\Core\Inc\main.h_save
2026-04-01 10:54:29,352 [INFO] CodeEngine:289 - Generated code: G:\WINDOWS\EVERYTHING\COLLEGE\AUTOMATONS\2026\RYUK\3001_MECHANISMS_TEST\Core\Inc\main.h
2026-04-01 10:54:29,359 [INFO] CodeEngine:265 - oldGeneratedFile, G:\WINDOWS\EVERYTHING\COLLEGE\AUTOMATONS\2026\RYUK\3001_MECHANISMS_TEST\Core\Src\main.c_save
2026-04-01 10:54:29,668 [INFO] CodeEngine:289 - Generated code: G:\WINDOWS\EVERYTHING\COLLEGE\AUTOMATONS\2026\RYUK\3001_MECHANISMS_TEST\Core\Src\main.c
2026-04-01 10:54:30,289 [INFO] ProjectBuilder:3606 - Time for Copy HAL[1] : 334mS.
2026-04-01 10:54:30,293 [INFO] ProjectBuilder:5216 - Project Generator version: 4.7.0-B52
2026-04-01 10:54:30,393 [INFO] ConfigFileManager:1595 - The Die is : DIE421
2026-04-01 10:54:34,596 [INFO] ProjectBuilder:5496 - Time for Generating toolchain IDE Files: 4304mS.
2026-04-01 10:54:34,598 [INFO] ProjectBuilder:3463 - Time for Copy CMSIS : 0mS.
2026-04-01 10:54:34,600 [INFO] ProjectBuilder:3463 - Time for Copy CMSIS : 0mS.
2026-04-01 10:56:50,129 [WARN] IP:2250 - I2C_Coeff_DF not found: check if there is a RefParameter without a condition.
2026-04-01 10:56:50,190 [WARN] IP:2250 - Analog_Filter not found: check if there is a RefParameter without a condition.
2026-04-01 10:56:50,196 [WARN] IP:2250 - I2C_Coeff_DF not found: check if there is a RefParameter without a condition.
2026-04-01 10:56:50,196 [WARN] IP:2250 - Analog_Filter not found: check if there is a RefParameter without a condition.
2026-04-01 10:56:50,208 [WARN] IP:2250 - I2C_Coeff_DF not found: check if there is a RefParameter without a condition.
2026-04-01 10:56:50,208 [WARN] IP:2250 - Analog_Filter not found: check if there is a RefParameter without a condition.
2026-04-01 10:56:50,210 [WARN] IP:2250 - I2C_Coeff_DF not found: check if there is a RefParameter without a condition.
2026-04-01 10:56:50,210 [WARN] IP:2250 - Analog_Filter not found: check if there is a RefParameter without a condition.
2026-04-01 10:56:50,595 [WARN] IP:2250 - I2C_Coeff_DF not found: check if there is a RefParameter without a condition.
2026-04-01 10:56:50,596 [WARN] IP:2250 - Analog_Filter not found: check if there is a RefParameter without a condition.
2026-04-01 10:56:50,600 [WARN] IP:2250 - I2C_Coeff_DF not found: check if there is a RefParameter without a condition.
2026-04-01 10:56:50,601 [WARN] IP:2250 - Analog_Filter not found: check if there is a RefParameter without a condition.
2026-04-01 10:56:50,674 [WARN] IP:2250 - I2C_Coeff_DF not found: check if there is a RefParameter without a condition.
2026-04-01 10:56:50,674 [WARN] IP:2250 - Analog_Filter not found: check if there is a RefParameter without a condition.
2026-04-01 10:56:50,678 [WARN] IP:2250 - I2C_Coeff_DF not found: check if there is a RefParameter without a condition.
2026-04-01 10:56:50,678 [WARN] IP:2250 - Analog_Filter not found: check if there is a RefParameter without a condition.
2026-04-01 10:57:01,630 [WARN] IP:2250 - I2C_Coeff_DF not found: check if there is a RefParameter without a condition.
2026-04-01 10:57:01,630 [WARN] IP:2250 - Analog_Filter not found: check if there is a RefParameter without a condition.
2026-04-01 10:57:01,631 [WARN] IP:2250 - I2C_Coeff_DF not found: check if there is a RefParameter without a condition.
2026-04-01 10:57:01,631 [WARN] IP:2250 - Analog_Filter not found: check if there is a RefParameter without a condition.
2026-04-01 10:57:01,635 [WARN] IP:2250 - I2C_Coeff_DF not found: check if there is a RefParameter without a condition.
2026-04-01 10:57:01,635 [WARN] IP:2250 - Analog_Filter not found: check if there is a RefParameter without a condition.
2026-04-01 10:57:01,635 [WARN] IP:2250 - I2C_Coeff_DF not found: check if there is a RefParameter without a condition.
2026-04-01 10:57:01,635 [WARN] IP:2250 - Analog_Filter not found: check if there is a RefParameter without a condition.
2026-04-01 10:57:01,699 [WARN] IP:2250 - I2C_Coeff_DF not found: check if there is a RefParameter without a condition.
2026-04-01 10:57:01,699 [WARN] IP:2250 - Analog_Filter not found: check if there is a RefParameter without a condition.
2026-04-01 10:57:01,702 [WARN] IP:2250 - I2C_Coeff_DF not found: check if there is a RefParameter without a condition.
2026-04-01 10:57:01,702 [WARN] IP:2250 - Analog_Filter not found: check if there is a RefParameter without a condition.
2026-04-01 10:57:01,753 [WARN] IP:2250 - I2C_Coeff_DF not found: check if there is a RefParameter without a condition.
2026-04-01 10:57:01,754 [WARN] IP:2250 - Analog_Filter not found: check if there is a RefParameter without a condition.
2026-04-01 10:57:01,756 [WARN] IP:2250 - I2C_Coeff_DF not found: check if there is a RefParameter without a condition.
2026-04-01 10:57:01,756 [WARN] IP:2250 - Analog_Filter not found: check if there is a RefParameter without a condition.
2026-04-01 10:57:12,062 [INFO] UtilMem:75 - End SaveConfig() Used Memory: 449411232 Bytes (1000341504)
2026-04-01 10:57:12,202 [INFO] UtilMem:75 - End SaveConfig() Used Memory: 476679032 Bytes (1000341504)
2026-04-01 10:57:15,035 [INFO] UtilMem:75 - End SaveConfig() Used Memory: 638283448 Bytes (1000341504)
2026-04-01 10:57:15,620 [INFO] BlockDiagram:2775 - set Specific Code input for plugin: TIM1_8
2026-04-01 10:57:15,621 [INFO] BlockDiagram:2775 - set Specific Code input for plugin: SYS
2026-04-01 10:57:15,621 [INFO] BlockDiagram:2775 - set Specific Code input for plugin: RCC
2026-04-01 10:57:15,621 [INFO] BlockDiagram:2775 - set Specific Code input for plugin: I2C
2026-04-01 10:57:15,621 [INFO] BlockDiagram:2775 - set Specific Code input for plugin: I2C
2026-04-01 10:57:15,621 [INFO] BlockDiagram:2775 - set Specific Code input for plugin: NVIC
2026-04-01 10:57:15,621 [INFO] BlockDiagram:2775 - set Specific Code input for plugin: USART
2026-04-01 10:57:15,621 [INFO] BlockDiagram:2775 - set Specific Code input for plugin: TIM1_8
2026-04-01 10:57:15,621 [INFO] BlockDiagram:2775 - set Specific Code input for plugin: GPIO
2026-04-01 10:57:15,623 [INFO] CodeGenerator:892 - code generatio: config db path: C:\STM\STM32CubeIDE_1.19.0\STM32CubeIDE\plugins\com.st.stm32cube.common.mx_6.15.0.202507011659\\db\
2026-04-01 10:57:15,626 [WARN] IP:2250 - I2C_Coeff_DF not found: check if there is a RefParameter without a condition.
2026-04-01 10:57:15,626 [WARN] IP:2250 - Analog_Filter not found: check if there is a RefParameter without a condition.
2026-04-01 10:57:15,627 [WARN] IP:2250 - I2C_Coeff_DF not found: check if there is a RefParameter without a condition.
2026-04-01 10:57:15,627 [WARN] IP:2250 - Analog_Filter not found: check if there is a RefParameter without a condition.
2026-04-01 10:57:15,985 [INFO] CodeEngine:265 - oldGeneratedFile, G:\WINDOWS\EVERYTHING\COLLEGE\AUTOMATONS\2026\RYUK\3001_MECHANISMS_TEST\MXTmpFiles\license.tmp_save
2026-04-01 10:57:16,300 [INFO] CodeEngine:289 - Generated code: G:\WINDOWS\EVERYTHING\COLLEGE\AUTOMATONS\2026\RYUK\3001_MECHANISMS_TEST\MXTmpFiles\license.tmp
2026-04-01 10:57:16,393 [INFO] CodeEngine:265 - oldGeneratedFile, G:\WINDOWS\EVERYTHING\COLLEGE\AUTOMATONS\2026\RYUK\3001_MECHANISMS_TEST\MXTmpFiles\gpio.tmp_save
2026-04-01 10:57:16,596 [INFO] CodeEngine:289 - Generated code: G:\WINDOWS\EVERYTHING\COLLEGE\AUTOMATONS\2026\RYUK\3001_MECHANISMS_TEST\MXTmpFiles\gpio.tmp
2026-04-01 10:57:17,055 [INFO] CodeEngine:265 - oldGeneratedFile, G:\WINDOWS\EVERYTHING\COLLEGE\AUTOMATONS\2026\RYUK\3001_MECHANISMS_TEST\Core\Src\stm32f4xx_it.c_save
2026-04-01 10:57:17,275 [INFO] CodeEngine:289 - Generated code: G:\WINDOWS\EVERYTHING\COLLEGE\AUTOMATONS\2026\RYUK\3001_MECHANISMS_TEST\Core\Src\stm32f4xx_it.c
2026-04-01 10:57:17,286 [INFO] CodeEngine:265 - oldGeneratedFile, G:\WINDOWS\EVERYTHING\COLLEGE\AUTOMATONS\2026\RYUK\3001_MECHANISMS_TEST\Core\Inc\stm32f4xx_it.h_save
2026-04-01 10:57:17,534 [INFO] CodeEngine:289 - Generated code: G:\WINDOWS\EVERYTHING\COLLEGE\AUTOMATONS\2026\RYUK\3001_MECHANISMS_TEST\Core\Inc\stm32f4xx_it.h
2026-04-01 10:57:17,556 [INFO] CodeEngine:265 - oldGeneratedFile, G:\WINDOWS\EVERYTHING\COLLEGE\AUTOMATONS\2026\RYUK\3001_MECHANISMS_TEST\Core\Src\stm32f4xx_hal_msp.c_save
2026-04-01 10:57:17,831 [INFO] CodeEngine:289 - Generated code: G:\WINDOWS\EVERYTHING\COLLEGE\AUTOMATONS\2026\RYUK\3001_MECHANISMS_TEST\Core\Src\stm32f4xx_hal_msp.c
2026-04-01 10:57:17,838 [INFO] CodeEngine:265 - oldGeneratedFile, G:\WINDOWS\EVERYTHING\COLLEGE\AUTOMATONS\2026\RYUK\3001_MECHANISMS_TEST\MXTmpFiles\system.tmp_save
2026-04-01 10:57:17,922 [INFO] CodeEngine:289 - Generated code: G:\WINDOWS\EVERYTHING\COLLEGE\AUTOMATONS\2026\RYUK\3001_MECHANISMS_TEST\MXTmpFiles\system.tmp
2026-04-01 10:57:17,937 [INFO] CodeEngine:321 - oldGeneratedFile, G:\WINDOWS\EVERYTHING\COLLEGE\AUTOMATONS\2026\RYUK\3001_MECHANISMS_TEST\Core\Inc\stm32f4xx_hal_conf.h_save
2026-04-01 10:57:18,030 [INFO] CodeEngine:345 - Generated code: G:\WINDOWS\EVERYTHING\COLLEGE\AUTOMATONS\2026\RYUK\3001_MECHANISMS_TEST\Core\Inc\stm32f4xx_hal_conf.h
2026-04-01 10:57:18,070 [WARN] IPConfigManager:3238 - Warning: the RefConfig PLL2P_FOR_MCO is not available in your config.xml file
2026-04-01 10:57:18,076 [WARN] IPConfigManager:3811 - IP not found : TIM
2026-04-01 10:57:18,077 [WARN] CodeGenerator:4259 - IP not found : null
2026-04-01 10:57:18,088 [INFO] CodeEngine:265 - oldGeneratedFile, G:\WINDOWS\EVERYTHING\COLLEGE\AUTOMATONS\2026\RYUK\3001_MECHANISMS_TEST\Core\Inc\main.h_save
2026-04-01 10:57:18,207 [INFO] CodeEngine:289 - Generated code: G:\WINDOWS\EVERYTHING\COLLEGE\AUTOMATONS\2026\RYUK\3001_MECHANISMS_TEST\Core\Inc\main.h
2026-04-01 10:57:18,214 [INFO] CodeEngine:265 - oldGeneratedFile, G:\WINDOWS\EVERYTHING\COLLEGE\AUTOMATONS\2026\RYUK\3001_MECHANISMS_TEST\Core\Src\main.c_save
2026-04-01 10:57:18,390 [INFO] CodeEngine:289 - Generated code: G:\WINDOWS\EVERYTHING\COLLEGE\AUTOMATONS\2026\RYUK\3001_MECHANISMS_TEST\Core\Src\main.c
2026-04-01 10:57:18,955 [INFO] ProjectBuilder:3606 - Time for Copy HAL[1] : 268mS.
2026-04-01 10:57:18,959 [INFO] ProjectBuilder:5216 - Project Generator version: 4.7.0-B52
2026-04-01 10:57:19,087 [INFO] ConfigFileManager:1595 - The Die is : DIE421
2026-04-01 10:57:21,667 [INFO] ProjectBuilder:5496 - Time for Generating toolchain IDE Files: 2706mS.
2026-04-01 10:57:21,669 [INFO] ProjectBuilder:3463 - Time for Copy CMSIS : 2mS.
2026-04-01 10:57:21,671 [INFO] ProjectBuilder:3463 - Time for Copy CMSIS : 0mS.
2026-04-01 11:01:41,844 [ERROR] ConfigurationRetriever:142 - IOException on connection: Read timed out
