2026-04-10 10:49:49,976 [ERROR] LogOutputStream:75 - [STDERR_REDIRECT] 
2026-04-10 11:24:52,302 [INFO] Activator:176 - 


2026-04-10 11:24:52,304 [INFO] Activator:177 - !SESSION log4j initialized
2026-04-10 11:25:01,130 [INFO] LogOutputStream:77 - [STDOUT_REDIRECT] 
2026-04-10 11:25:03,386 [INFO] ApplicationProperties:184 - Using Application install path: C:\STM\STM32CubeIDE_1.19.0\STM32CubeIDE\plugins\com.st.stm32cube.common.mx_6.15.0.202507011659
2026-04-10 11:25:03,416 [INFO] DbMcusXml:78 - Set database path to: C:\STM\STM32CubeIDE_1.19.0\STM32CubeIDE\plugins\com.st.stm32cube.common.mx_6.15.0.202507011659\\db\/mcu/
2026-04-10 11:25:03,416 [INFO] ApiDb:274 - Set plugin database path to: C:\STM\STM32CubeIDE_1.19.0\STM32CubeIDE\plugins\com.st.stm32cube.common.mx_6.15.0.202507011659\\db\/plugins/boardmanager/
2026-04-10 11:25:03,418 [WARN] ApiDb:259 - Overriding images path with different value:  => C:\STM\STM32CubeIDE_1.19.0\STM32CubeIDE\plugins\com.st.stm32cube.common.mx_6.15.0.202507011659\\db\/plugins/mcufinder/images/
2026-04-10 11:25:03,432 [INFO] ApiDb:250 - Set database path to: C:\Users\Atreya\.stmcufinder\plugins\mcufinder//mcu/
2026-04-10 11:25:03,434 [INFO] DbMcusAds:125 - Set database path to: C:\Users\Atreya\.stmcufinder\plugins\mcufinder//mcu/
2026-04-10 11:25:03,438 [INFO] CrossReferenceDbSqlite:203 - Set database path to: C:\Users\Atreya\.stmcufinder\plugins\mcufinder//mcu/cs/
2026-04-10 11:25:03,617 [INFO] RulesReader:64 - Compatibility file has been processed (317 Rules)
2026-04-10 11:25:03,725 [INFO] DbMcusXml:78 - Set database path to: C:\STM\STM32CubeIDE_1.19.0\STM32CubeIDE\plugins\com.st.stm32cube.common.mx_6.15.0.202507011659\\db\/mcu/
2026-04-10 11:25:03,725 [INFO] ApiDb:274 - Set plugin database path to: C:\STM\STM32CubeIDE_1.19.0\STM32CubeIDE\plugins\com.st.stm32cube.common.mx_6.15.0.202507011659\\db\/plugins/boardmanager/
2026-04-10 11:25:03,725 [INFO] ApiDb:261 - Set plugin images path to: C:\STM\STM32CubeIDE_1.19.0\STM32CubeIDE\plugins\com.st.stm32cube.common.mx_6.15.0.202507011659\\db\/plugins/mcufinder/images/
2026-04-10 11:25:03,725 [WARN] DbFile:41 - Overriding database path with different value: C:\Users\Atreya\.stmcufinder\plugins\mcufinder/ => C:\Users\Atreya\.stmcufinder\plugins\mcufinder
2026-04-10 11:25:03,725 [INFO] ApiDb:250 - Set database path to: C:\Users\Atreya\.stmcufinder\plugins\mcufinder//mcu/
2026-04-10 11:25:03,725 [WARN] DbFile:41 - Overriding database path with different value: C:\Users\Atreya\.stmcufinder\plugins\mcufinder/ => C:\Users\Atreya\.stmcufinder\plugins\mcufinder
2026-04-10 11:25:03,725 [INFO] DbMcusAds:125 - Set database path to: C:\Users\Atreya\.stmcufinder\plugins\mcufinder//mcu/
2026-04-10 11:25:03,726 [WARN] DbFile:41 - Overriding database path with different value: C:\Users\Atreya\.stmcufinder\plugins\mcufinder/ => C:\Users\Atreya\.stmcufinder\plugins\mcufinder
2026-04-10 11:25:03,726 [WARN] DbFile:41 - Overriding database path with different value: C:\Users\Atreya\.stmcufinder\plugins\mcufinder/ => C:\Users\Atreya\.stmcufinder\plugins\mcufinder
2026-04-10 11:25:03,726 [INFO] CrossReferenceDbSqlite:203 - Set database path to: C:\Users\Atreya\.stmcufinder\plugins\mcufinder//mcu/cs/
2026-04-10 11:25:03,832 [INFO] MainPanel:274 - HeapMemory: 268435456
2026-04-10 11:25:04,007 [INFO] DbMcusXml:78 - Set database path to: C:\STM\STM32CubeIDE_1.19.0\STM32CubeIDE\plugins\com.st.stm32cube.common.mx_6.15.0.202507011659\\db\/mcu/
2026-04-10 11:25:04,007 [INFO] ApiDb:274 - Set plugin database path to: C:\STM\STM32CubeIDE_1.19.0\STM32CubeIDE\plugins\com.st.stm32cube.common.mx_6.15.0.202507011659\\db\/plugins/boardmanager/
2026-04-10 11:25:04,007 [INFO] ApiDb:261 - Set plugin images path to: C:\STM\STM32CubeIDE_1.19.0\STM32CubeIDE\plugins\com.st.stm32cube.common.mx_6.15.0.202507011659\\db\/plugins/mcufinder/images/
2026-04-10 11:25:04,008 [WARN] DbFile:41 - Overriding database path with different value: C:\Users\Atreya\.stmcufinder\plugins\mcufinder/ => C:\Users\Atreya\.stmcufinder\plugins\mcufinder
2026-04-10 11:25:04,008 [INFO] ApiDb:250 - Set database path to: C:\Users\Atreya\.stmcufinder\plugins\mcufinder//mcu/
2026-04-10 11:25:04,008 [WARN] DbFile:41 - Overriding database path with different value: C:\Users\Atreya\.stmcufinder\plugins\mcufinder/ => C:\Users\Atreya\.stmcufinder\plugins\mcufinder
2026-04-10 11:25:04,008 [INFO] DbMcusAds:125 - Set database path to: C:\Users\Atreya\.stmcufinder\plugins\mcufinder//mcu/
2026-04-10 11:25:04,008 [WARN] DbFile:41 - Overriding database path with different value: C:\Users\Atreya\.stmcufinder\plugins\mcufinder/ => C:\Users\Atreya\.stmcufinder\plugins\mcufinder
2026-04-10 11:25:04,008 [WARN] DbFile:41 - Overriding database path with different value: C:\Users\Atreya\.stmcufinder\plugins\mcufinder/ => C:\Users\Atreya\.stmcufinder\plugins\mcufinder
2026-04-10 11:25:04,008 [INFO] CrossReferenceDbSqlite:203 - Set database path to: C:\Users\Atreya\.stmcufinder\plugins\mcufinder//mcu/cs/
2026-04-10 11:25:04,030 [INFO] ApplicationProperties:184 - Using Application install path: C:\STM\STM32CubeIDE_1.19.0\STM32CubeIDE\plugins\com.st.stm32cube.common.mx_6.15.0.202507011659
2026-04-10 11:25:04,031 [INFO] PluginManage:196 - Search for loadable plugins [exclusion list=, ]
2026-04-10 11:25:04,033 [INFO] PluginManage:310 - Check plugin analytics
2026-04-10 11:25:04,297 [INFO] AnalyticsPlugin:253 - Accepted Software Licenses: 
2026-04-10 11:25:04,298 [INFO] AnalyticsPlugin:255 - Accepted CMSIS Pack Licenses: 
2026-04-10 11:25:04,298 [INFO] AnalyticsPlugin:257 - Accepted Firmware Licenses: FW.F4.1.28.0
2026-04-10 11:25:04,304 [INFO] PluginManage:359 - Loaded plugin analytics (category:tool,tabindex:-1)
2026-04-10 11:25:04,306 [INFO] PluginManage:310 - Check plugin cadmodel
2026-04-10 11:25:04,315 [INFO] CADModel:105 - Init CAD model plugin
2026-04-10 11:25:04,315 [INFO] PluginManage:359 - Loaded plugin cadmodel (category:power,tabindex:5)
2026-04-10 11:25:04,315 [INFO] PluginManage:310 - Check plugin clock
2026-04-10 11:25:04,326 [INFO] PluginManage:359 - Loaded plugin clock (category:base,tabindex:2)
2026-04-10 11:25:04,327 [INFO] PluginManage:310 - Check plugin ddr
2026-04-10 11:25:04,330 [INFO] PluginManage:359 - Loaded plugin ddr (category:tool,tabindex:6)
2026-04-10 11:25:04,330 [INFO] PluginManage:310 - Check plugin filemanager
2026-04-10 11:25:04,525 [INFO] PluginManage:359 - Loaded plugin filemanager (category:base,tabindex:10)
2026-04-10 11:25:04,526 [INFO] PluginManage:310 - Check plugin ipmanager
2026-04-10 11:25:04,536 [INFO] PluginManage:359 - Loaded plugin ipmanager (category:base,tabindex:5)
2026-04-10 11:25:04,536 [INFO] PluginManage:310 - Check plugin lpbam
2026-04-10 11:25:04,550 [INFO] PluginManage:359 - Loaded plugin lpbam (category:base,tabindex:0)
2026-04-10 11:25:04,550 [INFO] PluginManage:310 - Check plugin memorymap
2026-04-10 11:25:04,572 [INFO] PluginManage:359 - Loaded plugin memorymap (category:base,tabindex:4)
2026-04-10 11:25:04,573 [INFO] PluginManage:310 - Check plugin pinoutandconfiguration
2026-04-10 11:25:04,589 [INFO] PluginManage:359 - Loaded plugin pinoutandconfiguration (category:base,tabindex:1)
2026-04-10 11:25:04,589 [INFO] PluginManage:310 - Check plugin pinoutconfig
2026-04-10 11:25:04,721 [WARN] SupportedApi:132 - Cannot load RTOS API schema: s4s-elt-must-match.1: The content of 'definitions' must match (annotation?, (simpleType | complexType)?, (unique | key | keyref)*)). A problem was found starting at: attribute.
2026-04-10 11:25:04,917 [INFO] PluginManage:359 - Loaded plugin pinoutconfig (category:base,tabindex:0)
2026-04-10 11:25:04,917 [INFO] PluginManage:310 - Check plugin power
2026-04-10 11:25:04,932 [INFO] PluginManage:359 - Loaded plugin power (category:power,tabindex:4)
2026-04-10 11:25:04,932 [INFO] PluginManage:310 - Check plugin projectmanager
2026-04-10 11:25:04,954 [INFO] PluginManage:359 - Loaded plugin projectmanager (category:projectmanager,tabindex:4)
2026-04-10 11:25:04,955 [INFO] PluginManage:310 - Check plugin rif
2026-04-10 11:25:04,970 [INFO] PluginManage:359 - Loaded plugin rif (category:base,tabindex:3)
2026-04-10 11:25:04,970 [INFO] PluginManage:310 - Check plugin thirdparty
2026-04-10 11:25:05,175 [INFO] PluginManage:359 - Loaded plugin thirdparty (category:base,tabindex:-1)
2026-04-10 11:25:05,175 [INFO] PluginManage:310 - Check plugin tools
2026-04-10 11:25:05,175 [WARN] IntegrityCheckThread:84 - waiting for thirdparty lock release [integrity check]
2026-04-10 11:25:05,176 [INFO] IntegrityCheckThread:86 - entering critical section [integrity check]
2026-04-10 11:25:05,176 [INFO] ThirdPartyUpdaterWithRetryManager:70 - Updater plugin not ready yet. [1/15]
2026-04-10 11:25:05,180 [INFO] PluginManage:359 - Loaded plugin tools (category:base,tabindex:7)
2026-04-10 11:25:05,181 [INFO] PluginManage:310 - Check plugin tutovideos
2026-04-10 11:25:05,477 [INFO] PluginManage:359 - Loaded plugin tutovideos (category:base,tabindex:-1)
2026-04-10 11:25:05,478 [INFO] PluginManage:310 - Check plugin updater
2026-04-10 11:25:05,505 [INFO] PluginManage:359 - Loaded plugin updater (category:base,tabindex:12)
2026-04-10 11:25:05,505 [INFO] PluginManage:310 - Check plugin userauth
2026-04-10 11:25:05,511 [INFO] UserAuth:118 - Init User Auth plugin
2026-04-10 11:25:05,513 [INFO] PluginManage:359 - Loaded plugin userauth (category:base,tabindex:14)
2026-04-10 11:25:05,513 [INFO] PluginManage:283 - PluginManage : Loaded plugins [18]
2026-04-10 11:25:05,801 [INFO] PinOutPanel:1589 - setPackage(No Configuration,No Configuration)
2026-04-10 11:25:05,919 [INFO] CADModel:165 - CPN selected for project level
2026-04-10 11:25:05,919 [INFO] CADModel:114 - Register for checkConnection events
2026-04-10 11:25:05,948 [INFO] IPUIPlugin:80 - create IPUIPlugin
2026-04-10 11:25:05,948 [INFO] PluginManager:220 - loadIPPluginJar : add adc
2026-04-10 11:25:05,953 [INFO] IPUIPlugin:80 - create IPUIPlugin
2026-04-10 11:25:05,953 [INFO] PluginManager:220 - loadIPPluginJar : add aes
2026-04-10 11:25:05,958 [INFO] IPUIPlugin:80 - create IPUIPlugin
2026-04-10 11:25:05,958 [INFO] PluginManager:220 - loadIPPluginJar : add can
2026-04-10 11:25:05,962 [INFO] IPUIPlugin:80 - create IPUIPlugin
2026-04-10 11:25:05,963 [INFO] PluginManager:220 - loadIPPluginJar : add comp
2026-04-10 11:25:05,967 [INFO] IPUIPlugin:80 - create IPUIPlugin
2026-04-10 11:25:05,967 [INFO] PluginManager:220 - loadIPPluginJar : add cryp
2026-04-10 11:25:05,974 [INFO] IPUIPlugin:80 - create IPUIPlugin
2026-04-10 11:25:05,974 [INFO] PluginManager:220 - loadIPPluginJar : add ddr_ctrl_phy
2026-04-10 11:25:05,979 [INFO] IPUIPlugin:80 - create IPUIPlugin
2026-04-10 11:25:05,979 [INFO] PluginManager:220 - loadIPPluginJar : add dfsdm
2026-04-10 11:25:05,988 [INFO] IPUIPlugin:80 - create IPUIPlugin
2026-04-10 11:25:05,989 [INFO] PluginManager:220 - loadIPPluginJar : add dma
2026-04-10 11:25:05,994 [INFO] IPUIPlugin:80 - create IPUIPlugin
2026-04-10 11:25:05,995 [INFO] PluginManager:220 - loadIPPluginJar : add dma3
2026-04-10 11:25:06,000 [INFO] IPUIPlugin:80 - create IPUIPlugin
2026-04-10 11:25:06,001 [INFO] PluginManager:220 - loadIPPluginJar : add extmemmanager
2026-04-10 11:25:06,003 [INFO] IPUIPlugin:80 - create IPUIPlugin
2026-04-10 11:25:06,003 [INFO] PluginManager:220 - loadIPPluginJar : add fatfs
2026-04-10 11:25:06,010 [INFO] IPUIPlugin:80 - create IPUIPlugin
2026-04-10 11:25:06,010 [INFO] PluginManager:220 - loadIPPluginJar : add fmc
2026-04-10 11:25:06,021 [INFO] IPUIPlugin:80 - create IPUIPlugin
2026-04-10 11:25:06,021 [INFO] PluginManager:220 - loadIPPluginJar : add freertos
2026-04-10 11:25:06,024 [INFO] IPUIPlugin:80 - create IPUIPlugin
2026-04-10 11:25:06,024 [INFO] PluginManager:220 - loadIPPluginJar : add genericplugin
2026-04-10 11:25:06,027 [INFO] IPUIPlugin:80 - create IPUIPlugin
2026-04-10 11:25:06,028 [INFO] PluginManager:220 - loadIPPluginJar : add gfxmmu
2026-04-10 11:25:06,034 [INFO] IPUIPlugin:80 - create IPUIPlugin
2026-04-10 11:25:06,034 [INFO] PluginManager:220 - loadIPPluginJar : add gic
2026-04-10 11:25:06,040 [INFO] IPUIPlugin:80 - create IPUIPlugin
2026-04-10 11:25:06,041 [INFO] PluginManager:220 - loadIPPluginJar : add gpio
2026-04-10 11:25:06,045 [INFO] IPUIPlugin:80 - create IPUIPlugin
2026-04-10 11:25:06,046 [INFO] PluginManager:220 - loadIPPluginJar : add gtzc
2026-04-10 11:25:06,050 [INFO] IPUIPlugin:80 - create IPUIPlugin
2026-04-10 11:25:06,050 [INFO] PluginManager:220 - loadIPPluginJar : add hash
2026-04-10 11:25:06,054 [INFO] IPUIPlugin:80 - create IPUIPlugin
2026-04-10 11:25:06,054 [INFO] PluginManager:220 - loadIPPluginJar : add i2c
2026-04-10 11:25:06,058 [INFO] IPUIPlugin:80 - create IPUIPlugin
2026-04-10 11:25:06,058 [INFO] PluginManager:220 - loadIPPluginJar : add i2s
2026-04-10 11:25:06,063 [INFO] IPUIPlugin:80 - create IPUIPlugin
2026-04-10 11:25:06,063 [INFO] PluginManager:220 - loadIPPluginJar : add i3c
2026-04-10 11:25:06,068 [INFO] IPUIPlugin:80 - create IPUIPlugin
2026-04-10 11:25:06,069 [INFO] PluginManager:220 - loadIPPluginJar : add ipddr
2026-04-10 11:25:06,078 [INFO] IPUIPlugin:80 - create IPUIPlugin
2026-04-10 11:25:06,079 [INFO] PluginManager:220 - loadIPPluginJar : add linkedlist
2026-04-10 11:25:06,085 [INFO] IPUIPlugin:80 - create IPUIPlugin
2026-04-10 11:25:06,085 [INFO] PluginManager:220 - loadIPPluginJar : add lorawan
2026-04-10 11:25:06,088 [INFO] IPUIPlugin:80 - create IPUIPlugin
2026-04-10 11:25:06,088 [INFO] PluginManager:220 - loadIPPluginJar : add ltdc
2026-04-10 11:25:06,097 [INFO] IPUIPlugin:80 - create IPUIPlugin
2026-04-10 11:25:06,097 [INFO] PluginManager:220 - loadIPPluginJar : add mdma
2026-04-10 11:25:06,102 [INFO] IPUIPlugin:80 - create IPUIPlugin
2026-04-10 11:25:06,103 [INFO] PluginManager:220 - loadIPPluginJar : add nvic
2026-04-10 11:25:06,107 [INFO] IPUIPlugin:80 - create IPUIPlugin
2026-04-10 11:25:06,107 [INFO] PluginManager:220 - loadIPPluginJar : add opamp
2026-04-10 11:25:06,111 [INFO] IPUIPlugin:80 - create IPUIPlugin
2026-04-10 11:25:06,111 [INFO] PluginManager:220 - loadIPPluginJar : add openamp
2026-04-10 11:25:06,117 [INFO] IPUIPlugin:80 - create IPUIPlugin
2026-04-10 11:25:06,117 [INFO] PluginManager:220 - loadIPPluginJar : add pdm2pcm
2026-04-10 11:25:06,126 [INFO] IPUIPlugin:80 - create IPUIPlugin
2026-04-10 11:25:06,133 [INFO] PluginManager:220 - loadIPPluginJar : add plateformsettings
2026-04-10 11:25:06,136 [INFO] IPUIPlugin:80 - create IPUIPlugin
2026-04-10 11:25:06,136 [INFO] PluginManager:220 - loadIPPluginJar : add quadspi
2026-04-10 11:25:06,139 [INFO] IPUIPlugin:80 - create IPUIPlugin
2026-04-10 11:25:06,140 [INFO] PluginManager:220 - loadIPPluginJar : add radio
2026-04-10 11:25:06,145 [INFO] IPUIPlugin:80 - create IPUIPlugin
2026-04-10 11:25:06,146 [INFO] PluginManager:220 - loadIPPluginJar : add resmgrutility
2026-04-10 11:25:06,151 [INFO] IPUIPlugin:80 - create IPUIPlugin
2026-04-10 11:25:06,151 [INFO] PluginManager:220 - loadIPPluginJar : add sai
2026-04-10 11:25:06,155 [INFO] IPUIPlugin:80 - create IPUIPlugin
2026-04-10 11:25:06,155 [INFO] PluginManager:220 - loadIPPluginJar : add spi
2026-04-10 11:25:06,165 [INFO] IPUIPlugin:80 - create IPUIPlugin
2026-04-10 11:25:06,165 [INFO] PluginManager:220 - loadIPPluginJar : add stm32_wpan
2026-04-10 11:25:06,168 [INFO] IPUIPlugin:80 - create IPUIPlugin
2026-04-10 11:25:06,169 [INFO] PluginManager:220 - loadIPPluginJar : add tim
2026-04-10 11:25:06,174 [INFO] IPUIPlugin:80 - create IPUIPlugin
2026-04-10 11:25:06,174 [INFO] PluginManager:220 - loadIPPluginJar : add touchsensing
2026-04-10 11:25:06,180 [INFO] IPUIPlugin:80 - create IPUIPlugin
2026-04-10 11:25:06,180 [INFO] PluginManager:220 - loadIPPluginJar : add tracer_emb
2026-04-10 11:25:06,183 [INFO] IPUIPlugin:80 - create IPUIPlugin
2026-04-10 11:25:06,183 [INFO] PluginManager:220 - loadIPPluginJar : add ts
2026-04-10 11:25:06,186 [INFO] IPUIPlugin:80 - create IPUIPlugin
2026-04-10 11:25:06,187 [INFO] PluginManager:220 - loadIPPluginJar : add tsc
2026-04-10 11:25:06,190 [INFO] IPUIPlugin:80 - create IPUIPlugin
2026-04-10 11:25:06,190 [INFO] PluginManager:220 - loadIPPluginJar : add ucpd
2026-04-10 11:25:06,193 [INFO] IPUIPlugin:80 - create IPUIPlugin
2026-04-10 11:25:06,194 [INFO] PluginManager:220 - loadIPPluginJar : add usart
2026-04-10 11:25:06,201 [INFO] IPUIPlugin:80 - create IPUIPlugin
2026-04-10 11:25:06,201 [INFO] PluginManager:220 - loadIPPluginJar : add usbx
2026-04-10 11:25:06,365 [FATAL] Updater:351 - Updater called before beeing initialized
2026-04-10 11:25:06,408 [INFO] RulesReader:64 - Compatibility file has been processed (317 Rules)
2026-04-10 11:25:06,427 [INFO] RulesReader:64 - Compatibility file has been processed (317 Rules)
2026-04-10 11:25:06,439 [INFO] CADModel:165 - CPN selected for project level
2026-04-10 11:25:06,439 [INFO] CADModel:114 - Register for checkConnection events
2026-04-10 11:25:06,439 [FATAL] Updater:351 - Updater called before beeing initialized
2026-04-10 11:25:06,439 [ERROR] CADModel:125 - Updater not yet initialized, retry later 
2026-04-10 11:25:06,641 [FATAL] Updater:351 - Updater called before beeing initialized
2026-04-10 11:25:06,644 [INFO] CADModel:165 - CPN selected for project level
2026-04-10 11:25:06,644 [INFO] CADModel:114 - Register for checkConnection events
2026-04-10 11:25:06,644 [FATAL] Updater:351 - Updater called before beeing initialized
2026-04-10 11:25:06,645 [ERROR] CADModel:125 - Updater not yet initialized, retry later 
2026-04-10 11:25:06,649 [FATAL] Updater:351 - Updater called before beeing initialized
2026-04-10 11:25:06,786 [FATAL] Updater:351 - Updater called before beeing initialized
2026-04-10 11:25:06,793 [INFO] DbMcusAds:53 - JSON generation date=Tue Apr 07 13:03:18 IST 2026 (1775547198588)
2026-04-10 11:25:06,793 [FATAL] Updater:351 - Updater called before beeing initialized
2026-04-10 11:25:06,834 [WARN] DetailPanel:346 - Failed to get advertising image, set to default
2026-04-10 11:25:06,936 [FATAL] Updater:351 - Updater called before beeing initialized
2026-04-10 11:25:06,938 [FATAL] Updater:351 - Updater called before beeing initialized
2026-04-10 11:25:06,939 [FATAL] Updater:351 - Updater called before beeing initialized
2026-04-10 11:25:06,939 [WARN] DetailPanel:346 - Failed to get advertising image, set to default
2026-04-10 11:25:06,940 [FATAL] Updater:351 - Updater called before beeing initialized
2026-04-10 11:25:06,986 [ERROR] Updater:1198 - MainUpdater not yet initialized. External WinMGr cannot be set.
2026-04-10 11:25:06,989 [INFO] Updater:1134 - Updater Version found : 6.15.0
2026-04-10 11:25:07,007 [INFO] ApplicationProperties:184 - Using Application install path: C:\STM\STM32CubeIDE_1.19.0\STM32CubeIDE\plugins\com.st.stm32cube.common.mx_6.15.0.202507011659
2026-04-10 11:25:08,178 [INFO] ThirdPartyUpdaterWithRetryManager:70 - Updater plugin not ready yet. [2/15]
2026-04-10 11:25:08,581 [ERROR] LogOutputStream:75 - [STDERR_REDIRECT] Apr 10, 2026 11:25:08 AM java.util.prefs.WindowsPreferences <init>
2026-04-10 11:25:08,583 [ERROR] LogOutputStream:75 - [STDERR_REDIRECT] WARNING: Could not open/create prefs root node Software\JavaSoft\Prefs at root 0xffffffff80000002. Windows RegCreateKeyEx(...) returned error code 5.
2026-04-10 11:25:08,583 [ERROR] LogOutputStream:75 - [STDERR_REDIRECT] 
2026-04-10 11:25:11,180 [FATAL] Updater:351 - Updater called before beeing initialized
2026-04-10 11:25:11,181 [ERROR] IntegrityCheckThread:130 - Cannot retrieve database content from updater: error 21
2026-04-10 11:25:11,181 [INFO] ThirdParty:978 - Integrity check success = false
2026-04-10 11:25:11,181 [INFO] IntegrityCheckThread:100 - exiting critical section [integrity check]
2026-04-10 11:25:11,182 [INFO] IntegrityCheckThread:103 - End integrity checks thread
2026-04-10 11:25:11,543 [ERROR] ConfigurationRetriever:142 - IOException on connection: Connect timed out
2026-04-10 11:25:12,885 [WARN] CheckConnectionManager:291 - Warning during Server Connection :  timeout Connect to sw-center.st.com:443 [sw-center.st.com/23.54.81.242, sw-center.st.com/23.54.81.210] failed: Connect timed out
2026-04-10 11:25:15,297 [ERROR] ConfigurationRetriever:142 - IOException on connection: Connect timed out
2026-04-10 11:25:16,892 [WARN] CheckConnectionManager:291 - Warning during Server Connection :  timeout Connect to sw-center.st.com:443 [sw-center.st.com/23.54.81.242, sw-center.st.com/23.54.81.210] failed: Connect timed out
2026-04-10 11:25:16,901 [INFO] MainUpdater:2872 - connection check result : 22
2026-04-10 11:25:16,903 [INFO] MainUpdater:289 - Updater Check For Update Now.
2026-04-10 11:25:16,903 [INFO] MicroXplorer:498 - Change Database Version : DB.6.0.150
2026-04-10 11:25:16,920 [INFO] McuFinderGlobals:63 - Set McuFinder mode to 2 (CubeIDE integrated)
2026-04-10 11:25:16,922 [INFO] UserAuth:487 - Internet connection configuration mode: 2
2026-04-10 11:25:16,940 [INFO] UserAuth:487 - Internet connection configuration mode: 2
2026-04-10 11:25:17,285 [INFO] CheckServerUpdateThread:120 - End of CheckServer Thread
2026-04-10 11:25:17,302 [ERROR] ConfigurationRetriever:142 - IOException on connection: Connect timed out
2026-04-10 11:25:19,303 [ERROR] ConfigurationRetriever:142 - IOException on connection: Connect timed out
2026-04-10 11:25:29,574 [ERROR] ConfigurationRetriever:142 - IOException on connection: Connect timed out
2026-04-10 11:25:31,576 [ERROR] ConfigurationRetriever:142 - IOException on connection: Connect timed out
2026-04-10 11:25:33,578 [ERROR] ConfigurationRetriever:142 - IOException on connection: Connect timed out
2026-04-10 22:54:02,340 [ERROR] ConfigurationRetriever:142 - IOException on connection: sw-center.st.com
2026-04-10 22:54:02,375 [ERROR] ConfigurationRetriever:142 - IOException on connection: sw-center.st.com
2026-04-10 22:54:02,415 [ERROR] ConfigurationRetriever:142 - IOException on connection: sw-center.st.com
2026-04-10 22:54:05,314 [ERROR] ConfigurationRetriever:142 - IOException on connection: sw-center.st.com
2026-04-10 22:54:05,316 [ERROR] ConfigurationRetriever:142 - IOException on connection: sw-center.st.com
2026-04-10 22:54:05,317 [ERROR] ConfigurationRetriever:142 - IOException on connection: sw-center.st.com
2026-04-10 22:56:35,323 [ERROR] ConfigurationRetriever:142 - IOException on connection: sw-center.st.com
2026-04-10 22:56:35,325 [ERROR] ConfigurationRetriever:142 - IOException on connection: sw-center.st.com
2026-04-10 22:56:35,326 [ERROR] ConfigurationRetriever:142 - IOException on connection: sw-center.st.com
2026-04-10 22:56:35,609 [ERROR] ConfigurationRetriever:142 - IOException on connection: sw-center.st.com
2026-04-10 22:56:35,611 [ERROR] ConfigurationRetriever:142 - IOException on connection: sw-center.st.com
2026-04-10 22:56:35,611 [ERROR] ConfigurationRetriever:142 - IOException on connection: sw-center.st.com
2026-04-10 23:42:12,250 [ERROR] ConfigurationRetriever:142 - IOException on connection: sw-center.st.com
2026-04-10 23:42:12,255 [ERROR] ConfigurationRetriever:142 - IOException on connection: sw-center.st.com
2026-04-10 23:42:12,255 [ERROR] ConfigurationRetriever:142 - IOException on connection: sw-center.st.com
2026-04-10 23:42:12,796 [ERROR] ConfigurationRetriever:142 - IOException on connection: sw-center.st.com
2026-04-10 23:42:12,797 [ERROR] ConfigurationRetriever:142 - IOException on connection: sw-center.st.com
2026-04-10 23:42:12,798 [ERROR] ConfigurationRetriever:142 - IOException on connection: sw-center.st.com
