2026-03-16 00:10:22,495 [INFO] Activator:176 - 


2026-03-16 00:10:22,514 [INFO] Activator:177 - !SESSION log4j initialized
2026-03-16 00:10:37,970 [INFO] LogOutputStream:77 - [STDOUT_REDIRECT] 
2026-03-16 00:10:39,488 [ERROR] ConfigurationRetriever:142 - IOException on connection: sw-center.st.com
2026-03-16 00:10:39,492 [ERROR] ConfigurationRetriever:142 - IOException on connection: sw-center.st.com
2026-03-16 00:10:39,495 [ERROR] ConfigurationRetriever:142 - IOException on connection: sw-center.st.com
2026-03-16 00:10:42,189 [INFO] ApplicationProperties:184 - Using Application install path: C:\STM\STM32CubeIDE_1.19.0\STM32CubeIDE\plugins\com.st.stm32cube.common.mx_6.15.0.202507011659
2026-03-16 00:10:42,248 [INFO] DbMcusXml:78 - Set database path to: C:\STM\STM32CubeIDE_1.19.0\STM32CubeIDE\plugins\com.st.stm32cube.common.mx_6.15.0.202507011659\\db\/mcu/
2026-03-16 00:10:42,252 [INFO] ApiDb:274 - Set plugin database path to: C:\STM\STM32CubeIDE_1.19.0\STM32CubeIDE\plugins\com.st.stm32cube.common.mx_6.15.0.202507011659\\db\/plugins/boardmanager/
2026-03-16 00:10:42,252 [WARN] ApiDb:259 - Overriding images path with different value:  => C:\STM\STM32CubeIDE_1.19.0\STM32CubeIDE\plugins\com.st.stm32cube.common.mx_6.15.0.202507011659\\db\/plugins/mcufinder/images/
2026-03-16 00:10:42,269 [INFO] ApiDb:250 - Set database path to: C:\Users\Atreya\.stmcufinder\plugins\mcufinder//mcu/
2026-03-16 00:10:42,273 [INFO] DbMcusAds:125 - Set database path to: C:\Users\Atreya\.stmcufinder\plugins\mcufinder//mcu/
2026-03-16 00:10:42,279 [INFO] CrossReferenceDbSqlite:203 - Set database path to: C:\Users\Atreya\.stmcufinder\plugins\mcufinder//mcu/cs/
2026-03-16 00:10:42,736 [INFO] RulesReader:64 - Compatibility file has been processed (317 Rules)
2026-03-16 00:10:43,076 [INFO] DbMcusXml:78 - Set database path to: C:\STM\STM32CubeIDE_1.19.0\STM32CubeIDE\plugins\com.st.stm32cube.common.mx_6.15.0.202507011659\\db\/mcu/
2026-03-16 00:10:43,076 [INFO] ApiDb:274 - Set plugin database path to: C:\STM\STM32CubeIDE_1.19.0\STM32CubeIDE\plugins\com.st.stm32cube.common.mx_6.15.0.202507011659\\db\/plugins/boardmanager/
2026-03-16 00:10:43,076 [INFO] ApiDb:261 - Set plugin images path to: C:\STM\STM32CubeIDE_1.19.0\STM32CubeIDE\plugins\com.st.stm32cube.common.mx_6.15.0.202507011659\\db\/plugins/mcufinder/images/
2026-03-16 00:10:43,076 [WARN] DbFile:41 - Overriding database path with different value: C:\Users\Atreya\.stmcufinder\plugins\mcufinder/ => C:\Users\Atreya\.stmcufinder\plugins\mcufinder
2026-03-16 00:10:43,076 [INFO] ApiDb:250 - Set database path to: C:\Users\Atreya\.stmcufinder\plugins\mcufinder//mcu/
2026-03-16 00:10:43,076 [WARN] DbFile:41 - Overriding database path with different value: C:\Users\Atreya\.stmcufinder\plugins\mcufinder/ => C:\Users\Atreya\.stmcufinder\plugins\mcufinder
2026-03-16 00:10:43,078 [INFO] DbMcusAds:125 - Set database path to: C:\Users\Atreya\.stmcufinder\plugins\mcufinder//mcu/
2026-03-16 00:10:43,079 [WARN] DbFile:41 - Overriding database path with different value: C:\Users\Atreya\.stmcufinder\plugins\mcufinder/ => C:\Users\Atreya\.stmcufinder\plugins\mcufinder
2026-03-16 00:10:43,079 [WARN] DbFile:41 - Overriding database path with different value: C:\Users\Atreya\.stmcufinder\plugins\mcufinder/ => C:\Users\Atreya\.stmcufinder\plugins\mcufinder
2026-03-16 00:10:43,079 [INFO] CrossReferenceDbSqlite:203 - Set database path to: C:\Users\Atreya\.stmcufinder\plugins\mcufinder//mcu/cs/
2026-03-16 00:10:43,365 [INFO] MainPanel:274 - HeapMemory: 268435456
2026-03-16 00:10:43,870 [INFO] DbMcusXml:78 - Set database path to: C:\STM\STM32CubeIDE_1.19.0\STM32CubeIDE\plugins\com.st.stm32cube.common.mx_6.15.0.202507011659\\db\/mcu/
2026-03-16 00:10:43,872 [INFO] ApiDb:274 - Set plugin database path to: C:\STM\STM32CubeIDE_1.19.0\STM32CubeIDE\plugins\com.st.stm32cube.common.mx_6.15.0.202507011659\\db\/plugins/boardmanager/
2026-03-16 00:10:43,872 [INFO] ApiDb:261 - Set plugin images path to: C:\STM\STM32CubeIDE_1.19.0\STM32CubeIDE\plugins\com.st.stm32cube.common.mx_6.15.0.202507011659\\db\/plugins/mcufinder/images/
2026-03-16 00:10:43,872 [WARN] DbFile:41 - Overriding database path with different value: C:\Users\Atreya\.stmcufinder\plugins\mcufinder/ => C:\Users\Atreya\.stmcufinder\plugins\mcufinder
2026-03-16 00:10:43,872 [INFO] ApiDb:250 - Set database path to: C:\Users\Atreya\.stmcufinder\plugins\mcufinder//mcu/
2026-03-16 00:10:43,874 [WARN] DbFile:41 - Overriding database path with different value: C:\Users\Atreya\.stmcufinder\plugins\mcufinder/ => C:\Users\Atreya\.stmcufinder\plugins\mcufinder
2026-03-16 00:10:43,874 [INFO] DbMcusAds:125 - Set database path to: C:\Users\Atreya\.stmcufinder\plugins\mcufinder//mcu/
2026-03-16 00:10:43,874 [WARN] DbFile:41 - Overriding database path with different value: C:\Users\Atreya\.stmcufinder\plugins\mcufinder/ => C:\Users\Atreya\.stmcufinder\plugins\mcufinder
2026-03-16 00:10:43,874 [WARN] DbFile:41 - Overriding database path with different value: C:\Users\Atreya\.stmcufinder\plugins\mcufinder/ => C:\Users\Atreya\.stmcufinder\plugins\mcufinder
2026-03-16 00:10:43,874 [INFO] CrossReferenceDbSqlite:203 - Set database path to: C:\Users\Atreya\.stmcufinder\plugins\mcufinder//mcu/cs/
2026-03-16 00:10:43,932 [INFO] ApplicationProperties:184 - Using Application install path: C:\STM\STM32CubeIDE_1.19.0\STM32CubeIDE\plugins\com.st.stm32cube.common.mx_6.15.0.202507011659
2026-03-16 00:10:43,934 [INFO] PluginManage:196 - Search for loadable plugins [exclusion list=, ]
2026-03-16 00:10:43,937 [INFO] PluginManage:310 - Check plugin analytics
2026-03-16 00:10:44,713 [INFO] AnalyticsPlugin:253 - Accepted Software Licenses: 
2026-03-16 00:10:44,713 [INFO] AnalyticsPlugin:255 - Accepted CMSIS Pack Licenses: 
2026-03-16 00:10:44,715 [INFO] AnalyticsPlugin:257 - Accepted Firmware Licenses: FW.F4.1.28.0
2026-03-16 00:10:44,726 [INFO] PluginManage:359 - Loaded plugin analytics (category:tool,tabindex:-1)
2026-03-16 00:10:44,730 [INFO] PluginManage:310 - Check plugin cadmodel
2026-03-16 00:10:44,730 [ERROR] ConfigurationRetriever:142 - IOException on connection: sw-center.st.com
2026-03-16 00:10:44,734 [ERROR] ConfigurationRetriever:142 - IOException on connection: sw-center.st.com
2026-03-16 00:10:44,734 [ERROR] ConfigurationRetriever:142 - IOException on connection: sw-center.st.com
2026-03-16 00:10:44,749 [INFO] CADModel:105 - Init CAD model plugin
2026-03-16 00:10:44,751 [INFO] PluginManage:359 - Loaded plugin cadmodel (category:power,tabindex:5)
2026-03-16 00:10:44,753 [INFO] PluginManage:310 - Check plugin clock
2026-03-16 00:10:44,794 [INFO] PluginManage:359 - Loaded plugin clock (category:base,tabindex:2)
2026-03-16 00:10:44,794 [INFO] PluginManage:310 - Check plugin ddr
2026-03-16 00:10:44,797 [INFO] PluginManage:359 - Loaded plugin ddr (category:tool,tabindex:6)
2026-03-16 00:10:44,797 [INFO] PluginManage:310 - Check plugin filemanager
2026-03-16 00:10:45,345 [INFO] PluginManage:359 - Loaded plugin filemanager (category:base,tabindex:10)
2026-03-16 00:10:45,345 [INFO] PluginManage:310 - Check plugin ipmanager
2026-03-16 00:10:45,375 [INFO] PluginManage:359 - Loaded plugin ipmanager (category:base,tabindex:5)
2026-03-16 00:10:45,375 [INFO] PluginManage:310 - Check plugin lpbam
2026-03-16 00:10:45,402 [INFO] PluginManage:359 - Loaded plugin lpbam (category:base,tabindex:0)
2026-03-16 00:10:45,402 [INFO] PluginManage:310 - Check plugin memorymap
2026-03-16 00:10:45,441 [INFO] PluginManage:359 - Loaded plugin memorymap (category:base,tabindex:4)
2026-03-16 00:10:45,441 [INFO] PluginManage:310 - Check plugin pinoutandconfiguration
2026-03-16 00:10:45,473 [INFO] PluginManage:359 - Loaded plugin pinoutandconfiguration (category:base,tabindex:1)
2026-03-16 00:10:45,473 [INFO] PluginManage:310 - Check plugin pinoutconfig
2026-03-16 00:10:45,785 [WARN] SupportedApi:132 - Cannot load RTOS API schema: s4s-elt-must-match.1: The content of 'definitions' must match (annotation?, (simpleType | complexType)?, (unique | key | keyref)*)). A problem was found starting at: attribute.
2026-03-16 00:10:46,244 [INFO] PluginManage:359 - Loaded plugin pinoutconfig (category:base,tabindex:0)
2026-03-16 00:10:46,248 [INFO] PluginManage:310 - Check plugin power
2026-03-16 00:10:46,274 [INFO] PluginManage:359 - Loaded plugin power (category:power,tabindex:4)
2026-03-16 00:10:46,276 [INFO] PluginManage:310 - Check plugin projectmanager
2026-03-16 00:10:46,329 [INFO] PluginManage:359 - Loaded plugin projectmanager (category:projectmanager,tabindex:4)
2026-03-16 00:10:46,331 [INFO] PluginManage:310 - Check plugin rif
2026-03-16 00:10:46,355 [INFO] PluginManage:359 - Loaded plugin rif (category:base,tabindex:3)
2026-03-16 00:10:46,355 [INFO] PluginManage:310 - Check plugin thirdparty
2026-03-16 00:10:46,938 [INFO] PluginManage:359 - Loaded plugin thirdparty (category:base,tabindex:-1)
2026-03-16 00:10:46,938 [WARN] IntegrityCheckThread:84 - waiting for thirdparty lock release [integrity check]
2026-03-16 00:10:46,940 [INFO] IntegrityCheckThread:86 - entering critical section [integrity check]
2026-03-16 00:10:46,942 [INFO] ThirdPartyUpdaterWithRetryManager:70 - Updater plugin not ready yet. [1/15]
2026-03-16 00:10:46,942 [INFO] PluginManage:310 - Check plugin tools
2026-03-16 00:10:46,950 [INFO] PluginManage:359 - Loaded plugin tools (category:base,tabindex:7)
2026-03-16 00:10:46,952 [INFO] PluginManage:310 - Check plugin tutovideos
2026-03-16 00:10:47,706 [INFO] PluginManage:359 - Loaded plugin tutovideos (category:base,tabindex:-1)
2026-03-16 00:10:47,706 [INFO] PluginManage:310 - Check plugin updater
2026-03-16 00:10:47,777 [INFO] PluginManage:359 - Loaded plugin updater (category:base,tabindex:12)
2026-03-16 00:10:47,777 [INFO] PluginManage:310 - Check plugin userauth
2026-03-16 00:10:47,797 [INFO] UserAuth:118 - Init User Auth plugin
2026-03-16 00:10:47,797 [INFO] PluginManage:359 - Loaded plugin userauth (category:base,tabindex:14)
2026-03-16 00:10:47,797 [INFO] PluginManage:283 - PluginManage : Loaded plugins [18]
2026-03-16 00:10:48,507 [INFO] PinOutPanel:1589 - setPackage(No Configuration,No Configuration)
2026-03-16 00:10:48,789 [INFO] CADModel:165 - CPN selected for project level
2026-03-16 00:10:48,789 [INFO] CADModel:114 - Register for checkConnection events
2026-03-16 00:10:48,846 [INFO] IPUIPlugin:80 - create IPUIPlugin
2026-03-16 00:10:48,846 [INFO] PluginManager:220 - loadIPPluginJar : add adc
2026-03-16 00:10:48,853 [INFO] IPUIPlugin:80 - create IPUIPlugin
2026-03-16 00:10:48,853 [INFO] PluginManager:220 - loadIPPluginJar : add aes
2026-03-16 00:10:48,862 [INFO] IPUIPlugin:80 - create IPUIPlugin
2026-03-16 00:10:48,862 [INFO] PluginManager:220 - loadIPPluginJar : add can
2026-03-16 00:10:48,866 [INFO] IPUIPlugin:80 - create IPUIPlugin
2026-03-16 00:10:48,866 [INFO] PluginManager:220 - loadIPPluginJar : add comp
2026-03-16 00:10:48,876 [INFO] IPUIPlugin:80 - create IPUIPlugin
2026-03-16 00:10:48,876 [INFO] PluginManager:220 - loadIPPluginJar : add cryp
2026-03-16 00:10:48,887 [INFO] IPUIPlugin:80 - create IPUIPlugin
2026-03-16 00:10:48,887 [INFO] PluginManager:220 - loadIPPluginJar : add ddr_ctrl_phy
2026-03-16 00:10:48,897 [INFO] IPUIPlugin:80 - create IPUIPlugin
2026-03-16 00:10:48,897 [INFO] PluginManager:220 - loadIPPluginJar : add dfsdm
2026-03-16 00:10:48,917 [INFO] IPUIPlugin:80 - create IPUIPlugin
2026-03-16 00:10:48,917 [INFO] PluginManager:220 - loadIPPluginJar : add dma
2026-03-16 00:10:48,927 [INFO] IPUIPlugin:80 - create IPUIPlugin
2026-03-16 00:10:48,929 [INFO] PluginManager:220 - loadIPPluginJar : add dma3
2026-03-16 00:10:48,937 [INFO] IPUIPlugin:80 - create IPUIPlugin
2026-03-16 00:10:48,939 [INFO] PluginManager:220 - loadIPPluginJar : add extmemmanager
2026-03-16 00:10:48,939 [INFO] IPUIPlugin:80 - create IPUIPlugin
2026-03-16 00:10:48,939 [INFO] PluginManager:220 - loadIPPluginJar : add fatfs
2026-03-16 00:10:48,958 [INFO] IPUIPlugin:80 - create IPUIPlugin
2026-03-16 00:10:48,958 [INFO] PluginManager:220 - loadIPPluginJar : add fmc
2026-03-16 00:10:48,980 [INFO] IPUIPlugin:80 - create IPUIPlugin
2026-03-16 00:10:48,982 [INFO] PluginManager:220 - loadIPPluginJar : add freertos
2026-03-16 00:10:48,987 [INFO] IPUIPlugin:80 - create IPUIPlugin
2026-03-16 00:10:48,989 [INFO] PluginManager:220 - loadIPPluginJar : add genericplugin
2026-03-16 00:10:48,989 [INFO] IPUIPlugin:80 - create IPUIPlugin
2026-03-16 00:10:48,989 [INFO] PluginManager:220 - loadIPPluginJar : add gfxmmu
2026-03-16 00:10:49,010 [INFO] IPUIPlugin:80 - create IPUIPlugin
2026-03-16 00:10:49,010 [INFO] PluginManager:220 - loadIPPluginJar : add gic
2026-03-16 00:10:49,020 [INFO] IPUIPlugin:80 - create IPUIPlugin
2026-03-16 00:10:49,020 [INFO] PluginManager:220 - loadIPPluginJar : add gpio
2026-03-16 00:10:49,037 [INFO] IPUIPlugin:80 - create IPUIPlugin
2026-03-16 00:10:49,037 [INFO] PluginManager:220 - loadIPPluginJar : add gtzc
2026-03-16 00:10:49,048 [INFO] IPUIPlugin:80 - create IPUIPlugin
2026-03-16 00:10:49,048 [INFO] PluginManager:220 - loadIPPluginJar : add hash
2026-03-16 00:10:49,056 [INFO] IPUIPlugin:80 - create IPUIPlugin
2026-03-16 00:10:49,056 [INFO] PluginManager:220 - loadIPPluginJar : add i2c
2026-03-16 00:10:49,064 [INFO] IPUIPlugin:80 - create IPUIPlugin
2026-03-16 00:10:49,068 [INFO] PluginManager:220 - loadIPPluginJar : add i2s
2026-03-16 00:10:49,072 [INFO] IPUIPlugin:80 - create IPUIPlugin
2026-03-16 00:10:49,072 [INFO] PluginManager:220 - loadIPPluginJar : add i3c
2026-03-16 00:10:49,090 [INFO] IPUIPlugin:80 - create IPUIPlugin
2026-03-16 00:10:49,090 [INFO] PluginManager:220 - loadIPPluginJar : add ipddr
2026-03-16 00:10:49,114 [INFO] IPUIPlugin:80 - create IPUIPlugin
2026-03-16 00:10:49,116 [INFO] PluginManager:220 - loadIPPluginJar : add linkedlist
2026-03-16 00:10:49,122 [INFO] IPUIPlugin:80 - create IPUIPlugin
2026-03-16 00:10:49,122 [INFO] PluginManager:220 - loadIPPluginJar : add lorawan
2026-03-16 00:10:49,122 [INFO] IPUIPlugin:80 - create IPUIPlugin
2026-03-16 00:10:49,122 [INFO] PluginManager:220 - loadIPPluginJar : add ltdc
2026-03-16 00:10:49,142 [INFO] IPUIPlugin:80 - create IPUIPlugin
2026-03-16 00:10:49,142 [INFO] PluginManager:220 - loadIPPluginJar : add mdma
2026-03-16 00:10:49,163 [INFO] IPUIPlugin:80 - create IPUIPlugin
2026-03-16 00:10:49,163 [INFO] PluginManager:220 - loadIPPluginJar : add nvic
2026-03-16 00:10:49,170 [INFO] IPUIPlugin:80 - create IPUIPlugin
2026-03-16 00:10:49,170 [INFO] PluginManager:220 - loadIPPluginJar : add opamp
2026-03-16 00:10:49,178 [INFO] IPUIPlugin:80 - create IPUIPlugin
2026-03-16 00:10:49,178 [INFO] PluginManager:220 - loadIPPluginJar : add openamp
2026-03-16 00:10:49,186 [INFO] IPUIPlugin:80 - create IPUIPlugin
2026-03-16 00:10:49,186 [INFO] PluginManager:220 - loadIPPluginJar : add pdm2pcm
2026-03-16 00:10:49,204 [INFO] IPUIPlugin:80 - create IPUIPlugin
2026-03-16 00:10:49,211 [INFO] PluginManager:220 - loadIPPluginJar : add plateformsettings
2026-03-16 00:10:49,215 [INFO] IPUIPlugin:80 - create IPUIPlugin
2026-03-16 00:10:49,215 [INFO] PluginManager:220 - loadIPPluginJar : add quadspi
2026-03-16 00:10:49,221 [INFO] IPUIPlugin:80 - create IPUIPlugin
2026-03-16 00:10:49,221 [INFO] PluginManager:220 - loadIPPluginJar : add radio
2026-03-16 00:10:49,229 [INFO] IPUIPlugin:80 - create IPUIPlugin
2026-03-16 00:10:49,229 [INFO] PluginManager:220 - loadIPPluginJar : add resmgrutility
2026-03-16 00:10:49,238 [INFO] IPUIPlugin:80 - create IPUIPlugin
2026-03-16 00:10:49,238 [INFO] PluginManager:220 - loadIPPluginJar : add sai
2026-03-16 00:10:49,245 [INFO] IPUIPlugin:80 - create IPUIPlugin
2026-03-16 00:10:49,245 [INFO] PluginManager:220 - loadIPPluginJar : add spi
2026-03-16 00:10:49,263 [INFO] IPUIPlugin:80 - create IPUIPlugin
2026-03-16 00:10:49,263 [INFO] PluginManager:220 - loadIPPluginJar : add stm32_wpan
2026-03-16 00:10:49,270 [INFO] IPUIPlugin:80 - create IPUIPlugin
2026-03-16 00:10:49,272 [INFO] PluginManager:220 - loadIPPluginJar : add tim
2026-03-16 00:10:49,282 [INFO] IPUIPlugin:80 - create IPUIPlugin
2026-03-16 00:10:49,282 [INFO] PluginManager:220 - loadIPPluginJar : add touchsensing
2026-03-16 00:10:49,289 [INFO] IPUIPlugin:80 - create IPUIPlugin
2026-03-16 00:10:49,291 [INFO] PluginManager:220 - loadIPPluginJar : add tracer_emb
2026-03-16 00:10:49,298 [INFO] IPUIPlugin:80 - create IPUIPlugin
2026-03-16 00:10:49,298 [INFO] PluginManager:220 - loadIPPluginJar : add ts
2026-03-16 00:10:49,302 [INFO] IPUIPlugin:80 - create IPUIPlugin
2026-03-16 00:10:49,304 [INFO] PluginManager:220 - loadIPPluginJar : add tsc
2026-03-16 00:10:49,307 [INFO] IPUIPlugin:80 - create IPUIPlugin
2026-03-16 00:10:49,307 [INFO] PluginManager:220 - loadIPPluginJar : add ucpd
2026-03-16 00:10:49,311 [INFO] IPUIPlugin:80 - create IPUIPlugin
2026-03-16 00:10:49,311 [INFO] PluginManager:220 - loadIPPluginJar : add usart
2026-03-16 00:10:49,321 [INFO] IPUIPlugin:80 - create IPUIPlugin
2026-03-16 00:10:49,321 [INFO] PluginManager:220 - loadIPPluginJar : add usbx
2026-03-16 00:10:49,568 [FATAL] Updater:351 - Updater called before beeing initialized
2026-03-16 00:10:49,656 [INFO] RulesReader:64 - Compatibility file has been processed (317 Rules)
2026-03-16 00:10:49,693 [INFO] RulesReader:64 - Compatibility file has been processed (317 Rules)
2026-03-16 00:10:49,721 [INFO] CADModel:165 - CPN selected for project level
2026-03-16 00:10:49,721 [INFO] CADModel:114 - Register for checkConnection events
2026-03-16 00:10:49,721 [FATAL] Updater:351 - Updater called before beeing initialized
2026-03-16 00:10:49,723 [ERROR] CADModel:125 - Updater not yet initialized, retry later 
2026-03-16 00:10:49,948 [INFO] ThirdPartyUpdaterWithRetryManager:70 - Updater plugin not ready yet. [2/15]
2026-03-16 00:10:50,123 [FATAL] Updater:351 - Updater called before beeing initialized
2026-03-16 00:10:50,129 [INFO] CADModel:165 - CPN selected for project level
2026-03-16 00:10:50,131 [INFO] CADModel:114 - Register for checkConnection events
2026-03-16 00:10:50,131 [FATAL] Updater:351 - Updater called before beeing initialized
2026-03-16 00:10:50,131 [ERROR] CADModel:125 - Updater not yet initialized, retry later 
2026-03-16 00:10:50,141 [FATAL] Updater:351 - Updater called before beeing initialized
2026-03-16 00:10:50,747 [FATAL] Updater:351 - Updater called before beeing initialized
2026-03-16 00:10:50,755 [INFO] DbMcusAds:53 - JSON generation date=Thu Mar 05 20:02:53 IST 2026 (1772721173054)
2026-03-16 00:10:50,763 [FATAL] Updater:351 - Updater called before beeing initialized
2026-03-16 00:10:50,877 [WARN] DetailPanel:346 - Failed to get advertising image, set to default
2026-03-16 00:10:51,128 [FATAL] Updater:351 - Updater called before beeing initialized
2026-03-16 00:10:51,128 [FATAL] Updater:351 - Updater called before beeing initialized
2026-03-16 00:10:51,128 [FATAL] Updater:351 - Updater called before beeing initialized
2026-03-16 00:10:51,128 [WARN] DetailPanel:346 - Failed to get advertising image, set to default
2026-03-16 00:10:51,133 [FATAL] Updater:351 - Updater called before beeing initialized
2026-03-16 00:10:51,255 [ERROR] Updater:1198 - MainUpdater not yet initialized. External WinMGr cannot be set.
2026-03-16 00:10:51,255 [INFO] Updater:1134 - Updater Version found : 6.15.0
2026-03-16 00:10:51,306 [INFO] ApplicationProperties:184 - Using Application install path: C:\STM\STM32CubeIDE_1.19.0\STM32CubeIDE\plugins\com.st.stm32cube.common.mx_6.15.0.202507011659
2026-03-16 00:10:52,931 [ERROR] LogOutputStream:75 - [STDERR_REDIRECT] Mar 16, 2026 12:10:52 AM java.util.prefs.WindowsPreferences <init>
2026-03-16 00:10:52,935 [ERROR] LogOutputStream:75 - [STDERR_REDIRECT] WARNING: Could not open/create prefs root node Software\JavaSoft\Prefs at root 0xffffffff80000002. Windows RegCreateKeyEx(...) returned error code 5.
2026-03-16 00:10:52,935 [ERROR] LogOutputStream:75 - [STDERR_REDIRECT] 
2026-03-16 00:10:52,949 [FATAL] Updater:351 - Updater called before beeing initialized
2026-03-16 00:10:52,951 [ERROR] IntegrityCheckThread:130 - Cannot retrieve database content from updater: error 21
2026-03-16 00:10:52,954 [INFO] ThirdParty:978 - Integrity check success = false
2026-03-16 00:10:52,954 [INFO] IntegrityCheckThread:100 - exiting critical section [integrity check]
2026-03-16 00:10:52,954 [INFO] IntegrityCheckThread:103 - End integrity checks thread
2026-03-16 00:10:53,571 [INFO] MainUpdater:2872 - connection check result : 22
2026-03-16 00:10:53,573 [INFO] MainUpdater:289 - Updater Check For Update Now.
2026-03-16 00:10:53,577 [INFO] MicroXplorer:498 - Change Database Version : DB.6.0.150
2026-03-16 00:10:53,612 [INFO] McuFinderGlobals:63 - Set McuFinder mode to 2 (CubeIDE integrated)
2026-03-16 00:10:53,612 [INFO] UserAuth:487 - Internet connection configuration mode: 2
2026-03-16 00:10:53,655 [INFO] UserAuth:487 - Internet connection configuration mode: 2
2026-03-16 00:10:54,341 [INFO] CheckServerUpdateThread:120 - End of CheckServer Thread
2026-03-16 00:11:26,552 [ERROR] ConfigurationRetriever:142 - IOException on connection: sw-center.st.com
2026-03-16 00:11:26,553 [ERROR] ConfigurationRetriever:142 - IOException on connection: sw-center.st.com
2026-03-16 00:11:26,553 [ERROR] ConfigurationRetriever:142 - IOException on connection: sw-center.st.com
2026-03-16 00:19:57,150 [ERROR] LogOutputStream:75 - [STDERR_REDIRECT] 
