2026-03-05 22:11:39,975 [INFO] Activator:176 - 


2026-03-05 22:11:39,976 [INFO] Activator:177 - !SESSION log4j initialized
2026-03-05 22:11:43,063 [INFO] LogOutputStream:77 - [STDOUT_REDIRECT] 
2026-03-05 22:11:45,092 [INFO] ApplicationProperties:184 - Using Application install path: C:\STM\STM32CubeIDE_1.19.0\STM32CubeIDE\plugins\com.st.stm32cube.common.mx_6.15.0.202507011659
2026-03-05 22:11:45,106 [INFO] DbMcusXml:78 - Set database path to: C:\STM\STM32CubeIDE_1.19.0\STM32CubeIDE\plugins\com.st.stm32cube.common.mx_6.15.0.202507011659\\db\/mcu/
2026-03-05 22:11:45,107 [INFO] ApiDb:274 - Set plugin database path to: C:\STM\STM32CubeIDE_1.19.0\STM32CubeIDE\plugins\com.st.stm32cube.common.mx_6.15.0.202507011659\\db\/plugins/boardmanager/
2026-03-05 22:11:45,109 [WARN] ApiDb:259 - Overriding images path with different value:  => C:\STM\STM32CubeIDE_1.19.0\STM32CubeIDE\plugins\com.st.stm32cube.common.mx_6.15.0.202507011659\\db\/plugins/mcufinder/images/
2026-03-05 22:11:45,112 [INFO] ApiDb:250 - Set database path to: C:\Users\Atreya\.stmcufinder\plugins\mcufinder//mcu/
2026-03-05 22:11:45,114 [INFO] DbMcusAds:125 - Set database path to: C:\Users\Atreya\.stmcufinder\plugins\mcufinder//mcu/
2026-03-05 22:11:45,115 [INFO] CrossReferenceDbSqlite:203 - Set database path to: C:\Users\Atreya\.stmcufinder\plugins\mcufinder//mcu/cs/
2026-03-05 22:11:45,224 [INFO] RulesReader:64 - Compatibility file has been processed (317 Rules)
2026-03-05 22:11:45,284 [INFO] DbMcusXml:78 - Set database path to: C:\STM\STM32CubeIDE_1.19.0\STM32CubeIDE\plugins\com.st.stm32cube.common.mx_6.15.0.202507011659\\db\/mcu/
2026-03-05 22:11:45,284 [INFO] ApiDb:274 - Set plugin database path to: C:\STM\STM32CubeIDE_1.19.0\STM32CubeIDE\plugins\com.st.stm32cube.common.mx_6.15.0.202507011659\\db\/plugins/boardmanager/
2026-03-05 22:11:45,285 [INFO] ApiDb:261 - Set plugin images path to: C:\STM\STM32CubeIDE_1.19.0\STM32CubeIDE\plugins\com.st.stm32cube.common.mx_6.15.0.202507011659\\db\/plugins/mcufinder/images/
2026-03-05 22:11:45,285 [WARN] DbFile:41 - Overriding database path with different value: C:\Users\Atreya\.stmcufinder\plugins\mcufinder/ => C:\Users\Atreya\.stmcufinder\plugins\mcufinder
2026-03-05 22:11:45,285 [INFO] ApiDb:250 - Set database path to: C:\Users\Atreya\.stmcufinder\plugins\mcufinder//mcu/
2026-03-05 22:11:45,285 [WARN] DbFile:41 - Overriding database path with different value: C:\Users\Atreya\.stmcufinder\plugins\mcufinder/ => C:\Users\Atreya\.stmcufinder\plugins\mcufinder
2026-03-05 22:11:45,285 [INFO] DbMcusAds:125 - Set database path to: C:\Users\Atreya\.stmcufinder\plugins\mcufinder//mcu/
2026-03-05 22:11:45,285 [WARN] DbFile:41 - Overriding database path with different value: C:\Users\Atreya\.stmcufinder\plugins\mcufinder/ => C:\Users\Atreya\.stmcufinder\plugins\mcufinder
2026-03-05 22:11:45,285 [WARN] DbFile:41 - Overriding database path with different value: C:\Users\Atreya\.stmcufinder\plugins\mcufinder/ => C:\Users\Atreya\.stmcufinder\plugins\mcufinder
2026-03-05 22:11:45,285 [INFO] CrossReferenceDbSqlite:203 - Set database path to: C:\Users\Atreya\.stmcufinder\plugins\mcufinder//mcu/cs/
2026-03-05 22:11:45,353 [INFO] MainPanel:274 - HeapMemory: 268435456
2026-03-05 22:11:45,432 [INFO] DbMcusXml:78 - Set database path to: C:\STM\STM32CubeIDE_1.19.0\STM32CubeIDE\plugins\com.st.stm32cube.common.mx_6.15.0.202507011659\\db\/mcu/
2026-03-05 22:11:45,432 [INFO] ApiDb:274 - Set plugin database path to: C:\STM\STM32CubeIDE_1.19.0\STM32CubeIDE\plugins\com.st.stm32cube.common.mx_6.15.0.202507011659\\db\/plugins/boardmanager/
2026-03-05 22:11:45,432 [INFO] ApiDb:261 - Set plugin images path to: C:\STM\STM32CubeIDE_1.19.0\STM32CubeIDE\plugins\com.st.stm32cube.common.mx_6.15.0.202507011659\\db\/plugins/mcufinder/images/
2026-03-05 22:11:45,432 [WARN] DbFile:41 - Overriding database path with different value: C:\Users\Atreya\.stmcufinder\plugins\mcufinder/ => C:\Users\Atreya\.stmcufinder\plugins\mcufinder
2026-03-05 22:11:45,432 [INFO] ApiDb:250 - Set database path to: C:\Users\Atreya\.stmcufinder\plugins\mcufinder//mcu/
2026-03-05 22:11:45,432 [WARN] DbFile:41 - Overriding database path with different value: C:\Users\Atreya\.stmcufinder\plugins\mcufinder/ => C:\Users\Atreya\.stmcufinder\plugins\mcufinder
2026-03-05 22:11:45,432 [INFO] DbMcusAds:125 - Set database path to: C:\Users\Atreya\.stmcufinder\plugins\mcufinder//mcu/
2026-03-05 22:11:45,433 [WARN] DbFile:41 - Overriding database path with different value: C:\Users\Atreya\.stmcufinder\plugins\mcufinder/ => C:\Users\Atreya\.stmcufinder\plugins\mcufinder
2026-03-05 22:11:45,433 [WARN] DbFile:41 - Overriding database path with different value: C:\Users\Atreya\.stmcufinder\plugins\mcufinder/ => C:\Users\Atreya\.stmcufinder\plugins\mcufinder
2026-03-05 22:11:45,433 [INFO] CrossReferenceDbSqlite:203 - Set database path to: C:\Users\Atreya\.stmcufinder\plugins\mcufinder//mcu/cs/
2026-03-05 22:11:45,447 [INFO] ApplicationProperties:184 - Using Application install path: C:\STM\STM32CubeIDE_1.19.0\STM32CubeIDE\plugins\com.st.stm32cube.common.mx_6.15.0.202507011659
2026-03-05 22:11:45,448 [INFO] PluginManage:196 - Search for loadable plugins [exclusion list=, ]
2026-03-05 22:11:45,449 [INFO] PluginManage:310 - Check plugin analytics
2026-03-05 22:11:45,632 [INFO] AnalyticsPlugin:253 - Accepted Software Licenses: 
2026-03-05 22:11:45,633 [INFO] AnalyticsPlugin:255 - Accepted CMSIS Pack Licenses: 
2026-03-05 22:11:45,633 [INFO] AnalyticsPlugin:257 - Accepted Firmware Licenses: FW.F4.1.28.0
2026-03-05 22:11:45,636 [INFO] PluginManage:359 - Loaded plugin analytics (category:tool,tabindex:-1)
2026-03-05 22:11:45,637 [INFO] PluginManage:310 - Check plugin cadmodel
2026-03-05 22:11:45,642 [INFO] CADModel:105 - Init CAD model plugin
2026-03-05 22:11:45,643 [INFO] PluginManage:359 - Loaded plugin cadmodel (category:power,tabindex:5)
2026-03-05 22:11:45,643 [INFO] PluginManage:310 - Check plugin clock
2026-03-05 22:11:45,655 [INFO] PluginManage:359 - Loaded plugin clock (category:base,tabindex:2)
2026-03-05 22:11:45,656 [INFO] PluginManage:310 - Check plugin ddr
2026-03-05 22:11:45,659 [INFO] PluginManage:359 - Loaded plugin ddr (category:tool,tabindex:6)
2026-03-05 22:11:45,659 [INFO] PluginManage:310 - Check plugin filemanager
2026-03-05 22:11:45,914 [INFO] PluginManage:359 - Loaded plugin filemanager (category:base,tabindex:10)
2026-03-05 22:11:45,915 [INFO] PluginManage:310 - Check plugin ipmanager
2026-03-05 22:11:45,925 [INFO] PluginManage:359 - Loaded plugin ipmanager (category:base,tabindex:5)
2026-03-05 22:11:45,926 [INFO] PluginManage:310 - Check plugin lpbam
2026-03-05 22:11:45,935 [INFO] PluginManage:359 - Loaded plugin lpbam (category:base,tabindex:0)
2026-03-05 22:11:45,936 [INFO] PluginManage:310 - Check plugin memorymap
2026-03-05 22:11:45,953 [INFO] PluginManage:359 - Loaded plugin memorymap (category:base,tabindex:4)
2026-03-05 22:11:45,953 [INFO] PluginManage:310 - Check plugin pinoutandconfiguration
2026-03-05 22:11:45,959 [INFO] PluginManage:359 - Loaded plugin pinoutandconfiguration (category:base,tabindex:1)
2026-03-05 22:11:45,960 [INFO] PluginManage:310 - Check plugin pinoutconfig
2026-03-05 22:11:46,040 [WARN] SupportedApi:132 - Cannot load RTOS API schema: s4s-elt-must-match.1: The content of 'definitions' must match (annotation?, (simpleType | complexType)?, (unique | key | keyref)*)). A problem was found starting at: attribute.
2026-03-05 22:11:46,136 [INFO] PluginManage:359 - Loaded plugin pinoutconfig (category:base,tabindex:0)
2026-03-05 22:11:46,136 [INFO] PluginManage:310 - Check plugin power
2026-03-05 22:11:46,142 [INFO] PluginManage:359 - Loaded plugin power (category:power,tabindex:4)
2026-03-05 22:11:46,142 [INFO] PluginManage:310 - Check plugin projectmanager
2026-03-05 22:11:46,159 [INFO] PluginManage:359 - Loaded plugin projectmanager (category:projectmanager,tabindex:4)
2026-03-05 22:11:46,159 [INFO] PluginManage:310 - Check plugin rif
2026-03-05 22:11:46,165 [INFO] PluginManage:359 - Loaded plugin rif (category:base,tabindex:3)
2026-03-05 22:11:46,166 [INFO] PluginManage:310 - Check plugin thirdparty
2026-03-05 22:11:46,303 [INFO] PluginManage:359 - Loaded plugin thirdparty (category:base,tabindex:-1)
2026-03-05 22:11:46,303 [INFO] PluginManage:310 - Check plugin tools
2026-03-05 22:11:46,303 [WARN] IntegrityCheckThread:84 - waiting for thirdparty lock release [integrity check]
2026-03-05 22:11:46,307 [INFO] PluginManage:359 - Loaded plugin tools (category:base,tabindex:7)
2026-03-05 22:11:46,307 [INFO] PluginManage:310 - Check plugin tutovideos
2026-03-05 22:11:46,307 [INFO] IntegrityCheckThread:86 - entering critical section [integrity check]
2026-03-05 22:11:46,312 [INFO] ThirdPartyUpdaterWithRetryManager:70 - Updater plugin not ready yet. [1/15]
2026-03-05 22:11:46,481 [INFO] PluginManage:359 - Loaded plugin tutovideos (category:base,tabindex:-1)
2026-03-05 22:11:46,481 [INFO] PluginManage:310 - Check plugin updater
2026-03-05 22:11:46,516 [INFO] PluginManage:359 - Loaded plugin updater (category:base,tabindex:12)
2026-03-05 22:11:46,516 [INFO] PluginManage:310 - Check plugin userauth
2026-03-05 22:11:46,519 [INFO] UserAuth:118 - Init User Auth plugin
2026-03-05 22:11:46,522 [INFO] PluginManage:359 - Loaded plugin userauth (category:base,tabindex:14)
2026-03-05 22:11:46,522 [INFO] PluginManage:283 - PluginManage : Loaded plugins [18]
2026-03-05 22:11:46,757 [INFO] PinOutPanel:1589 - setPackage(No Configuration,No Configuration)
2026-03-05 22:11:46,838 [INFO] CADModel:165 - CPN selected for project level
2026-03-05 22:11:46,838 [INFO] CADModel:114 - Register for checkConnection events
2026-03-05 22:11:46,852 [INFO] IPUIPlugin:80 - create IPUIPlugin
2026-03-05 22:11:46,852 [INFO] PluginManager:220 - loadIPPluginJar : add adc
2026-03-05 22:11:46,855 [INFO] IPUIPlugin:80 - create IPUIPlugin
2026-03-05 22:11:46,856 [INFO] PluginManager:220 - loadIPPluginJar : add aes
2026-03-05 22:11:46,860 [INFO] IPUIPlugin:80 - create IPUIPlugin
2026-03-05 22:11:46,860 [INFO] PluginManager:220 - loadIPPluginJar : add can
2026-03-05 22:11:46,862 [INFO] IPUIPlugin:80 - create IPUIPlugin
2026-03-05 22:11:46,862 [INFO] PluginManager:220 - loadIPPluginJar : add comp
2026-03-05 22:11:46,864 [INFO] IPUIPlugin:80 - create IPUIPlugin
2026-03-05 22:11:46,864 [INFO] PluginManager:220 - loadIPPluginJar : add cryp
2026-03-05 22:11:46,866 [INFO] IPUIPlugin:80 - create IPUIPlugin
2026-03-05 22:11:46,866 [INFO] PluginManager:220 - loadIPPluginJar : add ddr_ctrl_phy
2026-03-05 22:11:46,868 [INFO] IPUIPlugin:80 - create IPUIPlugin
2026-03-05 22:11:46,868 [INFO] PluginManager:220 - loadIPPluginJar : add dfsdm
2026-03-05 22:11:46,873 [INFO] IPUIPlugin:80 - create IPUIPlugin
2026-03-05 22:11:46,873 [INFO] PluginManager:220 - loadIPPluginJar : add dma
2026-03-05 22:11:46,876 [INFO] IPUIPlugin:80 - create IPUIPlugin
2026-03-05 22:11:46,876 [INFO] PluginManager:220 - loadIPPluginJar : add dma3
2026-03-05 22:11:46,879 [INFO] IPUIPlugin:80 - create IPUIPlugin
2026-03-05 22:11:46,879 [INFO] PluginManager:220 - loadIPPluginJar : add extmemmanager
2026-03-05 22:11:46,880 [INFO] IPUIPlugin:80 - create IPUIPlugin
2026-03-05 22:11:46,880 [INFO] PluginManager:220 - loadIPPluginJar : add fatfs
2026-03-05 22:11:46,883 [INFO] IPUIPlugin:80 - create IPUIPlugin
2026-03-05 22:11:46,883 [INFO] PluginManager:220 - loadIPPluginJar : add fmc
2026-03-05 22:11:46,888 [INFO] IPUIPlugin:80 - create IPUIPlugin
2026-03-05 22:11:46,888 [INFO] PluginManager:220 - loadIPPluginJar : add freertos
2026-03-05 22:11:46,890 [INFO] IPUIPlugin:80 - create IPUIPlugin
2026-03-05 22:11:46,890 [INFO] PluginManager:220 - loadIPPluginJar : add genericplugin
2026-03-05 22:11:46,892 [INFO] IPUIPlugin:80 - create IPUIPlugin
2026-03-05 22:11:46,892 [INFO] PluginManager:220 - loadIPPluginJar : add gfxmmu
2026-03-05 22:11:46,895 [INFO] IPUIPlugin:80 - create IPUIPlugin
2026-03-05 22:11:46,896 [INFO] PluginManager:220 - loadIPPluginJar : add gic
2026-03-05 22:11:46,899 [INFO] IPUIPlugin:80 - create IPUIPlugin
2026-03-05 22:11:46,899 [INFO] PluginManager:220 - loadIPPluginJar : add gpio
2026-03-05 22:11:46,902 [INFO] IPUIPlugin:80 - create IPUIPlugin
2026-03-05 22:11:46,902 [INFO] PluginManager:220 - loadIPPluginJar : add gtzc
2026-03-05 22:11:46,904 [INFO] IPUIPlugin:80 - create IPUIPlugin
2026-03-05 22:11:46,904 [INFO] PluginManager:220 - loadIPPluginJar : add hash
2026-03-05 22:11:46,908 [INFO] IPUIPlugin:80 - create IPUIPlugin
2026-03-05 22:11:46,908 [INFO] PluginManager:220 - loadIPPluginJar : add i2c
2026-03-05 22:11:46,911 [INFO] IPUIPlugin:80 - create IPUIPlugin
2026-03-05 22:11:46,911 [INFO] PluginManager:220 - loadIPPluginJar : add i2s
2026-03-05 22:11:46,913 [INFO] IPUIPlugin:80 - create IPUIPlugin
2026-03-05 22:11:46,913 [INFO] PluginManager:220 - loadIPPluginJar : add i3c
2026-03-05 22:11:46,916 [INFO] IPUIPlugin:80 - create IPUIPlugin
2026-03-05 22:11:46,916 [INFO] PluginManager:220 - loadIPPluginJar : add ipddr
2026-03-05 22:11:46,921 [INFO] IPUIPlugin:80 - create IPUIPlugin
2026-03-05 22:11:46,922 [INFO] PluginManager:220 - loadIPPluginJar : add linkedlist
2026-03-05 22:11:46,925 [INFO] IPUIPlugin:80 - create IPUIPlugin
2026-03-05 22:11:46,925 [INFO] PluginManager:220 - loadIPPluginJar : add lorawan
2026-03-05 22:11:46,927 [INFO] IPUIPlugin:80 - create IPUIPlugin
2026-03-05 22:11:46,927 [INFO] PluginManager:220 - loadIPPluginJar : add ltdc
2026-03-05 22:11:46,931 [INFO] IPUIPlugin:80 - create IPUIPlugin
2026-03-05 22:11:46,932 [INFO] PluginManager:220 - loadIPPluginJar : add mdma
2026-03-05 22:11:46,935 [INFO] IPUIPlugin:80 - create IPUIPlugin
2026-03-05 22:11:46,935 [INFO] PluginManager:220 - loadIPPluginJar : add nvic
2026-03-05 22:11:46,939 [INFO] IPUIPlugin:80 - create IPUIPlugin
2026-03-05 22:11:46,939 [INFO] PluginManager:220 - loadIPPluginJar : add opamp
2026-03-05 22:11:46,942 [INFO] IPUIPlugin:80 - create IPUIPlugin
2026-03-05 22:11:46,942 [INFO] PluginManager:220 - loadIPPluginJar : add openamp
2026-03-05 22:11:46,945 [INFO] IPUIPlugin:80 - create IPUIPlugin
2026-03-05 22:11:46,945 [INFO] PluginManager:220 - loadIPPluginJar : add pdm2pcm
2026-03-05 22:11:46,951 [INFO] IPUIPlugin:80 - create IPUIPlugin
2026-03-05 22:11:46,953 [INFO] PluginManager:220 - loadIPPluginJar : add plateformsettings
2026-03-05 22:11:46,957 [INFO] IPUIPlugin:80 - create IPUIPlugin
2026-03-05 22:11:46,957 [INFO] PluginManager:220 - loadIPPluginJar : add quadspi
2026-03-05 22:11:46,960 [INFO] IPUIPlugin:80 - create IPUIPlugin
2026-03-05 22:11:46,960 [INFO] PluginManager:220 - loadIPPluginJar : add radio
2026-03-05 22:11:46,963 [INFO] IPUIPlugin:80 - create IPUIPlugin
2026-03-05 22:11:46,963 [INFO] PluginManager:220 - loadIPPluginJar : add resmgrutility
2026-03-05 22:11:46,965 [INFO] IPUIPlugin:80 - create IPUIPlugin
2026-03-05 22:11:46,966 [INFO] PluginManager:220 - loadIPPluginJar : add sai
2026-03-05 22:11:46,968 [INFO] IPUIPlugin:80 - create IPUIPlugin
2026-03-05 22:11:46,968 [INFO] PluginManager:220 - loadIPPluginJar : add spi
2026-03-05 22:11:46,975 [INFO] IPUIPlugin:80 - create IPUIPlugin
2026-03-05 22:11:46,975 [INFO] PluginManager:220 - loadIPPluginJar : add stm32_wpan
2026-03-05 22:11:46,977 [INFO] IPUIPlugin:80 - create IPUIPlugin
2026-03-05 22:11:46,977 [INFO] PluginManager:220 - loadIPPluginJar : add tim
2026-03-05 22:11:46,981 [INFO] IPUIPlugin:80 - create IPUIPlugin
2026-03-05 22:11:46,981 [INFO] PluginManager:220 - loadIPPluginJar : add touchsensing
2026-03-05 22:11:46,984 [INFO] IPUIPlugin:80 - create IPUIPlugin
2026-03-05 22:11:46,984 [INFO] PluginManager:220 - loadIPPluginJar : add tracer_emb
2026-03-05 22:11:46,986 [INFO] IPUIPlugin:80 - create IPUIPlugin
2026-03-05 22:11:46,987 [INFO] PluginManager:220 - loadIPPluginJar : add ts
2026-03-05 22:11:46,989 [INFO] IPUIPlugin:80 - create IPUIPlugin
2026-03-05 22:11:46,989 [INFO] PluginManager:220 - loadIPPluginJar : add tsc
2026-03-05 22:11:46,991 [INFO] IPUIPlugin:80 - create IPUIPlugin
2026-03-05 22:11:46,991 [INFO] PluginManager:220 - loadIPPluginJar : add ucpd
2026-03-05 22:11:46,994 [INFO] IPUIPlugin:80 - create IPUIPlugin
2026-03-05 22:11:46,994 [INFO] PluginManager:220 - loadIPPluginJar : add usart
2026-03-05 22:11:46,997 [INFO] IPUIPlugin:80 - create IPUIPlugin
2026-03-05 22:11:46,998 [INFO] PluginManager:220 - loadIPPluginJar : add usbx
2026-03-05 22:11:47,125 [FATAL] Updater:351 - Updater called before beeing initialized
2026-03-05 22:11:47,166 [INFO] RulesReader:64 - Compatibility file has been processed (317 Rules)
2026-03-05 22:11:47,181 [INFO] RulesReader:64 - Compatibility file has been processed (317 Rules)
2026-03-05 22:11:47,189 [INFO] CADModel:165 - CPN selected for project level
2026-03-05 22:11:47,189 [INFO] CADModel:114 - Register for checkConnection events
2026-03-05 22:11:47,189 [FATAL] Updater:351 - Updater called before beeing initialized
2026-03-05 22:11:47,189 [ERROR] CADModel:125 - Updater not yet initialized, retry later 
2026-03-05 22:11:47,317 [FATAL] Updater:351 - Updater called before beeing initialized
2026-03-05 22:11:47,318 [INFO] CADModel:165 - CPN selected for project level
2026-03-05 22:11:47,318 [INFO] CADModel:114 - Register for checkConnection events
2026-03-05 22:11:47,318 [FATAL] Updater:351 - Updater called before beeing initialized
2026-03-05 22:11:47,318 [ERROR] CADModel:125 - Updater not yet initialized, retry later 
2026-03-05 22:11:47,321 [FATAL] Updater:351 - Updater called before beeing initialized
2026-03-05 22:11:47,433 [FATAL] Updater:351 - Updater called before beeing initialized
2026-03-05 22:11:47,436 [INFO] DbMcusAds:53 - JSON generation date=Wed Feb 18 20:02:49 IST 2026 (1771425169371)
2026-03-05 22:11:47,436 [FATAL] Updater:351 - Updater called before beeing initialized
2026-03-05 22:11:47,467 [WARN] DetailPanel:346 - Failed to get advertising image, set to default
2026-03-05 22:11:47,540 [FATAL] Updater:351 - Updater called before beeing initialized
2026-03-05 22:11:47,541 [FATAL] Updater:351 - Updater called before beeing initialized
2026-03-05 22:11:47,541 [FATAL] Updater:351 - Updater called before beeing initialized
2026-03-05 22:11:47,541 [WARN] DetailPanel:346 - Failed to get advertising image, set to default
2026-03-05 22:11:47,542 [FATAL] Updater:351 - Updater called before beeing initialized
2026-03-05 22:11:47,580 [ERROR] Updater:1198 - MainUpdater not yet initialized. External WinMGr cannot be set.
2026-03-05 22:11:47,581 [INFO] Updater:1134 - Updater Version found : 6.15.0
2026-03-05 22:11:47,594 [INFO] ApplicationProperties:184 - Using Application install path: C:\STM\STM32CubeIDE_1.19.0\STM32CubeIDE\plugins\com.st.stm32cube.common.mx_6.15.0.202507011659
2026-03-05 22:11:49,164 [ERROR] LogOutputStream:75 - [STDERR_REDIRECT] Mar 05, 2026 10:11:49 PM java.util.prefs.WindowsPreferences <init>
2026-03-05 22:11:49,165 [ERROR] LogOutputStream:75 - [STDERR_REDIRECT] WARNING: Could not open/create prefs root node Software\JavaSoft\Prefs at root 0xffffffff80000002. Windows RegCreateKeyEx(...) returned error code 5.
2026-03-05 22:11:49,165 [ERROR] LogOutputStream:75 - [STDERR_REDIRECT] 
2026-03-05 22:11:49,314 [INFO] ThirdPartyUpdaterWithRetryManager:70 - Updater plugin not ready yet. [2/15]
2026-03-05 22:11:49,519 [INFO] MainUpdater:2872 - connection check result : 10
2026-03-05 22:11:49,521 [INFO] MainUpdater:289 - Updater Check For Update Now.
2026-03-05 22:11:49,521 [INFO] MicroXplorer:498 - Change Database Version : DB.6.0.150
2026-03-05 22:11:49,528 [INFO] McuFinderGlobals:63 - Set McuFinder mode to 2 (CubeIDE integrated)
2026-03-05 22:11:49,529 [INFO] UserAuth:487 - Internet connection configuration mode: 1
2026-03-05 22:11:49,551 [INFO] JxBrowserEngine:152 - Initiate JxBrowser Engine with user profile folder
2026-03-05 22:11:49,746 [INFO] CheckServerUpdateThread:120 - End of CheckServer Thread
2026-03-05 22:11:50,236 [INFO] WebApp:169 - Instantiating new browser for Auth
2026-03-05 22:11:51,161 [INFO] WebApp:463 - Apply proxy settings
2026-03-05 22:11:51,162 [INFO] WebApp:548 - Chromium requires no authentication
2026-03-05 22:11:51,169 [INFO] WebApp:491 - Direct internet connection detected
2026-03-05 22:11:51,193 [INFO] WebApp:900 - Register for checkConnection events
2026-03-05 22:11:51,193 [INFO] WebApp:463 - Apply proxy settings
2026-03-05 22:11:51,194 [INFO] WebApp:548 - Chromium requires no authentication
2026-03-05 22:11:51,194 [INFO] WebApp:491 - Direct internet connection detected
2026-03-05 22:11:51,360 [INFO] WebApp:225 - Starting web application
2026-03-05 22:11:51,360 [INFO] WebApp:593 - Web application path used C:\STM\STM32CubeIDE_1.19.0\STM32CubeIDE\plugins\com.st.stm32cube.common.mx_6.15.0.202507011659\db\plugins\mcufinder\reactClient1\index.html
2026-03-05 22:11:51,479 [INFO] UserAuth:487 - Internet connection configuration mode: 1
2026-03-05 22:11:51,970 [INFO] WebApp:191 - Connection restablished
2026-03-05 22:11:52,886 [WARN] PackLoader:240 - Cannot read IP mode file for STMicroelectronics.FP-SNS-MOTENVWB1.1.4.0
2026-03-05 22:11:52,907 [WARN] PackLoader:240 - Cannot read IP mode file for STMicroelectronics.FP-ATR-ASTRA1.2.0.2
2026-03-05 22:11:52,919 [WARN] PackLoader:240 - Cannot read IP mode file for STMicroelectronics.X-CUBE-SMBUS.2.1.0
2026-03-05 22:11:52,931 [WARN] PackLoader:240 - Cannot read IP mode file for STMicroelectronics.X-CUBE-ST60.1.0.0
2026-03-05 22:11:52,986 [WARN] PackLoader:240 - Cannot read IP mode file for STMicroelectronics.X-CUBE-AZRTOS-F7.1.1.0
2026-03-05 22:11:53,008 [WARN] PackLoader:240 - Cannot read IP mode file for Cesanta.I-CUBE-Mongoose.7.19.0
2026-03-05 22:11:53,015 [WARN] PackLoader:240 - Cannot read IP mode file for STMicroelectronics.FP-SNS-MOTENV1.5.1.0
2026-03-05 22:11:53,031 [WARN] PackLoader:240 - Cannot read IP mode file for WES.I-CUBE-Cesium.1.4.0
2026-03-05 22:11:53,091 [WARN] PackLoader:240 - Cannot read IP mode file for Infineon.AIROC-Wi-Fi-Bluetooth-STM32.1.7.1
2026-03-05 22:11:53,233 [WARN] PackLoader:240 - Cannot read IP mode file for STMicroelectronics.X-CUBE-AZRTOS-H7.3.4.0
2026-03-05 22:11:53,250 [WARN] PackLoader:240 - Cannot read IP mode file for STMicroelectronics.X-CUBE-DISPLAY.3.0.0
2026-03-05 22:11:53,265 [WARN] PackLoader:240 - Cannot read IP mode file for STMicroelectronics.FP-SNS-MOTENVWB1.1.5.0
2026-03-05 22:11:53,281 [WARN] PackLoader:240 - Cannot read IP mode file for STMicroelectronics.X-CUBE-NFC10.1.0.0
2026-03-05 22:11:53,297 [WARN] PackLoader:240 - Cannot read IP mode file for STMicroelectronics.X-CUBE-ST60.1.1.0
2026-03-05 22:11:53,309 [WARN] PackLoader:240 - Cannot read IP mode file for emotas.I-CUBE-CANOPEN.1.3.0
2026-03-05 22:11:53,316 [WARN] PackLoader:240 - Cannot read IP mode file for STMicroelectronics.X-CUBE-GNSS1.7.1.0
2026-03-05 22:11:53,337 [WARN] PackLoader:240 - Cannot read IP mode file for STMicroelectronics.FP-SNS-STBOX1.2.1.0
2026-03-05 22:11:53,365 [WARN] PackLoader:240 - Cannot read IP mode file for STMicroelectronics.FP-SNS-SMARTAG2.1.2.0
2026-03-05 22:11:53,373 [WARN] PackLoader:240 - Cannot read IP mode file for STMicroelectronics.FP-SNS-FLIGHT1.5.1.0
2026-03-05 22:11:53,389 [INFO] LogOutputStream:77 - [STDOUT_REDIRECT] 1 : Invalid condition id : UX_CORESTACK_Condition cause : null
2026-03-05 22:11:53,390 [INFO] LogOutputStream:77 - [STDOUT_REDIRECT] 1 : Invalid condition id : UX_CORESTACK_Condition cause : null
2026-03-05 22:11:53,392 [INFO] LogOutputStream:77 - [STDOUT_REDIRECT] 1 : Invalid condition id : UX_CORESTACK_Condition cause : null
2026-03-05 22:11:53,393 [INFO] LogOutputStream:77 - [STDOUT_REDIRECT] 1 : Invalid condition id : UX_CORESTACK_Condition cause : null
2026-03-05 22:11:53,395 [INFO] LogOutputStream:77 - [STDOUT_REDIRECT] 1 : Invalid condition id : UX_CORESTACK_Condition cause : null
2026-03-05 22:11:53,399 [WARN] PackLoader:240 - Cannot read IP mode file for STMicroelectronics.X-CUBE-AZRTOS-WL.2.0.0
2026-03-05 22:11:53,405 [WARN] PackLoader:240 - Cannot read IP mode file for STMicroelectronics.FP-SNS-MOTENV1.5.0.0
2026-03-05 22:11:53,434 [WARN] PackLoader:240 - Cannot read IP mode file for STMicroelectronics.X-CUBE-AZRTOS-H7RS.1.2.0
2026-03-05 22:11:53,461 [WARN] PackLoader:240 - Cannot read IP mode file for STMicroelectronics.X-CUBE-BLE2.3.3.0
2026-03-05 22:11:53,513 [WARN] PackLoader:240 - Cannot read IP mode file for STMicroelectronics.X-CUBE-NFC9.1.0.0
2026-03-05 22:11:53,530 [WARN] PackLoader:240 - Cannot read IP mode file for wolfSSL.I-CUBE-wolfSSL.5.8.2
2026-03-05 22:11:53,536 [WARN] PackLoader:240 - Cannot read IP mode file for STMicroelectronics.X-CUBE-BLE1.7.1.0
2026-03-05 22:11:53,543 [WARN] PackLoader:240 - Cannot read IP mode file for wolfSSL.I-CUBE-wolfMQTT.1.19.2
2026-03-05 22:11:53,554 [WARN] PackLoader:240 - Cannot read IP mode file for STMicroelectronics.X-CUBE-FREERTOS.1.4.0
2026-03-05 22:11:53,564 [WARN] PackLoader:240 - Cannot read IP mode file for STMicroelectronics.X-CUBE-EEPRMA1.5.2.0
2026-03-05 22:11:53,727 [WARN] PackLoader:240 - Cannot read IP mode file for STMicroelectronics.X-CUBE-ST67W61.1.1.0
2026-03-05 22:11:54,018 [WARN] PackLoader:240 - Cannot read IP mode file for STMicroelectronics.X-CUBE-MEMS1.12.0.0
2026-03-05 22:11:54,368 [WARN] PackLoader:240 - Cannot read IP mode file for STMicroelectronics.X-CUBE-AZRTOS-G0.1.1.0
2026-03-05 22:11:54,378 [WARN] PackLoader:240 - Cannot read IP mode file for STMicroelectronics.X-CUBE-SAFEA1.1.2.2
2026-03-05 22:11:54,384 [WARN] PackLoader:240 - Cannot read IP mode file for STMicroelectronics.X-CUBE-NFC4.3.0.0
2026-03-05 22:11:54,400 [WARN] PackLoader:240 - Cannot read IP mode file for EmbeddedOffice.I-CUBE-FS-RTOS.1.0.1
2026-03-05 22:11:54,415 [WARN] PackLoader:240 - Cannot read IP mode file for STMicroelectronics.X-CUBE-WB05N.2.0.0
2026-03-05 22:11:54,427 [WARN] PackLoader:240 - Cannot read IP mode file for wolfSSL.I-CUBE-wolfTPM.3.8.0
2026-03-05 22:11:54,445 [WARN] PackLoader:240 - Cannot read IP mode file for STMicroelectronics.X-CUBE-TCPP.4.2.0
2026-03-05 22:11:54,463 [WARN] PackLoader:240 - Cannot read IP mode file for RealThread.X-CUBE-RT-Thread_Nano.4.1.1
2026-03-05 22:11:54,479 [WARN] PackLoader:240 - Cannot read IP mode file for STMicroelectronics.FP-ATR-SIGFOX1.3.2.0
2026-03-05 22:11:54,487 [WARN] PackLoader:240 - Cannot read IP mode file for ITTIA_DB.I-CUBE-ITTIADB.8.9.0
2026-03-05 22:11:54,503 [WARN] PackLoader:240 - Cannot read IP mode file for STMicroelectronics.X-CUBE-NFC6.3.2.0
2026-03-05 22:11:54,518 [WARN] PackLoader:240 - Cannot read IP mode file for STMicroelectronics.X-CUBE-ST67W61.1.0.0
2026-03-05 22:11:54,530 [WARN] PackLoader:240 - Cannot read IP mode file for STMicroelectronics.X-CUBE-AI.10.2.0
2026-03-05 22:11:54,576 [WARN] PackLoader:240 - Cannot read IP mode file for SEGGER.I-CUBE-embOS.1.3.1
2026-03-05 22:11:54,718 [WARN] PackLoader:240 - Cannot read IP mode file for STMicroelectronics.X-CUBE-ALGOBUILD.1.4.0
2026-03-05 22:11:54,863 [WARN] PackLoader:240 - Cannot read IP mode file for STMicroelectronics.X-CUBE-MEMS1.11.3.0
2026-03-05 22:11:55,057 [WARN] PackLoader:240 - Cannot read IP mode file for STMicroelectronics.X-CUBE-PM33A1.1.0.0
2026-03-05 22:11:55,078 [WARN] PackLoader:240 - Cannot read IP mode file for STMicroelectronics.X-CUBE-AZRTOS-F4.1.1.0
2026-03-05 22:11:55,085 [WARN] PackLoader:240 - Cannot read IP mode file for STMicroelectronics.X-CUBE-ISPU.2.1.0
2026-03-05 22:11:55,133 [WARN] PackLoader:240 - Cannot read IP mode file for STMicroelectronics.X-CUBE-IPS.3.2.0
2026-03-05 22:11:55,153 [WARN] PackLoader:240 - Cannot read IP mode file for STMicroelectronics.X-CUBE-NFC12.1.0.0
2026-03-05 22:11:55,300 [WARN] PackLoader:240 - Cannot read IP mode file for STMicroelectronics.X-CUBE-AZRTOS-L5.2.0.0
2026-03-05 22:11:55,311 [WARN] PackLoader:240 - Cannot read IP mode file for STMicroelectronics.X-CUBE-NFC6.3.1.0
2026-03-05 22:11:55,328 [WARN] PackLoader:240 - Cannot read IP mode file for STMicroelectronics.X-CUBE-FREERTOS.1.3.1
2026-03-05 22:11:55,351 [WARN] PackLoader:240 - Cannot read IP mode file for STMicroelectronics.X-CUBE-TOUCHGFX.4.26.0
2026-03-05 22:11:55,379 [WARN] PackLoader:240 - Cannot read IP mode file for STMicroelectronics.FP-SNS-STAIOTCFT.1.0.0
2026-03-05 22:11:55,385 [WARN] PackLoader:240 - Cannot read IP mode file for STMicroelectronics.X-CUBE-DPower.1.3.0
2026-03-05 22:11:55,411 [WARN] ConditionMgr:438 - getConditionDescription Invalid condition id : LAN8742 Phy interface Condition cause : null
2026-03-05 22:11:55,413 [WARN] PackLoader:240 - Cannot read IP mode file for STMicroelectronics.X-CUBE-AZRTOS-L4.2.0.0
2026-03-05 22:11:55,415 [WARN] ConditionMgr:1044 - genDependencies : Invalid condition id : LAN8742 Phy interface Condition cause : null
2026-03-05 22:11:55,415 [WARN] ConditionMgr:1044 - genDependencies : Invalid condition id : LAN8742 Phy interface Condition cause : null
2026-03-05 22:11:55,417 [WARN] ConditionMgr:1044 - genDependencies : Invalid condition id : LAN8742 Phy interface Condition cause : null
2026-03-05 22:11:55,431 [WARN] PackLoader:240 - Cannot read IP mode file for STMicroelectronics.X-CUBE-SFXS2LP1.4.0.0
2026-03-05 22:11:55,458 [WARN] PackLoader:240 - Cannot read IP mode file for STMicroelectronics.X-CUBE-ST67W61.1.2.0
2026-03-05 22:11:55,469 [WARN] PackLoader:240 - Cannot read IP mode file for STMicroelectronics.X-CUBE-BLEMGR.4.1.0
2026-03-05 22:11:55,517 [WARN] ConditionMgr:438 - getConditionDescription Invalid condition id : UX DEVICE CLASS RTOS Condition cause : null
2026-03-05 22:11:55,517 [WARN] ConditionMgr:438 - getConditionDescription Invalid condition id : UX DEVICE CLASS RTOS Condition cause : null
2026-03-05 22:11:55,519 [WARN] PackLoader:240 - Cannot read IP mode file for STMicroelectronics.X-CUBE-AZRTOS-WB.2.0.0
2026-03-05 22:11:55,529 [WARN] ConditionMgr:1044 - genDependencies : Invalid condition id : UX DEVICE CLASS RTOS Condition cause : null
2026-03-05 22:11:55,529 [WARN] ConditionMgr:1044 - genDependencies : Invalid condition id : UX DEVICE CLASS RTOS Condition cause : null
2026-03-05 22:11:55,529 [WARN] ConditionMgr:1044 - genDependencies : Invalid condition id : UX DEVICE CLASS RTOS Condition cause : null
2026-03-05 22:11:55,529 [WARN] ConditionMgr:1044 - genDependencies : Invalid condition id : UX DEVICE CLASS RTOS Condition cause : null
2026-03-05 22:11:55,529 [WARN] ConditionMgr:1044 - genDependencies : Invalid condition id : UX DEVICE CLASS RTOS Condition cause : null
2026-03-05 22:11:55,549 [WARN] PackLoader:240 - Cannot read IP mode file for STMicroelectronics.X-CUBE-GNSS1.7.0.1
2026-03-05 22:11:55,565 [WARN] ConditionMgr:438 - getConditionDescription Invalid condition id : Cortex-A Device cause : null
2026-03-05 22:11:55,602 [WARN] ConditionMgr:1044 - genDependencies : Invalid condition id : Cortex-A Device cause : null
2026-03-05 22:11:55,602 [WARN] ConditionMgr:1044 - genDependencies : Invalid condition id : Cortex-A Device cause : null
2026-03-05 22:11:55,602 [WARN] ConditionMgr:1044 - genDependencies : Invalid condition id : Cortex-A Device cause : null
2026-03-05 22:11:55,610 [WARN] PackLoader:240 - Cannot read IP mode file for STMicroelectronics.X-CUBE-STSE01.2.0.0
2026-03-05 22:11:55,618 [WARN] PackLoader:240 - Cannot read IP mode file for STMicroelectronics.X-CUBE-SUBG2.5.0.0
2026-03-05 22:11:55,642 [WARN] PackLoader:240 - Cannot read IP mode file for STMicroelectronics.X-CUBE-AZRTOS-H7RS.1.1.0
2026-03-05 22:11:55,654 [WARN] PackLoader:240 - Cannot read IP mode file for STMicroelectronics.X-CUBE-AZRTOS-G4.2.0.0
2026-03-05 22:11:55,660 [WARN] PackLoader:240 - Cannot read IP mode file for wolfSSL.I-CUBE-wolfSSH.1.4.20
2026-03-05 22:11:55,664 [WARN] PackLoader:240 - Cannot read IP mode file for STMicroelectronics.X-CUBE-NFC7.2.0.0
2026-03-05 22:11:55,676 [WARN] PackLoader:240 - Cannot read IP mode file for STMicroelectronics.X-CUBE-IPS.3.1.0
2026-03-05 22:11:55,684 [WARN] PackLoader:240 - Cannot read IP mode file for STMicroelectronics.X-CUBE-ALS.1.0.2
2026-03-05 22:11:55,690 [WARN] PackLoader:240 - Cannot read IP mode file for STMicroelectronics.X-CUBE-STSE01.1.0.0
2026-03-05 22:11:55,700 [WARN] PackLoader:240 - Cannot read IP mode file for STMicroelectronics.X-CUBE-TOF1.3.4.3
2026-03-05 22:11:55,715 [INFO] ThirdParty:978 - Integrity check success = true
2026-03-05 22:11:55,715 [INFO] IntegrityCheckThread:100 - exiting critical section [integrity check]
2026-03-05 22:11:55,715 [INFO] IntegrityCheckThread:103 - End integrity checks thread
2026-03-05 22:19:40,364 [INFO] WebApp:194 - Connection lost
2026-03-05 22:19:40,993 [INFO] WebApp:191 - Connection restablished
2026-03-05 22:20:06,738 [INFO] WebApp:194 - Connection lost
2026-03-05 19:52:39,146 [INFO] WebApp:403 - JxBrowser engine has been closed 
